[0.215s] Invoking command in '/home/x4/ros2_ws/src/build/explore_lite': CMAKE_PREFIX_PATH=${CMAKE_PREFIX_PATH}:/opt/ros/humble /usr/bin/cmake /home/x4/ros2_ws/src/m-explore-ros2/explore -DCMAKE_INSTALL_PREFIX=/home/x4/ros2_ws/src/install/explore_lite
[0.417s] -- BuilD for ROS2: humble
[0.417s] -- Found ament_cmake: 1.3.11 (/opt/ros/humble/share/ament_cmake/cmake)
[0.725s] -- Override CMake install command with custom implementation using symlinks instead of copying resources
[0.760s] -- Found rclcpp: 16.0.11 (/opt/ros/humble/share/rclcpp/cmake)
[0.936s] -- Found rosidl_generator_c: 3.1.6 (/opt/ros/humble/share/rosidl_generator_c/cmake)
[0.943s] -- Found rosidl_adapter: 3.1.6 (/opt/ros/humble/share/rosidl_adapter/cmake)
[0.974s] -- Found rosidl_generator_cpp: 3.1.6 (/opt/ros/humble/share/rosidl_generator_cpp/cmake)
[1.015s] -- Using all available rosidl_typesupport_c: rosidl_typesupport_fastrtps_c;rosidl_typesupport_introspection_c
[1.070s] -- Using all available rosidl_typesupport_cpp: rosidl_typesupport_fastrtps_cpp;rosidl_typesupport_introspection_cpp
[1.209s] -- Found rmw_implementation_cmake: 6.1.2 (/opt/ros/humble/share/rmw_implementation_cmake/cmake)
[1.215s] -- Found rmw_fastrtps_cpp: 6.2.7 (/opt/ros/humble/share/rmw_fastrtps_cpp/cmake)
[1.693s] -- Using RMW implementation 'rmw_fastrtps_cpp' as default
[1.936s] -- Found sensor_msgs: 4.2.4 (/opt/ros/humble/share/sensor_msgs/cmake)
[2.029s] -- Found tf2_ros: 0.25.12 (/opt/ros/humble/share/tf2_ros/cmake)
[2.337s] -- Found tf2_geometry_msgs: 0.25.12 (/opt/ros/humble/share/tf2_geometry_msgs/cmake)
[2.350s] -- Found eigen3_cmake_module: 0.1.1 (/opt/ros/humble/share/eigen3_cmake_module/cmake)
[2.355s] -- Ensuring Eigen3 include directory is part of orocos-kdl CMake target
[2.360s] -- Found nav2_msgs: 1.1.18 (/opt/ros/humble/share/nav2_msgs/cmake)
[2.506s] -- Found map_msgs: 2.1.0 (/opt/ros/humble/share/map_msgs/cmake)
[2.555s] -- Found visualization_msgs: 4.2.4 (/opt/ros/humble/share/visualization_msgs/cmake)
[2.618s] -- Found nav2_costmap_2d: 1.1.18 (/opt/ros/humble/share/nav2_costmap_2d/cmake)
[3.027s] -- Found ament_lint_auto: 0.12.11 (/opt/ros/humble/share/ament_lint_auto/cmake)
[3.455s] -- Found ament_cmake_gtest: 1.3.11 (/opt/ros/humble/share/ament_cmake_gtest/cmake)
[3.461s] -- Found gtest sources under '/opt/ros/humble/src/gtest_vendor': C++ tests using 'Google Test' will be built
[3.607s] -- Added test 'cppcheck' to perform static code analysis on C / C++ code
[3.610s] -- Configured cppcheck include dirs: /home/x4/ros2_ws/src/m-explore-ros2/explore/include;$<BUILD_INTERFACE:/home/x4/ros2_ws/src/m-explore-ros2/explore/include>
[3.610s] -- Configured cppcheck exclude dirs and/or files: 
[3.612s] -- Added test 'flake8' to check Python code syntax and style conventions
[3.615s] -- Added test 'lint_cmake' to check CMake code style
[3.618s] -- Added test 'pep257' to check Python code against some of the docstring style conventions in PEP 257
[3.626s] -- Added test 'uncrustify' to check C / C++ code style
[3.626s] -- Configured uncrustify additional arguments: 
[3.628s] -- Added test 'xmllint' to check XML markup files
[3.648s] -- Configuring done
[4.327s] -- Generating done
[4.419s] -- Build files have been written to: /home/x4/ros2_ws/src/build/explore_lite
[4.475s] Invoked command in '/home/x4/ros2_ws/src/build/explore_lite' returned '0': CMAKE_PREFIX_PATH=${CMAKE_PREFIX_PATH}:/opt/ros/humble /usr/bin/cmake /home/x4/ros2_ws/src/m-explore-ros2/explore -DCMAKE_INSTALL_PREFIX=/home/x4/ros2_ws/src/install/explore_lite
[4.491s] Invoking command in '/home/x4/ros2_ws/src/build/explore_lite': CMAKE_PREFIX_PATH=${CMAKE_PREFIX_PATH}:/opt/ros/humble /usr/bin/cmake --build /home/x4/ros2_ws/src/build/explore_lite -- -j8 -l8
[4.853s] [35m[1mConsolidate compiler generated dependencies of target explore[0m
[5.053s] [ 10%] [32m[1mLinking CXX executable explore[0m
[14.278s] [ 40%] Built target explore
[14.311s] [35m[1mConsolidate compiler generated dependencies of target gtest[0m
[14.357s] [ 60%] Built target gtest
[14.392s] [35m[1mConsolidate compiler generated dependencies of target gtest_main[0m
[14.441s] [ 80%] Built target gtest_main
[14.483s] [35m[1mConsolidate compiler generated dependencies of target test_explore[0m
[14.543s] [100%] Built target test_explore
