[0.083s] Invoking command in '/home/x4/ros2_ws/src/build/explore_lite': CMAKE_PREFIX_PATH=${CMAKE_PREFIX_PATH}:/opt/ros/humble /usr/bin/cmake /home/x4/ros2_ws/src/m-explore-ros2/explore -DCMAKE_INSTALL_PREFIX=/home/x4/ros2_ws/src/install/explore_lite
[0.244s] -- The C compiler identification is GNU 11.4.0
[0.422s] -- The CXX compiler identification is GNU 11.4.0
[0.455s] -- Detecting C compiler ABI info
[0.682s] -- Detecting C compiler ABI info - done
[0.697s] -- Check for working C compiler: /usr/bin/cc - skipped
[0.698s] -- Detecting C compile features
[0.700s] -- Detecting C compile features - done
[0.707s] -- Detecting CXX compiler ABI info
[0.966s] -- Detecting CXX compiler ABI info - done
[1.006s] -- Check for working CXX compiler: /usr/bin/c++ - skipped
[1.008s] -- Detecting CXX compile features
[1.008s] -- Detecting CXX compile features - done
[1.015s] -- BuilD for ROS2: humble
[1.029s] -- Found ament_cmake: 1.3.11 (/opt/ros/humble/share/ament_cmake/cmake)
[1.622s] -- Found Python3: /usr/bin/python3 (found version "3.10.12") found components: Interpreter 
[2.000s] -- Found rclcpp: 16.0.11 (/opt/ros/humble/share/rclcpp/cmake)
[2.161s] -- Found rosidl_generator_c: 3.1.6 (/opt/ros/humble/share/rosidl_generator_c/cmake)
[2.183s] -- Found rosidl_adapter: 3.1.6 (/opt/ros/humble/share/rosidl_adapter/cmake)
[2.217s] -- Found rosidl_generator_cpp: 3.1.6 (/opt/ros/humble/share/rosidl_generator_cpp/cmake)
[2.257s] -- Using all available rosidl_typesupport_c: rosidl_typesupport_fastrtps_c;rosidl_typesupport_introspection_c
[2.311s] -- Using all available rosidl_typesupport_cpp: rosidl_typesupport_fastrtps_cpp;rosidl_typesupport_introspection_cpp
[2.464s] -- Found rmw_implementation_cmake: 6.1.2 (/opt/ros/humble/share/rmw_implementation_cmake/cmake)
[2.476s] -- Found rmw_fastrtps_cpp: 6.2.7 (/opt/ros/humble/share/rmw_fastrtps_cpp/cmake)
[2.771s] -- Found OpenSSL: /usr/lib/aarch64-linux-gnu/libcrypto.so (found version "3.0.2")  
[2.860s] -- Found FastRTPS: /opt/ros/humble/include  
[3.028s] -- Using RMW implementation 'rmw_fastrtps_cpp' as default
[3.068s] -- Looking for pthread.h
[3.304s] -- Looking for pthread.h - found
[3.304s] -- Performing Test CMAKE_HAVE_LIBC_PTHREAD
[3.502s] -- Performing Test CMAKE_HAVE_LIBC_PTHREAD - Success
[3.511s] -- Found Threads: TRUE  
[3.673s] -- Found sensor_msgs: 4.2.4 (/opt/ros/humble/share/sensor_msgs/cmake)
[3.756s] -- Found tf2_ros: 0.25.12 (/opt/ros/humble/share/tf2_ros/cmake)
[4.025s] -- Found tf2_geometry_msgs: 0.25.12 (/opt/ros/humble/share/tf2_geometry_msgs/cmake)
[4.076s] -- Found eigen3_cmake_module: 0.1.1 (/opt/ros/humble/share/eigen3_cmake_module/cmake)
[4.083s] -- Found Eigen3: TRUE (found version "3.4.0") 
[4.083s] -- Ensuring Eigen3 include directory is part of orocos-kdl CMake target
[4.093s] -- Found nav2_msgs: 1.1.18 (/opt/ros/humble/share/nav2_msgs/cmake)
[4.235s] -- Found map_msgs: 2.1.0 (/opt/ros/humble/share/map_msgs/cmake)
[4.285s] -- Found visualization_msgs: 4.2.4 (/opt/ros/humble/share/visualization_msgs/cmake)
[4.335s] -- Found nav2_costmap_2d: 1.1.18 (/opt/ros/humble/share/nav2_costmap_2d/cmake)
[5.021s] -- Found ament_lint_auto: 0.12.11 (/opt/ros/humble/share/ament_lint_auto/cmake)
[5.330s] -- Found ament_cmake_gtest: 1.3.11 (/opt/ros/humble/share/ament_cmake_gtest/cmake)
[5.341s] -- Found gtest sources under '/opt/ros/humble/src/gtest_vendor': C++ tests using 'Google Test' will be built
[5.394s] -- Added test 'cppcheck' to perform static code analysis on C / C++ code
[5.395s] -- Configured cppcheck include dirs: /home/x4/ros2_ws/src/m-explore-ros2/explore/include;$<BUILD_INTERFACE:/home/x4/ros2_ws/src/m-explore-ros2/explore/include>
[5.395s] -- Configured cppcheck exclude dirs and/or files: 
[5.398s] -- Added test 'flake8' to check Python code syntax and style conventions
[5.401s] -- Added test 'lint_cmake' to check CMake code style
[5.404s] -- Added test 'pep257' to check Python code against some of the docstring style conventions in PEP 257
[5.414s] -- Added test 'uncrustify' to check C / C++ code style
[5.415s] -- Configured uncrustify additional arguments: 
[5.421s] -- Added test 'xmllint' to check XML markup files
[5.444s] -- Configuring done
[5.876s] -- Generating done
[5.948s] -- Build files have been written to: /home/x4/ros2_ws/src/build/explore_lite
[6.081s] Invoked command in '/home/x4/ros2_ws/src/build/explore_lite' returned '0': CMAKE_PREFIX_PATH=${CMAKE_PREFIX_PATH}:/opt/ros/humble /usr/bin/cmake /home/x4/ros2_ws/src/m-explore-ros2/explore -DCMAKE_INSTALL_PREFIX=/home/x4/ros2_ws/src/install/explore_lite
[6.082s] Invoking command in '/home/x4/ros2_ws/src/build/explore_lite': CMAKE_PREFIX_PATH=${CMAKE_PREFIX_PATH}:/opt/ros/humble /usr/bin/cmake --build /home/x4/ros2_ws/src/build/explore_lite -- -j8 -l8
[27.409s] [ 20%] [32mBuilding CXX object CMakeFiles/explore.dir/src/explore.cpp.o[0m
[27.409s] [ 20%] [32mBuilding CXX object CMakeFiles/explore.dir/src/costmap_client.cpp.o[0m
[27.409s] [ 30%] [32mBuilding CXX object CMakeFiles/explore.dir/src/frontier_search.cpp.o[0m
[27.409s] [ 40%] [32mBuilding CXX object gtest/CMakeFiles/gtest_main.dir/src/gtest_main.cc.o[0m
[27.410s] [ 50%] [32mBuilding CXX object gtest/CMakeFiles/gtest.dir/src/gtest-all.cc.o[0m
[27.410s] [ 60%] [32m[1mLinking CXX static library libgtest_main.a[0m
[27.410s] [ 60%] Built target gtest_main
[35.872s] [ 70%] [32m[1mLinking CXX static library libgtest.a[0m
[36.640s] [ 70%] Built target gtest
[86.000s] [ 80%] [32m[1mLinking CXX executable explore[0m
[94.428s] [ 80%] Built target explore
[94.507s] [ 90%] [32mBuilding CXX object CMakeFiles/test_explore.dir/test/test_explore.cpp.o[0m
[98.160s] [100%] [32m[1mLinking CXX executable test_explore[0m
[99.259s] [100%] Built target test_explore
