[0.185s] Invoking command in '/home/x4/ros2_ws/src/build/explore_lite': CMAKE_PREFIX_PATH=${CMAKE_PREFIX_PATH}:/opt/ros/humble /usr/bin/cmake /home/x4/ros2_ws/src/m-explore-ros2/explore -DAMENT_CMAKE_SYMLINK_INSTALL=1 -DCMAKE_INSTALL_PREFIX=/home/x4/ros2_ws/src/install/explore_lite
[0.327s] -- BuilD for ROS2: humble
[0.328s] -- Found ament_cmake: 1.3.11 (/opt/ros/humble/share/ament_cmake/cmake)
[1.301s] -- Override CMake install command with custom implementation using symlinks instead of copying resources
[1.336s] -- Found rclcpp: 16.0.11 (/opt/ros/humble/share/rclcpp/cmake)
[1.469s] -- Found rosidl_generator_c: 3.1.6 (/opt/ros/humble/share/rosidl_generator_c/cmake)
[1.478s] -- Found rosidl_adapter: 3.1.6 (/opt/ros/humble/share/rosidl_adapter/cmake)
[1.498s] -- Found rosidl_generator_cpp: 3.1.6 (/opt/ros/humble/share/rosidl_generator_cpp/cmake)
[1.583s] -- Using all available rosidl_typesupport_c: rosidl_typesupport_fastrtps_c;rosidl_typesupport_introspection_c
[1.679s] -- Using all available rosidl_typesupport_cpp: rosidl_typesupport_fastrtps_cpp;rosidl_typesupport_introspection_cpp
[1.848s] -- Found rmw_implementation_cmake: 6.1.2 (/opt/ros/humble/share/rmw_implementation_cmake/cmake)
[1.870s] -- Found rmw_fastrtps_cpp: 6.2.7 (/opt/ros/humble/share/rmw_fastrtps_cpp/cmake)
[2.499s] -- Using RMW implementation 'rmw_fastrtps_cpp' as default
[2.827s] -- Found sensor_msgs: 4.2.4 (/opt/ros/humble/share/sensor_msgs/cmake)
[2.950s] -- Found tf2_ros: 0.25.12 (/opt/ros/humble/share/tf2_ros/cmake)
[3.479s] -- Found tf2_geometry_msgs: 0.25.12 (/opt/ros/humble/share/tf2_geometry_msgs/cmake)
[3.494s] -- Found eigen3_cmake_module: 0.1.1 (/opt/ros/humble/share/eigen3_cmake_module/cmake)
[3.499s] -- Ensuring Eigen3 include directory is part of orocos-kdl CMake target
[3.507s] -- Found nav2_msgs: 1.1.18 (/opt/ros/humble/share/nav2_msgs/cmake)
[3.657s] -- Found map_msgs: 2.1.0 (/opt/ros/humble/share/map_msgs/cmake)
[3.715s] -- Found visualization_msgs: 4.2.4 (/opt/ros/humble/share/visualization_msgs/cmake)
[3.791s] -- Found nav2_costmap_2d: 1.1.18 (/opt/ros/humble/share/nav2_costmap_2d/cmake)
[4.180s] -- Found ament_lint_auto: 0.12.11 (/opt/ros/humble/share/ament_lint_auto/cmake)
[4.541s] -- Found ament_cmake_gtest: 1.3.11 (/opt/ros/humble/share/ament_cmake_gtest/cmake)
[4.544s] -- Found gtest sources under '/opt/ros/humble/src/gtest_vendor': C++ tests using 'Google Test' will be built
[4.696s] -- Added test 'cppcheck' to perform static code analysis on C / C++ code
[4.705s] -- Configured cppcheck include dirs: /home/x4/ros2_ws/src/m-explore-ros2/explore/include;$<BUILD_INTERFACE:/home/x4/ros2_ws/src/m-explore-ros2/explore/include>
[4.705s] -- Configured cppcheck exclude dirs and/or files: 
[4.709s] -- Added test 'flake8' to check Python code syntax and style conventions
[4.710s] -- Added test 'lint_cmake' to check CMake code style
[4.714s] -- Added test 'pep257' to check Python code against some of the docstring style conventions in PEP 257
[4.717s] -- Added test 'uncrustify' to check C / C++ code style
[4.717s] -- Configured uncrustify additional arguments: 
[4.718s] -- Added test 'xmllint' to check XML markup files
[4.735s] -- Configuring done
[5.330s] -- Generating done
[5.440s] -- Build files have been written to: /home/x4/ros2_ws/src/build/explore_lite
