[0.176s] Invoking command in '/home/x4/ros2_ws/src/build/tracked_robot_controller': CMAKE_PREFIX_PATH=${CMAKE_PREFIX_PATH}:/opt/ros/humble /usr/bin/cmake /home/x4/ros2_ws/src/tracked_robot_controller -DAMENT_CMAKE_SYMLINK_INSTALL=1 -DCMAKE_INSTALL_PREFIX=/home/x4/ros2_ws/src/install/tracked_robot_controller
[0.350s] -- Found ament_cmake: 1.3.11 (/opt/ros/humble/share/ament_cmake/cmake)
[1.157s] -- Override CMake install command with custom implementation using symlinks instead of copying resources
[1.185s] -- Found rclcpp: 16.0.11 (/opt/ros/humble/share/rclcpp/cmake)
[1.318s] -- Found rosidl_generator_c: 3.1.6 (/opt/ros/humble/share/rosidl_generator_c/cmake)
[1.326s] -- Found rosidl_adapter: 3.1.6 (/opt/ros/humble/share/rosidl_adapter/cmake)
[1.345s] -- Found rosidl_generator_cpp: 3.1.6 (/opt/ros/humble/share/rosidl_generator_cpp/cmake)
[1.416s] -- Using all available rosidl_typesupport_c: rosidl_typesupport_fastrtps_c;rosidl_typesupport_introspection_c
[1.489s] -- Using all available rosidl_typesupport_cpp: rosidl_typesupport_fastrtps_cpp;rosidl_typesupport_introspection_cpp
[1.708s] -- Found rmw_implementation_cmake: 6.1.2 (/opt/ros/humble/share/rmw_implementation_cmake/cmake)
[1.725s] -- Found rmw_fastrtps_cpp: 6.2.7 (/opt/ros/humble/share/rmw_fastrtps_cpp/cmake)
[2.391s] -- Using RMW implementation 'rmw_fastrtps_cpp' as default
[2.552s] -- Found geometry_msgs: 4.2.4 (/opt/ros/humble/share/geometry_msgs/cmake)
[2.590s] -- Found nav_msgs: 4.2.4 (/opt/ros/humble/share/nav_msgs/cmake)
[2.716s] -- Found tf2: 0.25.12 (/opt/ros/humble/share/tf2/cmake)
[2.743s] -- Found tf2_ros: 0.25.12 (/opt/ros/humble/share/tf2_ros/cmake)
[3.602s] -- Configuring done
[3.708s] -- Generating done
[3.756s] -- Build files have been written to: /home/x4/ros2_ws/src/build/tracked_robot_controller
[3.824s] Invoked command in '/home/x4/ros2_ws/src/build/tracked_robot_controller' returned '0': CMAKE_PREFIX_PATH=${CMAKE_PREFIX_PATH}:/opt/ros/humble /usr/bin/cmake /home/x4/ros2_ws/src/tracked_robot_controller -DAMENT_CMAKE_SYMLINK_INSTALL=1 -DCMAKE_INSTALL_PREFIX=/home/x4/ros2_ws/src/install/tracked_robot_controller
[3.825s] Invoking command in '/home/x4/ros2_ws/src/build/tracked_robot_controller': CMAKE_PREFIX_PATH=${CMAKE_PREFIX_PATH}:/opt/ros/humble /usr/bin/cmake --build /home/x4/ros2_ws/src/build/tracked_robot_controller -- -j8 -l8
[4.086s] [35m[1mConsolidate compiler generated dependencies of target cmd_vel_to_tracks[0m
[4.198s] [ 25%] [32m[1mLinking CXX executable cmd_vel_to_tracks[0m
[6.542s] [ 50%] Built target cmd_vel_to_tracks
[6.619s] [35m[1mConsolidate compiler generated dependencies of target track_odometry[0m
[6.753s] [ 75%] [32m[1mLinking CXX executable track_odometry[0m
[8.863s] [100%] Built target track_odometry
