[0.215s] Invoking command in '/home/x4/ros2_ws/src/build/multirobot_map_merge': CMAKE_PREFIX_PATH=${CMAKE_PREFIX_PATH}:/opt/ros/humble /usr/bin/cmake /home/x4/ros2_ws/src/m-explore-ros2/map_merge -DCMAKE_INSTALL_PREFIX=/home/x4/ros2_ws/src/install/multirobot_map_merge
[1.534s] -- Found ament_cmake: 1.3.11 (/opt/ros/humble/share/ament_cmake/cmake)
[1.534s] -- Override CMake install command with custom implementation using symlinks instead of copying resources
[1.534s] -- Found rclcpp: 16.0.11 (/opt/ros/humble/share/rclcpp/cmake)
[1.535s] -- Found rosidl_generator_c: 3.1.6 (/opt/ros/humble/share/rosidl_generator_c/cmake)
[1.535s] -- Found rosidl_adapter: 3.1.6 (/opt/ros/humble/share/rosidl_adapter/cmake)
[1.535s] -- Found rosidl_generator_cpp: 3.1.6 (/opt/ros/humble/share/rosidl_generator_cpp/cmake)
[1.535s] -- Using all available rosidl_typesupport_c: rosidl_typesupport_fastrtps_c;rosidl_typesupport_introspection_c
[1.535s] -- Using all available rosidl_typesupport_cpp: rosidl_typesupport_fastrtps_cpp;rosidl_typesupport_introspection_cpp
[1.603s] -- Found rmw_implementation_cmake: 6.1.2 (/opt/ros/humble/share/rmw_implementation_cmake/cmake)
[1.638s] -- Found rmw_fastrtps_cpp: 6.2.7 (/opt/ros/humble/share/rmw_fastrtps_cpp/cmake)
[2.101s] -- Using RMW implementation 'rmw_fastrtps_cpp' as default
[2.220s] -- Found geometry_msgs: 4.2.4 (/opt/ros/humble/share/geometry_msgs/cmake)
[2.249s] -- Found image_geometry: 3.2.1 (/opt/ros/humble/share/image_geometry/cmake)
[2.343s] -- Found map_msgs: 2.1.0 (/opt/ros/humble/share/map_msgs/cmake)
[2.445s] -- Found tf2_geometry_msgs: 0.25.12 (/opt/ros/humble/share/tf2_geometry_msgs/cmake)
[2.453s] -- Found eigen3_cmake_module: 0.1.1 (/opt/ros/humble/share/eigen3_cmake_module/cmake)
[2.456s] -- Ensuring Eigen3 include directory is part of orocos-kdl CMake target
[2.876s] -- Found ament_lint_auto: 0.12.11 (/opt/ros/humble/share/ament_lint_auto/cmake)
[3.326s] -- Found ament_cmake_gtest: 1.3.11 (/opt/ros/humble/share/ament_cmake_gtest/cmake)
[3.350s] Checking MD5 sum of /home/x4/ros2_ws/src/build/multirobot_map_merge/map00.pgm
[3.422s] /home/x4/ros2_ws/src/build/multirobot_map_merge/map00.pgm: OK
[3.450s] Checking MD5 sum of /home/x4/ros2_ws/src/build/multirobot_map_merge/map05.pgm
[3.544s] /home/x4/ros2_ws/src/build/multirobot_map_merge/map05.pgm: OK
[3.558s] Checking MD5 sum of /home/x4/ros2_ws/src/build/multirobot_map_merge/2011-08-09-12-22-52.pgm
[3.748s] /home/x4/ros2_ws/src/build/multirobot_map_merge/2011-08-09-12-22-52.pgm: OK
[3.777s] Checking MD5 sum of /home/x4/ros2_ws/src/build/multirobot_map_merge/2012-01-28-11-12-01.pgm
[3.944s] /home/x4/ros2_ws/src/build/multirobot_map_merge/2012-01-28-11-12-01.pgm: OK
[3.949s] -- Found gtest sources under '/opt/ros/humble/src/gtest_vendor': C++ tests using 'Google Test' will be built
[4.022s] -- Added test 'cppcheck' to perform static code analysis on C / C++ code
[4.024s] -- Configured cppcheck include dirs: /home/x4/ros2_ws/src/m-explore-ros2/map_merge/include;$<BUILD_INTERFACE:/home/x4/ros2_ws/src/m-explore-ros2/map_merge/include>
[4.025s] -- Configured cppcheck exclude dirs and/or files: 
[4.029s] -- Added test 'flake8' to check Python code syntax and style conventions
[4.036s] -- Added test 'lint_cmake' to check CMake code style
[4.040s] -- Added test 'pep257' to check Python code against some of the docstring style conventions in PEP 257
[4.045s] -- Added test 'uncrustify' to check C / C++ code style
[4.046s] -- Configured uncrustify additional arguments: 
[4.049s] -- Added test 'xmllint' to check XML markup files
[4.069s] -- Configuring done
[4.365s] -- Generating done
[4.444s] -- Build files have been written to: /home/x4/ros2_ws/src/build/multirobot_map_merge
[4.567s] Invoked command in '/home/x4/ros2_ws/src/build/multirobot_map_merge' returned '0': CMAKE_PREFIX_PATH=${CMAKE_PREFIX_PATH}:/opt/ros/humble /usr/bin/cmake /home/x4/ros2_ws/src/m-explore-ros2/map_merge -DCMAKE_INSTALL_PREFIX=/home/x4/ros2_ws/src/install/multirobot_map_merge
[4.571s] Invoking command in '/home/x4/ros2_ws/src/build/multirobot_map_merge': CMAKE_PREFIX_PATH=${CMAKE_PREFIX_PATH}:/opt/ros/humble /usr/bin/cmake --build /home/x4/ros2_ws/src/build/multirobot_map_merge -- -j8 -l8
[4.948s] [35m[1mConsolidate compiler generated dependencies of target combine_grids[0m
[5.065s] [ 33%] Built target combine_grids
[5.111s] [35m[1mConsolidate compiler generated dependencies of target gtest[0m
[5.222s] [ 50%] Built target gtest
[5.470s] [ 58%] [32mBuilding CXX object CMakeFiles/map_merge.dir/src/map_merge.cpp.o[0m
[8.661s] In file included from [01m[K/home/x4/ros2_ws/src/m-explore-ros2/map_merge/src/map_merge.cpp:44[m[K:
[8.662s] [01m[K/opt/ros/humble/include/tf2_geometry_msgs/tf2_geometry_msgs/tf2_geometry_msgs.h:35:2:[m[K [01;35m[Kwarning: [m[K#warning This header is obsolete, please include tf2_geometry_msgs/tf2_geometry_msgs.hpp instead [[01;35m[K]8;;https://gcc.gnu.org/onlinedocs/gcc/Warning-Options.html#index-Wcpp-Wcpp]8;;[m[K]
[8.662s]    35 | #[01;35m[Kwarning[m[K This header is obsolete, please include tf2_geometry_msgs/tf2_geometry_msgs.hpp instead
[8.662s]       |  [01;35m[K^~~~~~~[m[K
[45.281s] [32m[1mLinking CXX executable map_merge[0m
[48.276s] Built target map_merge
[48.302s] [35m[1mConsolidate compiler generated dependencies of target gtest_main[0m
[48.336s] Built target gtest_main
[48.365s] [35m[1mConsolidate compiler generated dependencies of target test_merging_pipeline[0m
[48.414s] Built target test_merging_pipeline
