[0.104s] Invoking command in '/home/x4/ros2_ws/src/build/tracked_robot_description': CMAKE_PREFIX_PATH=${CMAKE_PREFIX_PATH}:/opt/ros/humble /usr/bin/cmake /home/x4/ros2_ws/src/tracked_robot_description -DCMAKE_INSTALL_PREFIX=/home/x4/ros2_ws/src/install/tracked_robot_description
[0.308s] -- The C compiler identification is GNU 11.4.0
[0.478s] -- The CXX compiler identification is GNU 11.4.0
[0.500s] -- Detecting C compiler ABI info
[0.724s] -- Detecting C compiler ABI info - done
[0.748s] -- Check for working C compiler: /usr/bin/cc - skipped
[0.749s] -- Detecting C compile features
[0.750s] -- Detecting C compile features - done
[0.758s] -- Detecting CXX compiler ABI info
[0.988s] -- Detecting CXX compiler ABI info - done
[1.013s] -- Check for working CXX compiler: /usr/bin/c++ - skipped
[1.024s] -- Detecting CXX compile features
[1.024s] -- Detecting CXX compile features - done
[1.036s] -- Found ament_cmake: 1.3.11 (/opt/ros/humble/share/ament_cmake/cmake)
[1.529s] -- Found Python3: /usr/bin/python3 (found version "3.10.12") found components: Interpreter 
[2.073s] -- Configuring done
[2.088s] -- Generating done
[2.092s] -- Build files have been written to: /home/x4/ros2_ws/src/build/tracked_robot_description
[2.143s] Invoked command in '/home/x4/ros2_ws/src/build/tracked_robot_description' returned '0': CMAKE_PREFIX_PATH=${CMAKE_PREFIX_PATH}:/opt/ros/humble /usr/bin/cmake /home/x4/ros2_ws/src/tracked_robot_description -DCMAKE_INSTALL_PREFIX=/home/x4/ros2_ws/src/install/tracked_robot_description
[2.144s] Invoking command in '/home/x4/ros2_ws/src/build/tracked_robot_description': CMAKE_PREFIX_PATH=${CMAKE_PREFIX_PATH}:/opt/ros/humble /usr/bin/cmake --build /home/x4/ros2_ws/src/build/tracked_robot_description -- -j8 -l8
[5.156s] Invoked command in '/home/x4/ros2_ws/src/build/tracked_robot_description' returned '0': CMAKE_PREFIX_PATH=${CMAKE_PREFIX_PATH}:/opt/ros/humble /usr/bin/cmake --build /home/x4/ros2_ws/src/build/tracked_robot_description -- -j8 -l8
[5.188s] Invoking command in '/home/x4/ros2_ws/src/build/tracked_robot_description': CMAKE_PREFIX_PATH=${CMAKE_PREFIX_PATH}:/opt/ros/humble /usr/bin/cmake --install /home/x4/ros2_ws/src/build/tracked_robot_description
[5.721s] -- Install configuration: ""
[5.740s] -- Up-to-date: /home/x4/ros2_ws/src/install/tracked_robot_description/share/tracked_robot_description/urdf
[5.740s] -- Installing: /home/x4/ros2_ws/src/install/tracked_robot_description/share/tracked_robot_description/urdf/tracked_robot.urdf.xacro
[5.740s] -- Installing: /home/x4/ros2_ws/src/install/tracked_robot_description/share/tracked_robot_description/urdf/tracked_robot.urdf
[5.740s] -- Up-to-date: /home/x4/ros2_ws/src/install/tracked_robot_description/share/tracked_robot_description/launch
[5.741s] -- Installing: /home/x4/ros2_ws/src/install/tracked_robot_description/share/tracked_robot_description/launch/robot_state_publisher.launch.py
[5.741s] -- Installing: /home/x4/ros2_ws/src/install/tracked_robot_description/share/ament_index/resource_index/package_run_dependencies/tracked_robot_description
[5.741s] -- Installing: /home/x4/ros2_ws/src/install/tracked_robot_description/share/ament_index/resource_index/parent_prefix_path/tracked_robot_description
[5.741s] -- Installing: /home/x4/ros2_ws/src/install/tracked_robot_description/share/tracked_robot_description/environment/ament_prefix_path.sh
[5.741s] -- Installing: /home/x4/ros2_ws/src/install/tracked_robot_description/share/tracked_robot_description/environment/ament_prefix_path.dsv
[5.741s] -- Installing: /home/x4/ros2_ws/src/install/tracked_robot_description/share/tracked_robot_description/environment/path.sh
[5.741s] -- Installing: /home/x4/ros2_ws/src/install/tracked_robot_description/share/tracked_robot_description/environment/path.dsv
[5.741s] -- Installing: /home/x4/ros2_ws/src/install/tracked_robot_description/share/tracked_robot_description/local_setup.bash
[5.742s] -- Installing: /home/x4/ros2_ws/src/install/tracked_robot_description/share/tracked_robot_description/local_setup.sh
[5.742s] -- Installing: /home/x4/ros2_ws/src/install/tracked_robot_description/share/tracked_robot_description/local_setup.zsh
[5.742s] -- Installing: /home/x4/ros2_ws/src/install/tracked_robot_description/share/tracked_robot_description/local_setup.dsv
[5.742s] -- Installing: /home/x4/ros2_ws/src/install/tracked_robot_description/share/tracked_robot_description/package.dsv
[5.742s] -- Installing: /home/x4/ros2_ws/src/install/tracked_robot_description/share/ament_index/resource_index/packages/tracked_robot_description
[5.742s] -- Installing: /home/x4/ros2_ws/src/install/tracked_robot_description/share/tracked_robot_description/cmake/tracked_robot_descriptionConfig.cmake
[5.742s] -- Installing: /home/x4/ros2_ws/src/install/tracked_robot_description/share/tracked_robot_description/cmake/tracked_robot_descriptionConfig-version.cmake
[5.743s] -- Installing: /home/x4/ros2_ws/src/install/tracked_robot_description/share/tracked_robot_description/package.xml
[5.760s] Invoked command in '/home/x4/ros2_ws/src/build/tracked_robot_description' returned '0': CMAKE_PREFIX_PATH=${CMAKE_PREFIX_PATH}:/opt/ros/humble /usr/bin/cmake --install /home/x4/ros2_ws/src/build/tracked_robot_description
