-- The C compiler identification is GNU 11.4.0
-- The CXX compiler identification is GNU 11.4.0
-- Detecting C compiler ABI info
-- Detecting C compiler ABI info - done
-- Check for working C compiler: /usr/bin/cc - skipped
-- Detecting C compile features
-- Detecting C compile features - done
-- Detecting CXX compiler ABI info
-- Detecting CXX compiler ABI info - done
-- Check for working CXX compiler: /usr/bin/c++ - skipped
-- Detecting CXX compile features
-- Detecting CXX compile features - done
-- Found ament_cmake: 1.3.11 (/opt/ros/humble/share/ament_cmake/cmake)
-- Found Python3: /usr/bin/python3 (found version "3.10.12") found components: Interpreter 
-- Found rclcpp: 16.0.11 (/opt/ros/humble/share/rclcpp/cmake)
-- Found rosidl_generator_c: 3.1.6 (/opt/ros/humble/share/rosidl_generator_c/cmake)
-- Found rosidl_adapter: 3.1.6 (/opt/ros/humble/share/rosidl_adapter/cmake)
-- Found rosidl_generator_cpp: 3.1.6 (/opt/ros/humble/share/rosidl_generator_cpp/cmake)
-- Using all available rosidl_typesupport_c: rosidl_typesupport_fastrtps_c;rosidl_typesupport_introspection_c
-- Using all available rosidl_typesupport_cpp: rosidl_typesupport_fastrtps_cpp;rosidl_typesupport_introspection_cpp
-- Found rmw_implementation_cmake: 6.1.2 (/opt/ros/humble/share/rmw_implementation_cmake/cmake)
-- Found rmw_fastrtps_cpp: 6.2.7 (/opt/ros/humble/share/rmw_fastrtps_cpp/cmake)
-- Found OpenSSL: /usr/lib/aarch64-linux-gnu/libcrypto.so (found version "3.0.2")  
-- Found FastRTPS: /opt/ros/humble/include  
-- Using RMW implementation 'rmw_fastrtps_cpp' as default
-- Looking for pthread.h
-- Looking for pthread.h - found
-- Performing Test CMAKE_HAVE_LIBC_PTHREAD
-- Performing Test CMAKE_HAVE_LIBC_PTHREAD - Success
-- Found Threads: TRUE  
-- Found ros_gz_bridge: 0.244.16 (/opt/ros/humble/share/ros_gz_bridge/cmake)
-- Found Protobuf: /usr/lib/aarch64-linux-gnu/libprotobuf.so (found suitable version "3.12.4", minimum required is "3") 
-- Found Protobuf: /usr/lib/aarch64-linux-gnu/libprotobuf.so (found version "3.12.4") 
-- Found tf2_ros: 0.25.12 (/opt/ros/humble/share/tf2_ros/cmake)
-- Configuring done
-- Generating done
-- Build files have been written to: /home/x4/ros2_ws/src/build/minibot_simulation
-- Install configuration: ""
-- Installing: /home/x4/ros2_ws/src/install/minibot_simulation/share/minibot_simulation/launch
-- Installing: /home/x4/ros2_ws/src/install/minibot_simulation/share/minibot_simulation/launch/gz_bridge.launch.py
-- Installing: /home/x4/ros2_ws/src/install/minibot_simulation/share/minibot_simulation/launch/multi_camera_simplified.launch.py
-- Installing: /home/x4/ros2_ws/src/install/minibot_simulation/share/minibot_simulation/worlds
-- Installing: /home/x4/ros2_ws/src/install/minibot_simulation/share/minibot_simulation/worlds/empty.sdf
-- Installing: /home/x4/ros2_ws/src/install/minibot_simulation/share/minibot_simulation/worlds/simplified_crowded_world.sdf
-- Installing: /home/x4/ros2_ws/src/install/minibot_simulation/share/minibot_simulation/rviz
-- Installing: /home/x4/ros2_ws/src/install/minibot_simulation/share/minibot_simulation/rviz/sim.rviz
-- Installing: /home/x4/ros2_ws/src/install/minibot_simulation/share/minibot_simulation/rviz/multi_camera.rviz
-- Installing: /home/x4/ros2_ws/src/install/minibot_simulation/share/ament_index/resource_index/package_run_dependencies/minibot_simulation
-- Installing: /home/x4/ros2_ws/src/install/minibot_simulation/share/ament_index/resource_index/parent_prefix_path/minibot_simulation
-- Installing: /home/x4/ros2_ws/src/install/minibot_simulation/share/minibot_simulation/environment/ament_prefix_path.sh
-- Installing: /home/x4/ros2_ws/src/install/minibot_simulation/share/minibot_simulation/environment/ament_prefix_path.dsv
-- Installing: /home/x4/ros2_ws/src/install/minibot_simulation/share/minibot_simulation/environment/path.sh
-- Installing: /home/x4/ros2_ws/src/install/minibot_simulation/share/minibot_simulation/environment/path.dsv
-- Installing: /home/x4/ros2_ws/src/install/minibot_simulation/share/minibot_simulation/local_setup.bash
-- Installing: /home/x4/ros2_ws/src/install/minibot_simulation/share/minibot_simulation/local_setup.sh
-- Installing: /home/x4/ros2_ws/src/install/minibot_simulation/share/minibot_simulation/local_setup.zsh
-- Installing: /home/x4/ros2_ws/src/install/minibot_simulation/share/minibot_simulation/local_setup.dsv
-- Installing: /home/x4/ros2_ws/src/install/minibot_simulation/share/minibot_simulation/package.dsv
-- Installing: /home/x4/ros2_ws/src/install/minibot_simulation/share/ament_index/resource_index/packages/minibot_simulation
-- Installing: /home/x4/ros2_ws/src/install/minibot_simulation/share/minibot_simulation/cmake/minibot_simulationConfig.cmake
-- Installing: /home/x4/ros2_ws/src/install/minibot_simulation/share/minibot_simulation/cmake/minibot_simulationConfig-version.cmake
-- Installing: /home/x4/ros2_ws/src/install/minibot_simulation/share/minibot_simulation/package.xml
