[0.025s] Invoking command in '/home/x4/ros2_ws/src/build/minibot_simulation': CMAKE_PREFIX_PATH=${CMAKE_PREFIX_PATH}:/opt/ros/humble /usr/bin/cmake /home/x4/ros2_ws/src/minibot_simulation -DCMAKE_INSTALL_PREFIX=/home/x4/ros2_ws/src/install/minibot_simulation
[0.139s] -- The C compiler identification is GNU 11.4.0
[0.253s] -- The CXX compiler identification is GNU 11.4.0
[0.274s] -- Detecting C compiler ABI info
[0.426s] -- Detecting C compiler ABI info - done
[0.450s] -- Check for working C compiler: /usr/bin/cc - skipped
[0.451s] -- Detecting C compile features
[0.453s] -- Detecting C compile features - done
[0.463s] -- Detecting CXX compiler ABI info
[0.631s] -- Detecting CXX compiler ABI info - done
[0.657s] -- Check for working CXX compiler: /usr/bin/c++ - skipped
[0.658s] -- Detecting CXX compile features
[0.659s] -- Detecting CXX compile features - done
[0.675s] -- Found ament_cmake: 1.3.11 (/opt/ros/humble/share/ament_cmake/cmake)
[1.006s] -- Found Python3: /usr/bin/python3 (found version "3.10.12") found components: Interpreter 
[1.274s] -- Found rclcpp: 16.0.11 (/opt/ros/humble/share/rclcpp/cmake)
[1.395s] -- Found rosidl_generator_c: 3.1.6 (/opt/ros/humble/share/rosidl_generator_c/cmake)
[1.411s] -- Found rosidl_adapter: 3.1.6 (/opt/ros/humble/share/rosidl_adapter/cmake)
[1.434s] -- Found rosidl_generator_cpp: 3.1.6 (/opt/ros/humble/share/rosidl_generator_cpp/cmake)
[1.466s] -- Using all available rosidl_typesupport_c: rosidl_typesupport_fastrtps_c;rosidl_typesupport_introspection_c
[1.509s] -- Using all available rosidl_typesupport_cpp: rosidl_typesupport_fastrtps_cpp;rosidl_typesupport_introspection_cpp
[1.629s] -- Found rmw_implementation_cmake: 6.1.2 (/opt/ros/humble/share/rmw_implementation_cmake/cmake)
[1.639s] -- Found rmw_fastrtps_cpp: 6.2.7 (/opt/ros/humble/share/rmw_fastrtps_cpp/cmake)
[1.864s] -- Found OpenSSL: /usr/lib/aarch64-linux-gnu/libcrypto.so (found version "3.0.2")  
[1.929s] -- Found FastRTPS: /opt/ros/humble/include  
[2.026s] -- Using RMW implementation 'rmw_fastrtps_cpp' as default
[2.055s] -- Looking for pthread.h
[2.208s] -- Looking for pthread.h - found
[2.209s] -- Performing Test CMAKE_HAVE_LIBC_PTHREAD
[2.372s] -- Performing Test CMAKE_HAVE_LIBC_PTHREAD - Success
[2.375s] -- Found Threads: TRUE  
[2.522s] -- Found ros_gz_bridge: 0.244.16 (/opt/ros/humble/share/ros_gz_bridge/cmake)
[2.678s] -- Found Protobuf: /usr/lib/aarch64-linux-gnu/libprotobuf.so (found suitable version "3.12.4", minimum required is "3") 
[2.894s] -- Found Protobuf: /usr/lib/aarch64-linux-gnu/libprotobuf.so (found version "3.12.4") 
[3.639s] -- Found tf2_ros: 0.25.12 (/opt/ros/humble/share/tf2_ros/cmake)
[3.840s] -- Configuring done
[3.853s] -- Generating done
[3.858s] -- Build files have been written to: /home/x4/ros2_ws/src/build/minibot_simulation
[3.891s] Invoked command in '/home/x4/ros2_ws/src/build/minibot_simulation' returned '0': CMAKE_PREFIX_PATH=${CMAKE_PREFIX_PATH}:/opt/ros/humble /usr/bin/cmake /home/x4/ros2_ws/src/minibot_simulation -DCMAKE_INSTALL_PREFIX=/home/x4/ros2_ws/src/install/minibot_simulation
[3.896s] Invoking command in '/home/x4/ros2_ws/src/build/minibot_simulation': CMAKE_PREFIX_PATH=${CMAKE_PREFIX_PATH}:/opt/ros/humble /usr/bin/cmake --build /home/x4/ros2_ws/src/build/minibot_simulation -- -j8 -l8
[3.993s] Invoked command in '/home/x4/ros2_ws/src/build/minibot_simulation' returned '0': CMAKE_PREFIX_PATH=${CMAKE_PREFIX_PATH}:/opt/ros/humble /usr/bin/cmake --build /home/x4/ros2_ws/src/build/minibot_simulation -- -j8 -l8
[4.020s] Invoking command in '/home/x4/ros2_ws/src/build/minibot_simulation': CMAKE_PREFIX_PATH=${CMAKE_PREFIX_PATH}:/opt/ros/humble /usr/bin/cmake --install /home/x4/ros2_ws/src/build/minibot_simulation
[4.035s] -- Install configuration: ""
[4.036s] -- Installing: /home/x4/ros2_ws/src/install/minibot_simulation/share/minibot_simulation/launch
[4.036s] -- Installing: /home/x4/ros2_ws/src/install/minibot_simulation/share/minibot_simulation/launch/gz_bridge.launch.py
[4.037s] -- Installing: /home/x4/ros2_ws/src/install/minibot_simulation/share/minibot_simulation/launch/multi_camera_simplified.launch.py
[4.037s] -- Installing: /home/x4/ros2_ws/src/install/minibot_simulation/share/minibot_simulation/worlds
[4.037s] -- Installing: /home/x4/ros2_ws/src/install/minibot_simulation/share/minibot_simulation/worlds/empty.sdf
[4.038s] -- Installing: /home/x4/ros2_ws/src/install/minibot_simulation/share/minibot_simulation/worlds/simplified_crowded_world.sdf
[4.038s] -- Installing: /home/x4/ros2_ws/src/install/minibot_simulation/share/minibot_simulation/rviz
[4.038s] -- Installing: /home/x4/ros2_ws/src/install/minibot_simulation/share/minibot_simulation/rviz/sim.rviz
[4.039s] -- Installing: /home/x4/ros2_ws/src/install/minibot_simulation/share/minibot_simulation/rviz/multi_camera.rviz
[4.039s] -- Installing: /home/x4/ros2_ws/src/install/minibot_simulation/share/ament_index/resource_index/package_run_dependencies/minibot_simulation
[4.039s] -- Installing: /home/x4/ros2_ws/src/install/minibot_simulation/share/ament_index/resource_index/parent_prefix_path/minibot_simulation
[4.040s] -- Installing: /home/x4/ros2_ws/src/install/minibot_simulation/share/minibot_simulation/environment/ament_prefix_path.sh
[4.040s] -- Installing: /home/x4/ros2_ws/src/install/minibot_simulation/share/minibot_simulation/environment/ament_prefix_path.dsv
[4.040s] -- Installing: /home/x4/ros2_ws/src/install/minibot_simulation/share/minibot_simulation/environment/path.sh
[4.041s] -- Installing: /home/x4/ros2_ws/src/install/minibot_simulation/share/minibot_simulation/environment/path.dsv
[4.041s] -- Installing: /home/x4/ros2_ws/src/install/minibot_simulation/share/minibot_simulation/local_setup.bash
[4.041s] -- Installing: /home/x4/ros2_ws/src/install/minibot_simulation/share/minibot_simulation/local_setup.sh
[4.042s] -- Installing: /home/x4/ros2_ws/src/install/minibot_simulation/share/minibot_simulation/local_setup.zsh
[4.042s] -- Installing: /home/x4/ros2_ws/src/install/minibot_simulation/share/minibot_simulation/local_setup.dsv
[4.042s] -- Installing: /home/x4/ros2_ws/src/install/minibot_simulation/share/minibot_simulation/package.dsv
[4.042s] -- Installing: /home/x4/ros2_ws/src/install/minibot_simulation/share/ament_index/resource_index/packages/minibot_simulation
[4.042s] -- Installing: /home/x4/ros2_ws/src/install/minibot_simulation/share/minibot_simulation/cmake/minibot_simulationConfig.cmake
[4.043s] -- Installing: /home/x4/ros2_ws/src/install/minibot_simulation/share/minibot_simulation/cmake/minibot_simulationConfig-version.cmake
[4.043s] -- Installing: /home/x4/ros2_ws/src/install/minibot_simulation/share/minibot_simulation/package.xml
[4.047s] Invoked command in '/home/x4/ros2_ws/src/build/minibot_simulation' returned '0': CMAKE_PREFIX_PATH=${CMAKE_PREFIX_PATH}:/opt/ros/humble /usr/bin/cmake --install /home/x4/ros2_ws/src/build/minibot_simulation
