[0.144s] Invoking command in '/home/x4/ros2_ws/src/build/agv_proto': CMAKE_PREFIX_PATH=${CMAKE_PREFIX_PATH}:/opt/ros/humble /usr/bin/cmake /home/x4/ros2_ws/src/example_project/agv_proto -DCMAKE_INSTALL_PREFIX=/home/x4/ros2_ws/src/install/agv_proto
[0.358s] -- The C compiler identification is GNU 11.4.0
[0.542s] -- The CXX compiler identification is GNU 11.4.0
[0.561s] -- Detecting C compiler ABI info
[0.739s] -- Detecting C compiler ABI info - done
[0.764s] -- Check for working C compiler: /usr/bin/cc - skipped
[0.764s] -- Detecting C compile features
[0.766s] -- Detecting C compile features - done
[0.774s] -- Detecting CXX compiler ABI info
[0.966s] -- Detecting CXX compiler ABI info - done
[0.989s] -- Check for working CXX compiler: /usr/bin/c++ - skipped
[0.990s] -- Detecting CXX compile features
[0.994s] -- Detecting CXX compile features - done
[1.004s] -- Found ament_cmake: 1.3.11 (/opt/ros/humble/share/ament_cmake/cmake)
[1.395s] -- Found Python3: /usr/bin/python3 (found version "3.10.12") found components: Interpreter 
[1.714s] -- Found hardware_interface: 2.48.0 (/opt/ros/humble/share/hardware_interface/cmake)
[1.853s] -- Found rosidl_generator_c: 3.1.6 (/opt/ros/humble/share/rosidl_generator_c/cmake)
[1.873s] -- Found rosidl_adapter: 3.1.6 (/opt/ros/humble/share/rosidl_adapter/cmake)
[1.901s] -- Found rosidl_generator_cpp: 3.1.6 (/opt/ros/humble/share/rosidl_generator_cpp/cmake)
[1.937s] -- Using all available rosidl_typesupport_c: rosidl_typesupport_fastrtps_c;rosidl_typesupport_introspection_c
[1.987s] -- Using all available rosidl_typesupport_cpp: rosidl_typesupport_fastrtps_cpp;rosidl_typesupport_introspection_cpp
[2.521s] -- Found rmw_implementation_cmake: 6.1.2 (/opt/ros/humble/share/rmw_implementation_cmake/cmake)
[2.533s] -- Found rmw_fastrtps_cpp: 6.2.7 (/opt/ros/humble/share/rmw_fastrtps_cpp/cmake)
[2.610s] -- Found TinyXML2 via Config file: TinyXML2_DIR-NOTFOUND
[2.755s] -- Found OpenSSL: /usr/lib/aarch64-linux-gnu/libcrypto.so (found version "3.0.2")  
[2.764s] -- Found TinyXML2 via Config file: TinyXML2_DIR-NOTFOUND
[2.805s] -- Found FastRTPS: /opt/ros/humble/include  
[2.811s] -- Found TinyXML2 via Config file: TinyXML2_DIR-NOTFOUND
[2.829s] -- Found TinyXML2 via Config file: TinyXML2_DIR-NOTFOUND
[2.858s] -- Using RMW implementation 'rmw_fastrtps_cpp' as default
[2.894s] -- Looking for pthread.h
[3.062s] -- Looking for pthread.h - found
[3.063s] -- Performing Test CMAKE_HAVE_LIBC_PTHREAD
[3.238s] -- Performing Test CMAKE_HAVE_LIBC_PTHREAD - Success
[3.242s] -- Found Threads: TRUE  
[3.380s] -- Found ros_odrive_msg: 0.0.0 (/home/x4/ros2_ws/install/ros_odrive_msg/share/ros_odrive_msg/cmake)
[3.417s] -- Found angles: 1.15.0 (/opt/ros/humble/share/angles/cmake)
[3.427s] -- Found nav2_msgs: 1.1.18 (/opt/ros/humble/share/nav2_msgs/cmake)
[3.521s] -- Found rclcpp_action: 16.0.11 (/opt/ros/humble/share/rclcpp_action/cmake)
[3.617s] -- Found ament_lint_auto: 0.12.11 (/opt/ros/humble/share/ament_lint_auto/cmake)
[3.856s] -- Added test 'copyright' to check source files copyright and LICENSE
[3.861s] -- Added test 'cppcheck' to perform static code analysis on C / C++ code
[3.862s] -- Configured cppcheck include dirs: /home/x4/ros2_ws/src/example_project/agv_proto/include;$<BUILD_INTERFACE:/home/x4/ros2_ws/src/example_project/agv_proto/include>
[3.862s] -- Configured cppcheck exclude dirs and/or files: 
[3.867s] -- Added test 'cpplint' to check C / C++ code against the Google style
[3.867s] -- Configured cpplint exclude dirs and/or files: 
[3.870s] -- Added test 'flake8' to check Python code syntax and style conventions
[3.872s] -- Added test 'lint_cmake' to check CMake code style
[3.874s] -- Added test 'pep257' to check Python code against some of the docstring style conventions in PEP 257
[3.879s] -- Added test 'uncrustify' to check C / C++ code style
[3.879s] -- Configured uncrustify additional arguments: 
[3.882s] -- Added test 'xmllint' to check XML markup files
[3.889s] -- Configuring done
[4.179s] -- Generating done
[4.218s] -- Build files have been written to: /home/x4/ros2_ws/src/build/agv_proto
