--2025-03-16 01:19:25--  https://raw.githubusercontent.com/hrnr/m-explore-extra/master/map_merge/hector_maps/map00.pgm
Resolving raw.githubusercontent.com (raw.githubusercontent.com)... 2606:50c0:8002::154, 2606:50c0:8000::154, 2606:50c0:8001::154, ...
Connecting to raw.githubusercontent.com (raw.githubusercontent.com)|2606:50c0:8002::154|:443... connected.
HTTP request sent, awaiting response... 200 OK
Length: 4194362 (4.0M) [application/octet-stream]
Saving to: ‘/home/x4/ros2_ws/src/build/multirobot_map_merge/map00.pgm’

     0K .......... .......... .......... .......... ..........  1%  779K 5s
    50K .......... .......... .......... .......... ..........  2%  906K 5s
   100K .......... .......... .......... .......... ..........  3% 3.27M 4s
   150K .......... .......... .......... .......... ..........  4% 4.27M 3s
   200K .......... .......... .......... .......... ..........  6% 1.53M 3s
   250K .......... .......... .......... .......... ..........  7% 5.39M 2s
   300K .......... .......... .......... .......... ..........  8% 6.61M 2s
   350K .......... .......... .......... .......... ..........  9% 5.32M 2s
   400K .......... .......... .......... .......... .......... 10% 11.7M 2s
   450K .......... .......... .......... .......... .......... 12% 9.91M 2s
   500K .......... .......... .......... .......... .......... 13% 1.99M 2s
   550K .......... .......... .......... .......... .......... 14% 11.4M 1s
   600K .......... .......... .......... .......... .......... 15% 8.44M 1s
   650K .......... .......... .......... .......... .......... 17% 11.6M 1s
   700K .......... .......... .......... .......... .......... 18% 11.5M 1s
   750K .......... .......... .......... .......... .......... 19%  466K 1s
   800K .......... .......... .......... .......... .......... 20% 3.07M 1s
   850K .......... .......... .......... .......... .......... 21% 2.70M 1s
   900K .......... .......... .......... .......... .......... 23% 2.60M 1s
   950K .......... .......... .......... .......... .......... 24%  634K 2s
  1000K .......... .......... .......... .......... .......... 25% 3.95M 1s
  1050K .......... .......... .......... .......... .......... 26% 3.76M 1s
  1100K .......... .......... .......... .......... .......... 28% 4.83M 1s
  1150K .......... .......... .......... .......... .......... 29% 5.97M 1s
  1200K .......... .......... .......... .......... .......... 30% 4.83M 1s
  1250K .......... .......... .......... .......... .......... 31% 4.84M 1s
  1300K .......... .......... .......... .......... .......... 32%  635K 1s
  1350K .......... .......... .......... .......... .......... 34% 11.4M 1s
  1400K .......... .......... .......... .......... .......... 35% 3.09M 1s
  1450K .......... .......... .......... .......... .......... 36% 5.94M 1s
  1500K .......... .......... .......... .......... .......... 37% 6.36M 1s
  1550K .......... .......... .......... .......... .......... 39% 8.31M 1s
  1600K .......... .......... .......... .......... .......... 40% 6.84M 1s
  1650K .......... .......... .......... .......... .......... 41% 8.12M 1s
  1700K .......... .......... .......... .......... .......... 42% 5.94M 1s
  1750K .......... .......... .......... .......... .......... 43%  638K 1s
  1800K .......... .......... .......... .......... .......... 45% 2.70M 1s
  1850K .......... .......... .......... .......... .......... 46% 4.59M 1s
  1900K .......... .......... .......... .......... .......... 47% 4.37M 1s
  1950K .......... .......... .......... .......... .......... 48% 4.61M 1s
  2000K .......... .......... .......... .......... .......... 50% 5.03M 1s
  2050K .......... .......... .......... .......... .......... 51% 19.8M 1s
  2100K .......... .......... .......... .......... .......... 52%  569K 1s
  2150K .......... .......... .......... .......... .......... 53% 4.71M 1s
  2200K .......... .......... .......... .......... .......... 54% 3.30M 1s
  2250K .......... .......... .......... .......... .......... 56% 4.73M 1s
  2300K .......... .......... .......... .......... .......... 57% 4.68M 1s
  2350K .......... .......... .......... .......... .......... 58% 6.08M 1s
  2400K .......... .......... .......... .......... .......... 59%  631K 1s
  2450K .......... .......... .......... .......... .......... 61% 4.59M 1s
  2500K .......... .......... .......... .......... .......... 62% 2.86M 1s
  2550K .......... .......... .......... .......... .......... 63% 4.65M 1s
  2600K .......... .......... .......... .......... .......... 64% 6.26M 1s
  2650K .......... .......... .......... .......... .......... 65%  107M 1s
  2700K .......... .......... .......... .......... .......... 67% 3.31M 1s
  2750K .......... .......... .......... .......... .......... 68%  567K 1s
  2800K .......... .......... .......... .......... .......... 69% 4.99M 1s
  2850K .......... .......... .......... .......... .......... 70% 9.99M 1s
  2900K .......... .......... .......... .......... .......... 72%  100M 0s
  2950K .......... .......... .......... .......... .......... 73% 5.25M 0s
  3000K .......... .......... .......... .......... .......... 74% 1.83M 0s
  3050K .......... .......... .......... .......... .......... 75% 2.72M 0s
  3100K .......... .......... .......... .......... .......... 76% 2.73M 0s
  3150K .......... .......... .......... .......... .......... 78% 2.00M 0s
  3200K .......... .......... .......... .......... .......... 79% 2.29M 0s
  3250K .......... .......... .......... .......... .......... 80% 1.91M 0s
  3300K .......... .......... .......... .......... .......... 81% 2.09M 0s
  3350K .......... .......... .......... .......... .......... 83% 2.84M 0s
  3400K .......... .......... .......... .......... .......... 84% 2.32M 0s
  3450K .......... .......... .......... .......... .......... 85% 2.16M 0s
  3500K .......... .......... .......... .......... .......... 86% 2.33M 0s
  3550K .......... .......... .......... .......... .......... 87% 2.54M 0s
  3600K .......... .......... .......... .......... .......... 89% 2.37M 0s
  3650K .......... .......... .......... .......... .......... 90% 1.74M 0s
  3700K .......... .......... .......... .......... .......... 91%  595K 0s
  3750K .......... .......... .......... .......... .......... 92%  110M 0s
  3800K .......... .......... .......... .......... .......... 93%  123M 0s
  3850K .......... .......... .......... .......... .......... 95%  108M 0s
  3900K .......... .......... .......... .......... .......... 96% 1.77M 0s
  3950K .......... .......... .......... .......... .......... 97% 1.77M 0s
  4000K .......... .......... .......... .......... .......... 98% 1.43M 0s
  4050K .......... .......... .......... .......... ......    100% 1.97M=1.7s

2025-03-16 01:19:28 (2.30 MB/s) - ‘/home/x4/ros2_ws/src/build/multirobot_map_merge/map00.pgm’ saved [4194362/4194362]

--2025-03-16 01:19:28--  https://raw.githubusercontent.com/hrnr/m-explore-extra/master/map_merge/hector_maps/map05.pgm
Resolving raw.githubusercontent.com (raw.githubusercontent.com)... 2606:50c0:8001::154, 2606:50c0:8002::154, 2606:50c0:8003::154, ...
Connecting to raw.githubusercontent.com (raw.githubusercontent.com)|2606:50c0:8001::154|:443... connected.
HTTP request sent, awaiting response... 200 OK
Length: 4194362 (4.0M) [application/octet-stream]
Saving to: ‘/home/x4/ros2_ws/src/build/multirobot_map_merge/map05.pgm’

     0K .......... .......... .......... .......... ..........  1%  702K 6s
    50K .......... .......... .......... .......... ..........  2% 1014K 5s
   100K .......... .......... .......... .......... ..........  3% 3.42M 4s
   150K .......... .......... .......... .......... ..........  4% 4.61M 3s
   200K .......... .......... .......... .......... ..........  6% 1.52M 3s
   250K .......... .......... .......... .......... ..........  7% 5.56M 2s
   300K .......... .......... .......... .......... ..........  8% 6.68M 2s
   350K .......... .......... .......... .......... ..........  9% 7.35M 2s
   400K .......... .......... .......... .......... .......... 10% 6.63M 2s
   450K .......... .......... .......... .......... .......... 12% 9.11M 2s
   500K .......... .......... .......... .......... .......... 13% 2.03M 2s
   550K .......... .......... .......... .......... .......... 14% 9.22M 1s
   600K .......... .......... .......... .......... .......... 15% 13.9M 1s
   650K .......... .......... .......... .......... .......... 17% 11.6M 1s
   700K .......... .......... .......... .......... .......... 18% 11.5M 1s
   750K .......... .......... .......... .......... .......... 19%  240K 2s
   800K .......... .......... .......... .......... .......... 20% 93.6M 2s
   850K .......... .......... .......... .......... .......... 21%  163M 2s
   900K .......... .......... .......... .......... .......... 23%  127M 2s
   950K .......... .......... .......... .......... .......... 24%  142M 1s
  1000K .......... .......... .......... .......... .......... 25%  146M 1s
  1050K .......... .......... .......... .......... .......... 26%  138M 1s
  1100K .......... .......... .......... .......... .......... 28%  140M 1s
  1150K .......... .......... .......... .......... .......... 29%  805K 1s
  1200K .......... .......... .......... .......... .......... 30% 98.0M 1s
  1250K .......... .......... .......... .......... .......... 31%  155M 1s
  1300K .......... .......... .......... .......... .......... 32% 8.86M 1s
  1350K .......... .......... .......... .......... .......... 34% 2.67M 1s
  1400K .......... .......... .......... .......... .......... 35%  753K 1s
  1450K .......... .......... .......... .......... .......... 36%  110M 1s
  1500K .......... .......... .......... .......... .......... 37%  489K 1s
  1550K .......... .......... .......... .......... .......... 39%  110M 1s
  1600K .......... .......... .......... .......... .......... 40%  119M 1s
  1650K .......... .......... .......... .......... .......... 41%  150M 1s
  1700K .......... .......... .......... .......... .......... 42%  120M 1s
  1750K .......... .......... .......... .......... .......... 43%  139M 1s
  1800K .......... .......... .......... .......... .......... 45%  403K 1s
  1850K .......... .......... .......... .......... .......... 46%  102M 1s
  1900K .......... .......... .......... .......... .......... 47%  107M 1s
  1950K .......... .......... .......... .......... .......... 48%  151M 1s
  2000K .......... .......... .......... .......... .......... 50%  113M 1s
  2050K .......... .......... .......... .......... .......... 51%  114M 1s
  2100K .......... .......... .......... .......... .......... 52%  769K 1s
  2150K .......... .......... .......... .......... .......... 53% 75.7M 1s
  2200K .......... .......... .......... .......... .......... 54%  115M 1s
  2250K .......... .......... .......... .......... .......... 56% 4.67M 1s
  2300K .......... .......... .......... .......... .......... 57% 1.92M 1s
  2350K .......... .......... .......... .......... .......... 58%  588K 1s
  2400K .......... .......... .......... .......... .......... 59% 4.00M 1s
  2450K .......... .......... .......... .......... .......... 61% 4.57M 1s
  2500K .......... .......... .......... .......... .......... 62% 3.91M 1s
  2550K .......... .......... .......... .......... .......... 63% 4.15M 1s
  2600K .......... .......... .......... .......... .......... 64% 4.36M 1s
  2650K .......... .......... .......... .......... .......... 65% 11.8M 1s
  2700K .......... .......... .......... .......... .......... 67%  648K 1s
  2750K .......... .......... .......... .......... .......... 68% 5.29M 1s
  2800K .......... .......... .......... .......... .......... 69% 11.4M 1s
  2850K .......... .......... .......... .......... .......... 70%  119M 0s
  2900K .......... .......... .......... .......... .......... 72% 2.33M 0s
  2950K .......... .......... .......... .......... .......... 73% 2.30M 0s
  3000K .......... .......... .......... .......... .......... 74% 2.35M 0s
  3050K .......... .......... .......... .......... .......... 75% 1.74M 0s
  3100K .......... .......... .......... .......... .......... 76% 2.30M 0s
  3150K .......... .......... .......... .......... .......... 78% 2.38M 0s
  3200K .......... .......... .......... .......... .......... 79% 2.30M 0s
  3250K .......... .......... .......... .......... .......... 80% 2.27M 0s
  3300K .......... .......... .......... .......... .......... 81%  623K 0s
  3350K .......... .......... .......... .......... .......... 83%  116M 0s
  3400K .......... .......... .......... .......... .......... 84%  134M 0s
  3450K .......... .......... .......... .......... .......... 85% 3.98M 0s
  3500K .......... .......... .......... .......... .......... 86% 1.68M 0s
  3550K .......... .......... .......... .......... .......... 87% 1.77M 0s
  3600K .......... .......... .......... .......... .......... 89% 1.69M 0s
  3650K .......... .......... .......... .......... .......... 90% 1.72M 0s
  3700K .......... .......... .......... .......... .......... 91% 1.92M 0s
  3750K .......... .......... .......... .......... .......... 92% 1.71M 0s
  3800K .......... .......... .......... .......... .......... 93% 1.65M 0s
  3850K .......... .......... .......... .......... .......... 95% 1.39M 0s
  3900K .......... .......... .......... .......... .......... 96% 1.86M 0s
  3950K .......... .......... .......... .......... .......... 97% 1.63M 0s
  4000K .......... .......... .......... .......... .......... 98% 1.98M 0s
  4050K .......... .......... .......... .......... ......    100% 2.22M=1.8s

2025-03-16 01:19:33 (2.23 MB/s) - ‘/home/x4/ros2_ws/src/build/multirobot_map_merge/map05.pgm’ saved [4194362/4194362]

--2025-03-16 01:19:33--  https://raw.githubusercontent.com/hrnr/m-explore-extra/master/map_merge/gmapping_maps/2011-08-09-12-22-52.pgm
Resolving raw.githubusercontent.com (raw.githubusercontent.com)... 2606:50c0:8001::154, 2606:50c0:8003::154, 2606:50c0:8002::154, ...
Connecting to raw.githubusercontent.com (raw.githubusercontent.com)|2606:50c0:8001::154|:443... connected.
HTTP request sent, awaiting response... 200 OK
Length: 16000058 (15M) [application/octet-stream]
Saving to: ‘/home/x4/ros2_ws/src/build/multirobot_map_merge/2011-08-09-12-22-52.pgm’

     0K .......... .......... .......... .......... ..........  0% 1.09M 14s
    50K .......... .......... .......... .......... ..........  0% 1.52M 12s
   100K .......... .......... .......... .......... ..........  0% 4.98M 9s
   150K .......... .......... .......... .......... ..........  1% 6.84M 7s
   200K .......... .......... .......... .......... ..........  1% 2.31M 7s
   250K .......... .......... .......... .......... ..........  1% 8.65M 6s
   300K .......... .......... .......... .......... ..........  2% 10.1M 5s
   350K .......... .......... .......... .......... ..........  2% 11.5M 5s
   400K .......... .......... .......... .......... ..........  2% 8.91M 5s
   450K .......... .......... .......... .......... ..........  3% 3.01M 5s
   500K .......... .......... .......... .......... ..........  3% 11.2M 4s
   550K .......... .......... .......... .......... ..........  3% 11.4M 4s
   600K .......... .......... .......... .......... ..........  4% 11.5M 4s
   650K .......... .......... .......... .......... ..........  4%  428K 6s
   700K .......... .......... .......... .......... ..........  4% 3.09M 6s
   750K .......... .......... .......... .......... ..........  5%  109M 6s
   800K .......... .......... .......... .......... ..........  5% 6.92M 5s
   850K .......... .......... .......... .......... ..........  5%  810K 6s
   900K .......... .......... .......... .......... ..........  6% 5.84M 6s
   950K .......... .......... .......... .......... ..........  6% 2.97M 6s
  1000K .......... .......... .......... .......... ..........  6% 5.08M 6s
  1050K .......... .......... .......... .......... ..........  7% 6.50M 5s
  1100K .......... .......... .......... .......... ..........  7%  147M 5s
  1150K .......... .......... .......... .......... ..........  7%  827K 6s
  1200K .......... .......... .......... .......... ..........  7% 2.87M 6s
  1250K .......... .......... .......... .......... ..........  8% 4.61M 5s
  1300K .......... .......... .......... .......... ..........  8% 7.90M 5s
  1350K .......... .......... .......... .......... ..........  8%  125M 5s
  1400K .......... .......... .......... .......... ..........  9%  462K 6s
  1450K .......... .......... .......... .......... ..........  9% 9.38M 6s
  1500K .......... .......... .......... .......... ..........  9% 2.99M 6s
  1550K .......... .......... .......... .......... .......... 10%  110M 6s
  1600K .......... .......... .......... .......... .......... 10% 2.38M 6s
  1650K .......... .......... .......... .......... .......... 10%  155M 5s
  1700K .......... .......... .......... .......... .......... 11% 4.06M 5s
  1750K .......... .......... .......... .......... .......... 11%  788K 6s
  1800K .......... .......... .......... .......... .......... 11% 71.3M 5s
  1850K .......... .......... .......... .......... .......... 12% 1.92M 5s
  1900K .......... .......... .......... .......... .......... 12% 5.56M 5s
  1950K .......... .......... .......... .......... .......... 12% 7.69M 5s
  2000K .......... .......... .......... .......... .......... 13%  815K 6s
  2050K .......... .......... .......... .......... .......... 13% 1021K 6s
  2100K .......... .......... .......... .......... .......... 13%  103M 6s
  2150K .......... .......... .......... .......... .......... 14% 55.5M 5s
  2200K .......... .......... .......... .......... .......... 14% 1.20M 5s
  2250K .......... .......... .......... .......... .......... 14%  101M 5s
  2300K .......... .......... .......... .......... .......... 15%  119M 5s
  2350K .......... .......... .......... .......... .......... 15% 5.63M 5s
  2400K .......... .......... .......... .......... .......... 15% 2.29M 5s
  2450K .......... .......... .......... .......... .......... 15%  748K 5s
  2500K .......... .......... .......... .......... .......... 16% 4.37M 5s
  2550K .......... .......... .......... .......... .......... 16% 3.94M 5s
  2600K .......... .......... .......... .......... .......... 16% 5.31M 5s
  2650K .......... .......... .......... .......... .......... 17%  869K 5s
  2700K .......... .......... .......... .......... .......... 17% 4.08M 5s
  2750K .......... .......... .......... .......... .......... 17% 91.2M 5s
  2800K .......... .......... .......... .......... .......... 18% 5.45M 5s
  2850K .......... .......... .......... .......... .......... 18% 2.43M 5s
  2900K .......... .......... .......... .......... .......... 18% 1.84M 5s
  2950K .......... .......... .......... .......... .......... 19% 2.22M 5s
  3000K .......... .......... .......... .......... .......... 19% 1.85M 5s
  3050K .......... .......... .......... .......... .......... 19% 1.98M 5s
  3100K .......... .......... .......... .......... .......... 20% 1.93M 5s
  3150K .......... .......... .......... .......... .......... 20% 2.50M 5s
  3200K .......... .......... .......... .......... .......... 20% 2.25M 5s
  3250K .......... .......... .......... .......... .......... 21% 2.42M 5s
  3300K .......... .......... .......... .......... .......... 21% 1.86M 5s
  3350K .......... .......... .......... .......... .......... 21% 2.51M 5s
  3400K .......... .......... .......... .......... .......... 22% 1.68M 5s
  3450K .......... .......... .......... .......... .......... 22% 1.96M 5s
  3500K .......... .......... .......... .......... .......... 22% 2.95M 5s
  3550K .......... .......... .......... .......... .......... 23% 1.97M 5s
  3600K .......... .......... .......... .......... .......... 23% 2.20M 5s
  3650K .......... .......... .......... .......... .......... 23% 2.52M 5s
  3700K .......... .......... .......... .......... .......... 23% 2.28M 5s
  3750K .......... .......... .......... .......... .......... 24% 2.43M 5s
  3800K .......... .......... .......... .......... .......... 24% 1.66M 5s
  3850K .......... .......... .......... .......... .......... 24% 2.89M 5s
  3900K .......... .......... .......... .......... .......... 25% 2.10M 5s
  3950K .......... .......... .......... .......... .......... 25% 2.13M 5s
  4000K .......... .......... .......... .......... .......... 25% 2.61M 5s
  4050K .......... .......... .......... .......... .......... 26% 2.06M 5s
  4100K .......... .......... .......... .......... .......... 26% 2.74M 5s
  4150K .......... .......... .......... .......... .......... 26% 1.65M 5s
  4200K .......... .......... .......... .......... .......... 27% 3.00M 5s
  4250K .......... .......... .......... .......... .......... 27% 1.99M 5s
  4300K .......... .......... .......... .......... .......... 27% 2.93M 5s
  4350K .......... .......... .......... .......... .......... 28% 2.04M 5s
  4400K .......... .......... .......... .......... .......... 28% 2.43M 5s
  4450K .......... .......... .......... .......... .......... 28% 2.57M 5s
  4500K .......... .......... .......... .......... .......... 29% 2.35M 5s
  4550K .......... .......... .......... .......... .......... 29% 2.11M 5s
  4600K .......... .......... .......... .......... .......... 29% 2.12M 5s
  4650K .......... .......... .......... .......... .......... 30% 2.48M 5s
  4700K .......... .......... .......... .......... .......... 30% 2.59M 5s
  4750K .......... .......... .......... .......... .......... 30% 2.50M 4s
  4800K .......... .......... .......... .......... .......... 31% 2.64M 4s
  4850K .......... .......... .......... .......... .......... 31% 2.28M 4s
  4900K .......... .......... .......... .......... .......... 31% 2.07M 4s
  4950K .......... .......... .......... .......... .......... 31% 2.37M 4s
  5000K .......... .......... .......... .......... .......... 32% 2.69M 4s
  5050K .......... .......... .......... .......... .......... 32% 2.30M 4s
  5100K .......... .......... .......... .......... .......... 32%  722K 4s
  5150K .......... .......... .......... .......... .......... 33% 98.1M 4s
  5200K .......... .......... .......... .......... .......... 33% 1.94M 4s
  5250K .......... .......... .......... .......... .......... 33% 15.6M 4s
  5300K .......... .......... .......... .......... .......... 34% 1.87M 4s
  5350K .......... .......... .......... .......... .......... 34% 1.87M 4s
  5400K .......... .......... .......... .......... .......... 34% 1.70M 4s
  5450K .......... .......... .......... .......... .......... 35% 1.84M 4s
  5500K .......... .......... .......... .......... .......... 35% 2.00M 4s
  5550K .......... .......... .......... .......... .......... 35% 1.79M 4s
  5600K .......... .......... .......... .......... .......... 36% 1.90M 4s
  5650K .......... .......... .......... .......... .......... 36% 1.51M 4s
  5700K .......... .......... .......... .......... .......... 36% 1.90M 4s
  5750K .......... .......... .......... .......... .......... 37% 2.06M 4s
  5800K .......... .......... .......... .......... .......... 37% 1.87M 4s
  5850K .......... .......... .......... .......... .......... 37% 2.25M 4s
  5900K .......... .......... .......... .......... .......... 38% 1.77M 4s
  5950K .......... .......... .......... .......... .......... 38% 2.42M 4s
  6000K .......... .......... .......... .......... .......... 38% 1.83M 4s
  6050K .......... .......... .......... .......... .......... 39% 1.52M 4s
  6100K .......... .......... .......... .......... .......... 39% 2.12M 4s
  6150K .......... .......... .......... .......... .......... 39% 2.13M 4s
  6200K .......... .......... .......... .......... .......... 39% 1.89M 4s
  6250K .......... .......... .......... .......... .......... 40% 2.28M 4s
  6300K .......... .......... .......... .......... .......... 40% 2.03M 4s
  6350K .......... .......... .......... .......... .......... 40% 1.96M 4s
  6400K .......... .......... .......... .......... .......... 41% 2.27M 4s
  6450K .......... .......... .......... .......... .......... 41% 1.53M 4s
  6500K .......... .......... .......... .......... .......... 41% 2.20M 4s
  6550K .......... .......... .......... .......... .......... 42% 2.23M 4s
  6600K .......... .......... .......... .......... .......... 42% 1.84M 4s
  6650K .......... .......... .......... .......... .......... 42% 2.74M 4s
  6700K .......... .......... .......... .......... .......... 43% 1.95M 4s
  6750K .......... .......... .......... .......... .......... 43% 2.74M 4s
  6800K .......... .......... .......... .......... .......... 43% 1.91M 4s
  6850K .......... .......... .......... .......... .......... 44% 1.55M 4s
  6900K .......... .......... .......... .......... .......... 44% 2.76M 4s
  6950K .......... .......... .......... .......... .......... 44% 1.99M 4s
  7000K .......... .......... .......... .......... .......... 45% 2.31M 4s
  7050K .......... .......... .......... .......... .......... 45% 2.13M 4s
  7100K .......... .......... .......... .......... .......... 45% 2.41M 4s
  7150K .......... .......... .......... .......... .......... 46% 2.34M 4s
  7200K .......... .......... .......... .......... .......... 46% 1.97M 4s
  7250K .......... .......... .......... .......... .......... 46% 1.97M 4s
  7300K .......... .......... .......... .......... .......... 47% 2.16M 4s
  7350K .......... .......... .......... .......... .......... 47% 2.33M 4s
  7400K .......... .......... .......... .......... .......... 47% 2.48M 4s
  7450K .......... .......... .......... .......... .......... 47% 1.95M 4s
  7500K .......... .......... .......... .......... .......... 48% 2.90M 4s
  7550K .......... .......... .......... .......... .......... 48% 1.92M 4s
  7600K .......... .......... .......... .......... .......... 48% 2.98M 3s
  7650K .......... .......... .......... .......... .......... 49% 1.64M 3s
  7700K .......... .......... .......... .......... .......... 49% 1.98M 3s
  7750K .......... .......... .......... .......... .......... 49% 2.86M 3s
  7800K .......... .......... .......... .......... .......... 50% 2.12M 3s
  7850K .......... .......... .......... .......... .......... 50% 2.87M 3s
  7900K .......... .......... .......... .......... .......... 50% 2.09M 3s
  7950K .......... .......... .......... .......... .......... 51% 2.98M 3s
  8000K .......... .......... .......... .......... .......... 51% 1.99M 3s
  8050K .......... .......... .......... .......... .......... 51% 1.86M 3s
  8100K .......... .......... .......... .......... .......... 52% 2.57M 3s
  8150K .......... .......... .......... .......... .......... 52% 2.04M 3s
  8200K .......... .......... .......... .......... .......... 52% 2.93M 3s
  8250K .......... .......... .......... .......... .......... 53% 2.14M 3s
  8300K .......... .......... .......... .......... .......... 53% 3.02M 3s
  8350K .......... .......... .......... .......... .......... 53% 2.12M 3s
  8400K .......... .......... .......... .......... .......... 54% 3.18M 3s
  8450K .......... .......... .......... .......... .......... 54% 1.72M 3s
  8500K .......... .......... .......... .......... .......... 54% 2.80M 3s
  8550K .......... .......... .......... .......... .......... 55% 2.43M 3s
  8600K .......... .......... .......... .......... .......... 55% 2.57M 3s
  8650K .......... .......... .......... .......... .......... 55% 2.47M 3s
  8700K .......... .......... .......... .......... .......... 55% 2.68M 3s
  8750K .......... .......... .......... .......... .......... 56% 2.40M 3s
  8800K .......... .......... .......... .......... .......... 56% 2.73M 3s
  8850K .......... .......... .......... .......... .......... 56% 1.94M 3s
  8900K .......... .......... .......... .......... .......... 57% 2.45M 3s
  8950K .......... .......... .......... .......... .......... 57% 2.97M 3s
  9000K .......... .......... .......... .......... .......... 57% 2.46M 3s
  9050K .......... .......... .......... .......... .......... 58% 2.73M 3s
  9100K .......... .......... .......... .......... .......... 58% 2.54M 3s
  9150K .......... .......... .......... .......... .......... 58% 2.20M 3s
  9200K .......... .......... .......... .......... .......... 59% 2.08M 3s
  9250K .......... .......... .......... .......... .......... 59% 3.44M 3s
  9300K .......... .......... .......... .......... .......... 59% 2.55M 3s
  9350K .......... .......... .......... .......... .......... 60% 2.76M 3s
  9400K .......... .......... .......... .......... .......... 60% 2.53M 3s
  9450K .......... .......... .......... .......... .......... 60% 2.79M 3s
  9500K .......... .......... .......... .......... .......... 61% 2.45M 3s
  9550K .......... .......... .......... .......... .......... 61% 2.42M 3s
  9600K .......... .......... .......... .......... .......... 61% 2.29M 3s
  9650K .......... .......... .......... .......... .......... 62% 3.15M 3s
  9700K .......... .......... .......... .......... .......... 62% 2.34M 3s
  9750K .......... .......... .......... .......... .......... 62% 3.32M 3s
  9800K .......... .......... .......... .......... .......... 63% 2.24M 2s
  9850K .......... .......... .......... .......... .......... 63% 3.47M 2s
  9900K .......... .......... .......... .......... .......... 63% 2.21M 2s
  9950K .......... .......... .......... .......... .......... 63% 2.57M 2s
 10000K .......... .......... .......... .......... .......... 64% 2.34M 2s
 10050K .......... .......... .......... .......... .......... 64% 3.32M 2s
 10100K .......... .......... .......... .......... .......... 64% 2.29M 2s
 10150K .......... .......... .......... .......... .......... 65% 3.30M 2s
 10200K .......... .......... .......... .......... .......... 65% 2.32M 2s
 10250K .......... .......... .......... .......... .......... 65% 3.59M 2s
 10300K .......... .......... .......... .......... .......... 66% 2.22M 2s
 10350K .......... .......... .......... .......... .......... 66%  689K 2s
 10400K .......... .......... .......... .......... .......... 66% 5.77M 2s
 10450K .......... .......... .......... .......... .......... 67% 2.15M 2s
 10500K .......... .......... .......... .......... .......... 67% 84.2M 2s
 10550K .......... .......... .......... .......... .......... 67% 3.16M 2s
 10600K .......... .......... .......... .......... .......... 68% 2.06M 2s
 10650K .......... .......... .......... .......... .......... 68% 1.76M 2s
 10700K .......... .......... .......... .......... .......... 68% 2.33M 2s
 10750K .......... .......... .......... .......... .......... 69% 1.43M 2s
 10800K .......... .......... .......... .......... .......... 69% 1.92M 2s
 10850K .......... .......... .......... .......... .......... 69% 2.50M 2s
 10900K .......... .......... .......... .......... .......... 70% 1.93M 2s
 10950K .......... .......... .......... .......... .......... 70% 2.35M 2s
 11000K .......... .......... .......... .......... .......... 70% 2.04M 2s
 11050K .......... .......... .......... .......... .......... 71% 1.59M 2s
 11100K .......... .......... .......... .......... .......... 71% 2.64M 2s
 11150K .......... .......... .......... .......... .......... 71% 1.99M 2s
 11200K .......... .......... .......... .......... .......... 71% 2.05M 2s
 11250K .......... .......... .......... .......... .......... 72% 2.40M 2s
 11300K .......... .......... .......... .......... .......... 72% 1.98M 2s
 11350K .......... .......... .......... .......... .......... 72% 2.61M 2s
 11400K .......... .......... .......... .......... .......... 73% 2.09M 2s
 11450K .......... .......... .......... .......... .......... 73% 1.63M 2s
 11500K .......... .......... .......... .......... .......... 73% 2.84M 2s
 11550K .......... .......... .......... .......... .......... 74% 2.03M 2s
 11600K .......... .......... .......... .......... .......... 74% 2.73M 2s
 11650K .......... .......... .......... .......... .......... 74% 2.05M 2s
 11700K .......... .......... .......... .......... .......... 75% 2.81M 2s
 11750K .......... .......... .......... .......... .......... 75% 1.92M 2s
 11800K .......... .......... .......... .......... .......... 75% 2.51M 2s
 11850K .......... .......... .......... .......... .......... 76% 1.73M 2s
 11900K .......... .......... .......... .......... .......... 76% 2.46M 2s
 11950K .......... .......... .......... .......... .......... 76% 2.40M 2s
 12000K .......... .......... .......... .......... .......... 77% 2.41M 2s
 12050K .......... .......... .......... .......... .......... 77% 2.35M 2s
 12100K .......... .......... .......... .......... .......... 77% 2.05M 2s
 12150K .......... .......... .......... .......... .......... 78% 3.04M 1s
 12200K .......... .......... .......... .......... .......... 78% 2.04M 1s
 12250K .......... .......... .......... .......... .......... 78% 1.93M 1s
 12300K .......... .......... .......... .......... .......... 79% 2.42M 1s
 12350K .......... .......... .......... .......... .......... 79% 2.52M 1s
 12400K .......... .......... .......... .......... .......... 79% 2.26M 1s
 12450K .......... .......... .......... .......... .......... 79% 2.77M 1s
 12500K .......... .......... .......... .......... .......... 80% 2.11M 1s
 12550K .......... .......... .......... .......... .......... 80% 2.65M 1s
 12600K .......... .......... .......... .......... .......... 80% 2.43M 1s
 12650K .......... .......... .......... .......... .......... 81% 1.79M 1s
 12700K .......... .......... .......... .......... .......... 81% 2.98M 1s
 12750K .......... .......... .......... .......... .......... 81% 2.12M 1s
 12800K .......... .......... .......... .......... .......... 82% 2.70M 1s
 12850K .......... .......... .......... .......... .......... 82% 2.45M 1s
 12900K .......... .......... .......... .......... .......... 82% 2.62M 1s
 12950K .......... .......... .......... .......... .......... 83% 2.53M 1s
 13000K .......... .......... .......... .......... .......... 83% 2.62M 1s
 13050K .......... .......... .......... .......... .......... 83% 1.89M 1s
 13100K .......... .......... .......... .......... .......... 84% 2.87M 1s
 13150K .......... .......... .......... .......... .......... 84% 2.29M 1s
 13200K .......... .......... .......... .......... .......... 84% 2.91M 1s
 13250K .......... .......... .......... .......... .......... 85% 2.32M 1s
 13300K .......... .......... .......... .......... .......... 85% 2.93M 1s
 13350K .......... .......... .......... .......... .......... 85% 2.05M 1s
 13400K .......... .......... .......... .......... .......... 86% 2.69M 1s
 13450K .......... .......... .......... .......... .......... 86% 1.94M 1s
 13500K .......... .......... .......... .......... .......... 86% 2.76M 1s
 13550K .......... .......... .......... .......... .......... 87%  974K 1s
 13600K .......... .......... .......... .......... .......... 87%  107M 1s
 13650K .......... .......... .......... .......... .......... 87% 2.95M 1s
 13700K .......... .......... .......... .......... .......... 87% 1.96M 1s
 13750K .......... .......... .......... .......... .......... 88% 1.34M 1s
 13800K .......... .......... .......... .......... .......... 88% 1.77M 1s
 13850K .......... .......... .......... .......... .......... 88% 1.96M 1s
 13900K .......... .......... .......... .......... .......... 89% 1.96M 1s
 13950K .......... .......... .......... .......... .......... 89% 1.72M 1s
 14000K .......... .......... .......... .......... .......... 89% 1.99M 1s
 14050K .......... .......... .......... .......... .......... 90% 2.07M 1s
 14100K .......... .......... .......... .......... .......... 90% 1.60M 1s
 14150K .......... .......... .......... .......... .......... 90% 1.41M 1s
 14200K .......... .......... .......... .......... .......... 91% 2.10M 1s
 14250K .......... .......... .......... .......... .......... 91% 1.75M 1s
 14300K .......... .......... .......... .......... .......... 91% 1.97M 1s
 14350K .......... .......... .......... .......... .......... 92% 2.18M 1s
 14400K .......... .......... .......... .......... .......... 92% 1.78M 1s
 14450K .......... .......... .......... .......... .......... 92% 1.81M 0s
 14500K .......... .......... .......... .......... .......... 93% 2.32M 0s
 14550K .......... .......... .......... .......... .......... 93% 1.49M 0s
 14600K .......... .......... .......... .......... .......... 93% 1.86M 0s
 14650K .......... .......... .......... .......... .......... 94% 2.17M 0s
 14700K .......... .......... .......... .......... .......... 94% 1.49M 0s
 14750K .......... .......... .......... .......... .......... 94% 1.92M 0s
 14800K .......... .......... .......... .......... .......... 95% 2.38M 0s
 14850K .......... .......... .......... .......... .......... 95% 2.00M 0s
 14900K .......... .......... .......... .......... .......... 95% 1.85M 0s
 14950K .......... .......... .......... .......... .......... 95% 1.85M 0s
 15000K .......... .......... .......... .......... .......... 96% 2.07M 0s
 15050K .......... .......... .......... .......... .......... 96% 1.88M 0s
 15100K .......... .......... .......... .......... .......... 96% 2.72M 0s
 15150K .......... .......... .......... .......... .......... 97% 1.80M 0s
 15200K .......... .......... .......... .......... .......... 97% 2.45M 0s
 15250K .......... .......... .......... .......... .......... 97% 2.05M 0s
 15300K .......... .......... .......... .......... .......... 98% 1.89M 0s
 15350K .......... .......... .......... .......... .......... 98% 1.93M 0s
 15400K .......... .......... .......... .......... .......... 98% 2.10M 0s
 15450K .......... .......... .......... .......... .......... 99% 2.47M 0s
 15500K .......... .......... .......... .......... .......... 99% 2.08M 0s
 15550K .......... .......... .......... .......... .......... 99% 1.97M 0s
 15600K .......... .......... .....                           100% 3.39M=6.9s

2025-03-16 01:19:44 (2.22 MB/s) - ‘/home/x4/ros2_ws/src/build/multirobot_map_merge/2011-08-09-12-22-52.pgm’ saved [16000058/16000058]

--2025-03-16 01:19:44--  https://raw.githubusercontent.com/hrnr/m-explore-extra/master/map_merge/gmapping_maps/2012-01-28-11-12-01.pgm
Resolving raw.githubusercontent.com (raw.githubusercontent.com)... 2606:50c0:8000::154, 2606:50c0:8001::154, 2606:50c0:8002::154, ...
Connecting to raw.githubusercontent.com (raw.githubusercontent.com)|2606:50c0:8000::154|:443... connected.
HTTP request sent, awaiting response... 200 OK
Length: 16000058 (15M) [application/octet-stream]
Saving to: ‘/home/x4/ros2_ws/src/build/multirobot_map_merge/2012-01-28-11-12-01.pgm’

     0K .......... .......... .......... .......... ..........  0% 1.06M 14s
    50K .......... .......... .......... .......... ..........  0% 1.51M 12s
   100K .......... .......... .......... .......... ..........  0% 4.98M 9s
   150K .......... .......... .......... .......... ..........  1% 6.94M 7s
   200K .......... .......... .......... .......... ..........  1% 2.33M 7s
   250K .......... .......... .......... .......... ..........  1% 8.56M 6s
   300K .......... .......... .......... .......... ..........  2% 10.0M 6s
   350K .......... .......... .......... .......... ..........  2% 9.61M 5s
   400K .......... .......... .......... .......... ..........  2% 11.6M 5s
   450K .......... .......... .......... .......... ..........  3% 3.03M 5s
   500K .......... .......... .......... .......... ..........  3% 12.2M 4s
   550K .......... .......... .......... .......... ..........  3% 11.6M 4s
   600K .......... .......... .......... .......... ..........  4%  338K 7s
   650K .......... .......... .......... .......... ..........  4% 12.0M 7s
   700K .......... .......... .......... .......... ..........  4%  120M 6s
   750K .......... .......... .......... .......... ..........  5% 93.8M 6s
   800K .......... .......... .......... .......... ..........  5% 96.3M 5s
   850K .......... .......... .......... .......... ..........  5% 6.95M 5s
   900K .......... .......... .......... .......... ..........  6% 5.42M 5s
   950K .......... .......... .......... .......... ..........  6% 2.50M 5s
  1000K .......... .......... .......... .......... ..........  6%  881K 6s
  1050K .......... .......... .......... .......... ..........  7% 4.87M 5s
  1100K .......... .......... .......... .......... ..........  7% 5.11M 5s
  1150K .......... .......... .......... .......... ..........  7% 4.92M 5s
  1200K .......... .......... .......... .......... ..........  7% 7.32M 5s
  1250K .......... .......... .......... .......... ..........  8%  570K 6s
  1300K .......... .......... .......... .......... ..........  8%  143M 6s
  1350K .......... .......... .......... .......... ..........  8%  137M 5s
  1400K .......... .......... .......... .......... ..........  9%  105M 5s
  1450K .......... .......... .......... .......... ..........  9% 4.39M 5s
  1500K .......... .......... .......... .......... ..........  9% 1.04M 5s
  1550K .......... .......... .......... .......... .......... 10% 1.55M 5s
  1600K .......... .......... .......... .......... .......... 10% 2.40M 5s
  1650K .......... .......... .......... .......... .......... 10% 19.9M 5s
  1700K .......... .......... .......... .......... .......... 11% 12.4M 5s
  1750K .......... .......... .......... .......... .......... 11% 2.30M 5s
  1800K .......... .......... .......... .......... .......... 11% 1.03M 5s
  1850K .......... .......... .......... .......... .......... 12% 19.6M 5s
  1900K .......... .......... .......... .......... .......... 12% 1.65M 5s
  1950K .......... .......... .......... .......... .......... 12% 1.95M 5s
  2000K .......... .......... .......... .......... .......... 13% 1.49M 5s
  2050K .......... .......... .......... .......... .......... 13% 1.57M 5s
  2100K .......... .......... .......... .......... .......... 13% 2.44M 5s
  2150K .......... .......... .......... .......... .......... 14% 1.56M 5s
  2200K .......... .......... .......... .......... .......... 14% 1.33M 6s
  2250K .......... .......... .......... .......... .......... 14% 1.74M 6s
  2300K .......... .......... .......... .......... .......... 15% 2.18M 6s
  2350K .......... .......... .......... .......... .......... 15% 1.73M 6s
  2400K .......... .......... .......... .......... .......... 15% 1.65M 6s
  2450K .......... .......... .......... .......... .......... 15% 2.38M 6s
  2500K .......... .......... .......... .......... .......... 16% 1.66M 6s
  2550K .......... .......... .......... .......... .......... 16% 1.66M 6s
  2600K .......... .......... .......... .......... .......... 16% 1.34M 6s
  2650K .......... .......... .......... .......... .......... 17% 2.37M 6s
  2700K .......... .......... .......... .......... .......... 17% 1.79M 6s
  2750K .......... .......... .......... .......... .......... 17% 1.68M 6s
  2800K .......... .......... .......... .......... .......... 18% 2.42M 6s
  2850K .......... .......... .......... .......... .......... 18% 1.76M 6s
  2900K .......... .......... .......... .......... .......... 18% 1.82M 6s
  2950K .......... .......... .......... .......... .......... 19% 1.46M 6s
  3000K .......... .......... .......... .......... .......... 19% 1.96M 6s
  3050K .......... .......... .......... .......... .......... 19% 2.05M 6s
  3100K .......... .......... .......... .......... .......... 20% 1.81M 6s
  3150K .......... .......... .......... .......... .......... 20% 2.28M 6s
  3200K .......... .......... .......... .......... .......... 20% 1.93M 6s
  3250K .......... .......... .......... .......... .......... 21% 2.32M 6s
  3300K .......... .......... .......... .......... .......... 21% 1.85M 6s
  3350K .......... .......... .......... .......... .......... 21% 1.66M 6s
  3400K .......... .......... .......... .......... .......... 22% 2.32M 5s
  3450K .......... .......... .......... .......... .......... 22% 1.70M 5s
  3500K .......... .......... .......... .......... .......... 22% 2.11M 5s
  3550K .......... .......... .......... .......... .......... 23% 2.31M 5s
  3600K .......... .......... .......... .......... .......... 23% 2.13M 5s
  3650K .......... .......... .......... .......... .......... 23% 2.31M 5s
  3700K .......... .......... .......... .......... .......... 23% 1.83M 5s
  3750K .......... .......... .......... .......... .......... 24% 1.75M 5s
  3800K .......... .......... .......... .......... .......... 24% 2.22M 5s
  3850K .......... .......... .......... .......... .......... 24% 1.97M 5s
  3900K .......... .......... .......... .......... .......... 25% 2.30M 5s
  3950K .......... .......... .......... .......... .......... 25% 2.21M 5s
  4000K .......... .......... .......... .......... .......... 25% 2.49M 5s
  4050K .......... .......... .......... .......... .......... 26% 2.02M 5s
  4100K .......... .......... .......... .......... .......... 26% 1.67M 5s
  4150K .......... .......... .......... .......... .......... 26% 2.46M 5s
  4200K .......... .......... .......... .......... .......... 27% 2.07M 5s
  4250K .......... .......... .......... .......... .......... 27% 2.69M 5s
  4300K .......... .......... .......... .......... .......... 27% 1.98M 5s
  4350K .......... .......... .......... .......... .......... 28% 2.46M 5s
  4400K .......... .......... .......... .......... .......... 28% 2.21M 5s
  4450K .......... .......... .......... .......... .......... 28% 2.30M 5s
  4500K .......... .......... .......... .......... .......... 29% 1.89M 5s
  4550K .......... .......... .......... .......... .......... 29% 2.14M 5s
  4600K .......... .......... .......... .......... .......... 29% 2.48M 5s
  4650K .......... .......... .......... .......... .......... 30% 2.11M 5s
  4700K .......... .......... .......... .......... .......... 30% 2.58M 5s
  4750K .......... .......... .......... .......... .......... 30% 2.08M 5s
  4800K .......... .......... .......... .......... .......... 31% 2.86M 5s
  4850K .......... .......... .......... .......... .......... 31% 2.04M 5s
  4900K .......... .......... .......... .......... .......... 31% 1.62M 5s
  4950K .......... .......... .......... .......... .......... 31% 3.28M 5s
  5000K .......... .......... .......... .......... .......... 32% 2.12M 5s
  5050K .......... .......... .......... .......... .......... 32% 2.91M 5s
  5100K .......... .......... .......... .......... .......... 32% 2.14M 5s
  5150K .......... .......... .......... .......... .......... 33% 2.79M 5s
  5200K .......... .......... .......... .......... .......... 33% 1.81M 5s
  5250K .......... .......... .......... .......... .......... 33% 2.92M 5s
  5300K .......... .......... .......... .......... .......... 34% 2.09M 5s
  5350K .......... .......... .......... .......... .......... 34% 3.03M 5s
  5400K .......... .......... .......... .......... .......... 34% 2.08M 5s
  5450K .......... .......... .......... .......... .......... 35% 3.05M 5s
  5500K .......... .......... .......... .......... .......... 35% 2.09M 5s
  5550K .......... .......... .......... .......... .......... 35% 3.21M 4s
  5600K .......... .......... .......... .......... .......... 36% 1.77M 4s
  5650K .......... .......... .......... .......... .......... 36% 2.22M 4s
  5700K .......... .......... .......... .......... .......... 36% 3.08M 4s
  5750K .......... .......... .......... .......... .......... 37% 2.28M 4s
  5800K .......... .......... .......... .......... .......... 37% 2.81M 4s
  5850K .......... .......... .......... .......... .......... 37% 2.35M 4s
  5900K .......... .......... .......... .......... .......... 38% 2.97M 4s
  5950K .......... .......... .......... .......... .......... 38% 2.23M 4s
  6000K .......... .......... .......... .......... .......... 38% 2.50M 4s
  6050K .......... .......... .......... .......... .......... 39% 2.17M 4s
  6100K .......... .......... .......... .......... .......... 39% 3.42M 4s
  6150K .......... .......... .......... .......... .......... 39% 2.25M 4s
  6200K .......... .......... .......... .......... .......... 39% 3.14M 4s
  6250K .......... .......... .......... .......... .......... 40% 2.24M 4s
  6300K .......... .......... .......... .......... .......... 40% 3.05M 4s
  6350K .......... .......... .......... .......... .......... 40% 1.82M 4s
  6400K .......... .......... .......... .......... .......... 41% 3.47M 4s
  6450K .......... .......... .......... .......... .......... 41% 2.33M 4s
  6500K .......... .......... .......... .......... .......... 41% 3.23M 4s
  6550K .......... .......... .......... .......... .......... 42% 2.30M 4s
  6600K .......... .......... .......... .......... .......... 42% 3.06M 4s
  6650K .......... .......... .......... .......... .......... 42% 3.17M 4s
  6700K .......... .......... .......... .......... .......... 43% 2.40M 4s
  6750K .......... .......... .......... .......... .......... 43% 2.02M 4s
  6800K .......... .......... .......... .......... .......... 43% 3.03M 4s
  6850K .......... .......... .......... .......... .......... 44% 3.19M 4s
  6900K .......... .......... .......... .......... .......... 44% 2.42M 4s
  6950K .......... .......... .......... .......... .......... 44% 3.08M 4s
  7000K .......... .......... .......... .......... .......... 45% 1.92M 4s
  7050K .......... .......... .......... .......... .......... 45% 6.28M 4s
  7100K .......... .......... .......... .......... .......... 45% 1.48M 4s
  7150K .......... .......... .......... .......... .......... 46% 3.38M 4s
  7200K .......... .......... .......... .......... .......... 46% 2.27M 4s
  7250K .......... .......... .......... .......... .......... 46% 3.50M 4s
  7300K .......... .......... .......... .......... .......... 47% 3.50M 4s
  7350K .......... .......... .......... .......... .......... 47% 2.32M 4s
  7400K .......... .......... .......... .......... .......... 47% 3.29M 4s
  7450K .......... .......... .......... .......... .......... 47% 2.47M 3s
  7500K .......... .......... .......... .......... .......... 48% 2.48M 3s
  7550K .......... .......... .......... .......... .......... 48% 2.58M 3s
  7600K .......... .......... .......... .......... .......... 48% 3.31M 3s
  7650K .......... .......... .......... .......... .......... 49% 2.21M 3s
  7700K .......... .......... .......... .......... .......... 49% 3.41M 3s
  7750K .......... .......... .......... .......... .......... 49%  808K 3s
  7800K .......... .......... .......... .......... .......... 50% 3.12M 3s
  7850K .......... .......... .......... .......... .......... 50% 8.55M 3s
  7900K .......... .......... .......... .......... .......... 50% 4.45M 3s
  7950K .......... .......... .......... .......... .......... 51% 1.78M 3s
  8000K .......... .......... .......... .......... .......... 51% 2.33M 3s
  8050K .......... .......... .......... .......... .......... 51% 1.92M 3s
  8100K .......... .......... .......... .......... .......... 52% 2.11M 3s
  8150K .......... .......... .......... .......... .......... 52% 2.25M 3s
  8200K .......... .......... .......... .......... .......... 52% 2.11M 3s
  8250K .......... .......... .......... .......... .......... 53% 2.44M 3s
  8300K .......... .......... .......... .......... .......... 53% 1.51M 3s
  8350K .......... .......... .......... .......... .......... 53% 2.07M 3s
  8400K .......... .......... .......... .......... .......... 54% 2.51M 3s
  8450K .......... .......... .......... .......... .......... 54% 2.09M 3s
  8500K .......... .......... .......... .......... .......... 54% 2.19M 3s
  8550K .......... .......... .......... .......... .......... 55% 2.28M 3s
  8600K .......... .......... .......... .......... .......... 55% 2.05M 3s
  8650K .......... .......... .......... .......... .......... 55% 2.80M 3s
  8700K .......... .......... .......... .......... .......... 55% 1.67M 3s
  8750K .......... .......... .......... .......... .......... 56% 2.22M 3s
  8800K .......... .......... .......... .......... .......... 56% 2.17M 3s
  8850K .......... .......... .......... .......... .......... 56% 2.24M 3s
  8900K .......... .......... .......... .......... .......... 57% 2.63M 3s
  8950K .......... .......... .......... .......... .......... 57% 2.29M 3s
  9000K .......... .......... .......... .......... .......... 57% 2.59M 3s
  9050K .......... .......... .......... .......... .......... 58% 2.14M 3s
  9100K .......... .......... .......... .......... .......... 58% 2.04M 3s
  9150K .......... .......... .......... .......... .......... 58% 2.24M 3s
  9200K .......... .......... .......... .......... .......... 59% 2.33M 3s
  9250K .......... .......... .......... .......... .......... 59% 2.61M 3s
  9300K .......... .......... .......... .......... .......... 59% 2.24M 3s
  9350K .......... .......... .......... .......... .......... 60% 2.40M 3s
  9400K .......... .......... .......... .......... .......... 60% 2.35M 3s
  9450K .......... .......... .......... .......... .......... 60% 2.90M 3s
  9500K .......... .......... .......... .......... .......... 61% 1.77M 3s
  9550K .......... .......... .......... .......... .......... 61% 3.04M 3s
  9600K .......... .......... .......... .......... .......... 61% 2.05M 3s
  9650K .......... .......... .......... .......... .......... 62% 3.18M 3s
  9700K .......... .......... .......... .......... .......... 62% 2.08M 3s
  9750K .......... .......... .......... .......... .......... 62% 3.09M 3s
  9800K .......... .......... .......... .......... .......... 63% 2.14M 2s
  9850K .......... .......... .......... .......... .......... 63% 2.78M 2s
  9900K .......... .......... .......... .......... .......... 63% 1.96M 2s
  9950K .......... .......... .......... .......... .......... 63% 2.35M 2s
 10000K .......... .......... .......... .......... .......... 64% 2.74M 2s
 10050K .......... .......... .......... .......... .......... 64% 2.29M 2s
 10100K .......... .......... .......... .......... .......... 64% 2.35M 2s
 10150K .......... .......... .......... .......... .......... 65% 1.10M 2s
 10200K .......... .......... .......... .......... .......... 65%  139M 2s
 10250K .......... .......... .......... .......... .......... 65% 2.06M 2s
 10300K .......... .......... .......... .......... .......... 66% 1.33M 2s
 10350K .......... .......... .......... .......... .......... 66% 1.82M 2s
 10400K .......... .......... .......... .......... .......... 66% 1.76M 2s
 10450K .......... .......... .......... .......... .......... 67% 2.16M 2s
 10500K .......... .......... .......... .......... .......... 67% 1.71M 2s
 10550K .......... .......... .......... .......... .......... 67% 1.73M 2s
 10600K .......... .......... .......... .......... .......... 68% 2.30M 2s
 10650K .......... .......... .......... .......... .......... 68% 1.77M 2s
 10700K .......... .......... .......... .......... .......... 68% 1.20M 2s
 10750K .......... .......... .......... .......... .......... 69% 2.16M 2s
 10800K .......... .......... .......... .......... .......... 69% 1.89M 2s
 10850K .......... .......... .......... .......... .......... 69% 1.82M 2s
 10900K .......... .......... .......... .......... .......... 70% 2.12M 2s
 10950K .......... .......... .......... .......... .......... 70% 1.94M 2s
 11000K .......... .......... .......... .......... .......... 70% 1.75M 2s
 11050K .......... .......... .......... .......... .......... 71% 2.26M 2s
 11100K .......... .......... .......... .......... .......... 71% 1.53M 2s
 11150K .......... .......... .......... .......... .......... 71% 1.78M 2s
 11200K .......... .......... .......... .......... .......... 71% 1.76M 2s
 11250K .......... .......... .......... .......... .......... 72% 2.47M 2s
 11300K .......... .......... .......... .......... .......... 72% 1.81M 2s
 11350K .......... .......... .......... .......... .......... 72% 2.44M 2s
 11400K .......... .......... .......... .......... .......... 73% 1.87M 2s
 11450K .......... .......... .......... .......... .......... 73% 1.82M 2s
 11500K .......... .......... .......... .......... .......... 73% 1.90M 2s
 11550K .......... .......... .......... .......... .......... 74% 2.02M 2s
 11600K .......... .......... .......... .......... .......... 74% 1.81M 2s
 11650K .......... .......... .......... .......... .......... 74% 2.34M 2s
 11700K .......... .......... .......... .......... .......... 75% 2.13M 2s
 11750K .......... .......... .......... .......... .......... 75% 2.32M 2s
 11800K .......... .......... .......... .......... .......... 75% 1.94M 2s
 11850K .......... .......... .......... .......... .......... 76% 2.04M 2s
 11900K .......... .......... .......... .......... .......... 76% 1.82M 2s
 11950K .......... .......... .......... .......... .......... 76% 2.06M 2s
 12000K .......... .......... .......... .......... .......... 77% 2.01M 2s
 12050K .......... .......... .......... .......... .......... 77% 2.36M 2s
 12100K .......... .......... .......... .......... .......... 77% 1.87M 2s
 12150K .......... .......... .......... .......... .......... 78% 2.68M 2s
 12200K .......... .......... .......... .......... .......... 78% 1.97M 1s
 12250K .......... .......... .......... .......... .......... 78% 2.23M 1s
 12300K .......... .......... .......... .......... .......... 79% 1.83M 1s
 12350K .......... .......... .......... .......... .......... 79% 1.95M 1s
 12400K .......... .......... .......... .......... .......... 79% 2.78M 1s
 12450K .......... .......... .......... .......... .......... 79% 1.98M 1s
 12500K .......... .......... .......... .......... .......... 80% 2.32M 1s
 12550K .......... .......... .......... .......... .......... 80% 2.23M 1s
 12600K .......... .......... .......... .......... .......... 80% 2.47M 1s
 12650K .......... .......... .......... .......... .......... 81% 2.30M 1s
 12700K .......... .......... .......... .......... .......... 81% 1.59M 1s
 12750K .......... .......... .......... .......... .......... 81% 2.28M 1s
 12800K .......... .......... .......... .......... .......... 82% 2.55M 1s
 12850K .......... .......... .......... .......... .......... 82% 2.30M 1s
 12900K .......... .......... .......... .......... .......... 82% 2.59M 1s
 12950K .......... .......... .......... .......... .......... 83% 2.26M 1s
 13000K .......... .......... .......... .......... .......... 83% 2.62M 1s
 13050K .......... .......... .......... .......... .......... 83% 2.23M 1s
 13100K .......... .......... .......... .......... .......... 84% 1.80M 1s
 13150K .......... .......... .......... .......... .......... 84% 2.65M 1s
 13200K .......... .......... .......... .......... .......... 84% 2.23M 1s
 13250K .......... .......... .......... .......... .......... 85% 2.59M 1s
 13300K .......... .......... .......... .......... .......... 85% 2.43M 1s
 13350K .......... .......... .......... .......... .......... 85% 2.50M 1s
 13400K .......... .......... .......... .......... .......... 86% 2.52M 1s
 13450K .......... .......... .......... .......... .......... 86% 2.40M 1s
 13500K .......... .......... .......... .......... .......... 86% 1.64M 1s
 13550K .......... .......... .......... .......... .......... 87% 3.16M 1s
 13600K .......... .......... .......... .......... .......... 87% 2.12M 1s
 13650K .......... .......... .......... .......... .......... 87% 3.28M 1s
 13700K .......... .......... .......... .......... .......... 87% 2.10M 1s
 13750K .......... .......... .......... .......... .......... 88% 3.29M 1s
 13800K .......... .......... .......... .......... .......... 88% 1.77M 1s
 13850K .......... .......... .......... .......... .......... 88% 1.77M 1s
 13900K .......... .......... .......... .......... .......... 89% 2.98M 1s
 13950K .......... .......... .......... .......... .......... 89% 2.32M 1s
 14000K .......... .......... .......... .......... .......... 89% 3.00M 1s
 14050K .......... .......... .......... .......... .......... 90% 2.30M 1s
 14100K .......... .......... .......... .......... .......... 90% 2.96M 1s
 14150K .......... .......... .......... .......... .......... 90% 2.36M 1s
 14200K .......... .......... .......... .......... .......... 91% 2.09M 1s
 14250K .......... .......... .......... .......... .......... 91% 2.55M 1s
 14300K .......... .......... .......... .......... .......... 91% 3.02M 1s
 14350K .......... .......... .......... .......... .......... 92% 2.29M 1s
 14400K .......... .......... .......... .......... .......... 92% 3.19M 1s
 14450K .......... .......... .......... .......... .......... 92% 2.56M 0s
 14500K .......... .......... .......... .......... .......... 93% 2.74M 0s
 14550K .......... .......... .......... .......... .......... 93% 3.00M 0s
 14600K .......... .......... .......... .......... .......... 93% 1.94M 0s
 14650K .......... .......... .......... .......... .......... 94% 2.81M 0s
 14700K .......... .......... .......... .......... .......... 94% 2.68M 0s
 14750K .......... .......... .......... .......... .......... 94% 3.01M 0s
 14800K .......... .......... .......... .......... .......... 95% 2.46M 0s
 14850K .......... .......... .......... .......... .......... 95% 3.03M 0s
 14900K .......... .......... .......... .......... .......... 95% 2.53M 0s
 14950K .......... .......... .......... .......... .......... 95% 2.83M 0s
 15000K .......... .......... .......... .......... .......... 96% 2.14M 0s
 15050K .......... .......... .......... .......... .......... 96% 2.88M 0s
 15100K .......... .......... .......... .......... .......... 96% 2.69M 0s
 15150K .......... .......... .......... .......... .......... 97% 2.92M 0s
 15200K .......... .......... .......... .......... .......... 97% 2.67M 0s
 15250K .......... .......... .......... .......... .......... 97% 3.61M 0s
 15300K .......... .......... .......... .......... .......... 98% 2.34M 0s
 15350K .......... .......... .......... .......... .......... 98% 2.96M 0s
 15400K .......... .......... .......... .......... .......... 98% 2.21M 0s
 15450K .......... .......... .......... .......... .......... 99% 2.88M 0s
 15500K .......... .......... .......... .......... .......... 99% 3.33M 0s
 15550K .......... .......... .......... .......... .......... 99% 2.80M 0s
 15600K .......... .......... .....                           100% 3.74M=6.8s

2025-03-16 01:19:53 (2.25 MB/s) - ‘/home/x4/ros2_ws/src/build/multirobot_map_merge/2012-01-28-11-12-01.pgm’ saved [16000058/16000058]

In file included from [01m[K/home/x4/ros2_ws/src/m-explore-ros2/map_merge/src/map_merge.cpp:44[m[K:
[01m[K/opt/ros/humble/include/tf2_geometry_msgs/tf2_geometry_msgs/tf2_geometry_msgs.h:35:2:[m[K [01;35m[Kwarning: [m[K#warning This header is obsolete, please include tf2_geometry_msgs/tf2_geometry_msgs.hpp instead [[01;35m[K]8;;https://gcc.gnu.org/onlinedocs/gcc/Warning-Options.html#index-Wcpp-Wcpp]8;;[m[K]
   35 | #[01;35m[Kwarning[m[K This header is obsolete, please include tf2_geometry_msgs/tf2_geometry_msgs.hpp instead
      |  [01;35m[K^~~~~~~[m[K
In file included from [01m[K/home/x4/ros2_ws/src/m-explore-ros2/map_merge/test/testing_helpers.h:7[m[K,
                 from [01m[K/home/x4/ros2_ws/src/m-explore-ros2/map_merge/test/test_merging_pipeline.cpp:42[m[K:
[01m[K/opt/ros/humble/include/tf2_geometry_msgs/tf2_geometry_msgs/tf2_geometry_msgs.h:35:2:[m[K [01;35m[Kwarning: [m[K#warning This header is obsolete, please include tf2_geometry_msgs/tf2_geometry_msgs.hpp instead [[01;35m[K]8;;https://gcc.gnu.org/onlinedocs/gcc/Warning-Options.html#index-Wcpp-Wcpp]8;;[m[K]
   35 | #[01;35m[Kwarning[m[K This header is obsolete, please include tf2_geometry_msgs/tf2_geometry_msgs.hpp instead
      |  [01;35m[K^~~~~~~[m[K
