[0.081s] Invoking command in '/home/x4/ros2_ws/src/build/multirobot_map_merge': CMAKE_PREFIX_PATH=${CMAKE_PREFIX_PATH}:/opt/ros/humble /usr/bin/cmake /home/x4/ros2_ws/src/m-explore-ros2/map_merge -DCMAKE_INSTALL_PREFIX=/home/x4/ros2_ws/src/install/multirobot_map_merge
[2.067s] -- The C compiler identification is GNU 11.4.0
[2.067s] -- The CXX compiler identification is GNU 11.4.0
[2.067s] -- Detecting C compiler ABI info
[2.067s] -- Detecting C compiler ABI info - done
[2.068s] -- Check for working C compiler: /usr/bin/cc - skipped
[2.068s] -- Detecting C compile features
[2.068s] -- Detecting C compile features - done
[2.068s] -- Detecting CXX compiler ABI info
[2.068s] -- Detecting CXX compiler ABI info - done
[2.068s] -- Check for working CXX compiler: /usr/bin/c++ - skipped
[2.068s] -- Detecting CXX compile features
[2.069s] -- Detecting CXX compile features - done
[2.069s] -- Found ament_cmake: 1.3.11 (/opt/ros/humble/share/ament_cmake/cmake)
[2.069s] -- Found Python3: /usr/bin/python3 (found version "3.10.12") found components: Interpreter 
[2.069s] -- Found rclcpp: 16.0.11 (/opt/ros/humble/share/rclcpp/cmake)
[2.127s] -- Found rosidl_generator_c: 3.1.6 (/opt/ros/humble/share/rosidl_generator_c/cmake)
[2.153s] -- Found rosidl_adapter: 3.1.6 (/opt/ros/humble/share/rosidl_adapter/cmake)
[2.184s] -- Found rosidl_generator_cpp: 3.1.6 (/opt/ros/humble/share/rosidl_generator_cpp/cmake)
[2.224s] -- Using all available rosidl_typesupport_c: rosidl_typesupport_fastrtps_c;rosidl_typesupport_introspection_c
[2.279s] -- Using all available rosidl_typesupport_cpp: rosidl_typesupport_fastrtps_cpp;rosidl_typesupport_introspection_cpp
[2.434s] -- Found rmw_implementation_cmake: 6.1.2 (/opt/ros/humble/share/rmw_implementation_cmake/cmake)
[2.445s] -- Found rmw_fastrtps_cpp: 6.2.7 (/opt/ros/humble/share/rmw_fastrtps_cpp/cmake)
[2.749s] -- Found OpenSSL: /usr/lib/aarch64-linux-gnu/libcrypto.so (found version "3.0.2")  
[2.837s] -- Found FastRTPS: /opt/ros/humble/include  
[2.965s] -- Using RMW implementation 'rmw_fastrtps_cpp' as default
[3.005s] -- Looking for pthread.h
[3.240s] -- Looking for pthread.h - found
[3.241s] -- Performing Test CMAKE_HAVE_LIBC_PTHREAD
[3.468s] -- Performing Test CMAKE_HAVE_LIBC_PTHREAD - Success
[3.473s] -- Found Threads: TRUE  
[3.650s] -- Found geometry_msgs: 4.2.4 (/opt/ros/humble/share/geometry_msgs/cmake)
[3.713s] -- Found image_geometry: 3.2.1 (/opt/ros/humble/share/image_geometry/cmake)
[3.798s] -- Found map_msgs: 2.1.0 (/opt/ros/humble/share/map_msgs/cmake)
[3.887s] -- Found tf2_geometry_msgs: 0.25.12 (/opt/ros/humble/share/tf2_geometry_msgs/cmake)
[3.943s] -- Found eigen3_cmake_module: 0.1.1 (/opt/ros/humble/share/eigen3_cmake_module/cmake)
[3.946s] -- Found Eigen3: TRUE (found version "3.4.0") 
[3.946s] -- Ensuring Eigen3 include directory is part of orocos-kdl CMake target
[4.391s] -- Found Boost: /usr/lib/aarch64-linux-gnu/cmake/Boost-1.74.0/BoostConfig.cmake (found version "1.74.0") found components: thread 
[4.404s] -- Found OpenCV: /usr (found version "4.5.4") 
[4.443s] -- Found ament_lint_auto: 0.12.11 (/opt/ros/humble/share/ament_lint_auto/cmake)
[4.803s] -- Found ament_cmake_gtest: 1.3.11 (/opt/ros/humble/share/ament_cmake_gtest/cmake)
[4.822s] --2025-03-16 01:19:25--  https://raw.githubusercontent.com/hrnr/m-explore-extra/master/map_merge/hector_maps/map00.pgm
[4.941s] Resolving raw.githubusercontent.com (raw.githubusercontent.com)... 2606:50c0:8002::154, 2606:50c0:8000::154, 2606:50c0:8001::154, ...
[5.002s] Connecting to raw.githubusercontent.com (raw.githubusercontent.com)|2606:50c0:8002::154|:443... connected.
[6.026s] HTTP request sent, awaiting response... 200 OK
[6.026s] Length: 4194362 (4.0M) [application/octet-stream]
[6.026s] Saving to: ‘/home/x4/ros2_ws/src/build/multirobot_map_merge/map00.pgm’
[6.027s] 
[6.091s]      0K .......... .......... .......... .......... ..........  1%  779K 5s
[6.145s]     50K .......... .......... .......... .......... ..........  2%  906K 5s
[6.160s]    100K .......... .......... .......... .......... ..........  3% 3.27M 4s
[6.171s]    150K .......... .......... .......... .......... ..........  4% 4.27M 3s
[6.203s]    200K .......... .......... .......... .......... ..........  6% 1.53M 3s
[6.212s]    250K .......... .......... .......... .......... ..........  7% 5.39M 2s
[6.222s]    300K .......... .......... .......... .......... ..........  8% 6.61M 2s
[6.229s]    350K .......... .......... .......... .......... ..........  9% 5.32M 2s
[6.233s]    400K .......... .......... .......... .......... .......... 10% 11.7M 2s
[6.238s]    450K .......... .......... .......... .......... .......... 12% 9.91M 2s
[6.262s]    500K .......... .......... .......... .......... .......... 13% 1.99M 2s
[6.269s]    550K .......... .......... .......... .......... .......... 14% 11.4M 1s
[6.273s]    600K .......... .......... .......... .......... .......... 15% 8.44M 1s
[6.277s]    650K .......... .......... .......... .......... .......... 17% 11.6M 1s
[6.281s]    700K .......... .......... .......... .......... .......... 18% 11.5M 1s
[6.388s]    750K .......... .......... .......... .......... .......... 19%  466K 1s
[6.404s]    800K .......... .......... .......... .......... .......... 20% 3.07M 1s
[6.422s]    850K .......... .......... .......... .......... .......... 21% 2.70M 1s
[6.441s]    900K .......... .......... .......... .......... .......... 23% 2.60M 1s
[6.522s]    950K .......... .......... .......... .......... .......... 24%  634K 2s
[6.533s]   1000K .......... .......... .......... .......... .......... 25% 3.95M 1s
[6.545s]   1050K .......... .......... .......... .......... .......... 26% 3.76M 1s
[6.556s]   1100K .......... .......... .......... .......... .......... 28% 4.83M 1s
[6.569s]   1150K .......... .......... .......... .......... .......... 29% 5.97M 1s
[6.573s]   1200K .......... .......... .......... .......... .......... 30% 4.83M 1s
[6.583s]   1250K .......... .......... .......... .......... .......... 31% 4.84M 1s
[6.662s]   1300K .......... .......... .......... .......... .......... 32%  635K 1s
[6.672s]   1350K .......... .......... .......... .......... .......... 34% 11.4M 1s
[6.682s]   1400K .......... .......... .......... .......... .......... 35% 3.09M 1s
[6.691s]   1450K .......... .......... .......... .......... .......... 36% 5.94M 1s
[6.698s]   1500K .......... .......... .......... .......... .......... 37% 6.36M 1s
[6.704s]   1550K .......... .......... .......... .......... .......... 39% 8.31M 1s
[6.711s]   1600K .......... .......... .......... .......... .......... 40% 6.84M 1s
[6.717s]   1650K .......... .......... .......... .......... .......... 41% 8.12M 1s
[6.726s]   1700K .......... .......... .......... .......... .......... 42% 5.94M 1s
[6.808s]   1750K .......... .......... .......... .......... .......... 43%  638K 1s
[6.822s]   1800K .......... .......... .......... .......... .......... 45% 2.70M 1s
[6.833s]   1850K .......... .......... .......... .......... .......... 46% 4.59M 1s
[6.844s]   1900K .......... .......... .......... .......... .......... 47% 4.37M 1s
[6.855s]   1950K .......... .......... .......... .......... .......... 48% 4.61M 1s
[6.864s]   2000K .......... .......... .......... .......... .......... 50% 5.03M 1s
[6.866s]   2050K .......... .......... .......... .......... .......... 51% 19.8M 1s
[6.955s]   2100K .......... .......... .......... .......... .......... 52%  569K 1s
[6.970s]   2150K .......... .......... .......... .......... .......... 53% 4.71M 1s
[6.980s]   2200K .......... .......... .......... .......... .......... 54% 3.30M 1s
[6.990s]   2250K .......... .......... .......... .......... .......... 56% 4.73M 1s
[7.000s]   2300K .......... .......... .......... .......... .......... 57% 4.68M 1s
[7.008s]   2350K .......... .......... .......... .......... .......... 58% 6.08M 1s
[7.087s]   2400K .......... .......... .......... .......... .......... 59%  631K 1s
[7.098s]   2450K .......... .......... .......... .......... .......... 61% 4.59M 1s
[7.115s]   2500K .......... .......... .......... .......... .......... 62% 2.86M 1s
[7.126s]   2550K .......... .......... .......... .......... .......... 63% 4.65M 1s
[7.134s]   2600K .......... .......... .......... .......... .......... 64% 6.26M 1s
[7.135s]   2650K .......... .......... .......... .......... .......... 65%  107M 1s
[7.149s]   2700K .......... .......... .......... .......... .......... 67% 3.31M 1s
[7.237s]   2750K .......... .......... .......... .......... .......... 68%  567K 1s
[7.246s]   2800K .......... .......... .......... .......... .......... 69% 4.99M 1s
[7.252s]   2850K .......... .......... .......... .......... .......... 70% 9.99M 1s
[7.252s]   2900K .......... .......... .......... .......... .......... 72%  100M 0s
[7.262s]   2950K .......... .......... .......... .......... .......... 73% 5.25M 0s
[7.288s]   3000K .......... .......... .......... .......... .......... 74% 1.83M 0s
[7.306s]   3050K .......... .......... .......... .......... .......... 75% 2.72M 0s
[7.324s]   3100K .......... .......... .......... .......... .......... 76% 2.73M 0s
[7.348s]   3150K .......... .......... .......... .......... .......... 78% 2.00M 0s
[7.371s]   3200K .......... .......... .......... .......... .......... 79% 2.29M 0s
[7.395s]   3250K .......... .......... .......... .......... .......... 80% 1.91M 0s
[7.419s]   3300K .......... .......... .......... .......... .......... 81% 2.09M 0s
[7.436s]   3350K .......... .......... .......... .......... .......... 83% 2.84M 0s
[7.457s]   3400K .......... .......... .......... .......... .......... 84% 2.32M 0s
[7.479s]   3450K .......... .......... .......... .......... .......... 85% 2.16M 0s
[7.500s]   3500K .......... .......... .......... .......... .......... 86% 2.33M 0s
[7.519s]   3550K .......... .......... .......... .......... .......... 87% 2.54M 0s
[7.547s]   3600K .......... .......... .......... .......... .......... 89% 2.37M 0s
[7.568s]   3650K .......... .......... .......... .......... .......... 90% 1.74M 0s
[7.654s]   3700K .......... .......... .......... .......... .......... 91%  595K 0s
[7.657s]   3750K .......... .......... .......... .......... .......... 92%  110M 0s
[7.661s]   3800K .......... .......... .......... .......... .......... 93%  123M 0s
[7.661s]   3850K .......... .......... .......... .......... .......... 95%  108M 0s
[7.681s]   3900K .......... .......... .......... .......... .......... 96% 1.77M 0s
[7.709s]   3950K .......... .......... .......... .......... .......... 97% 1.77M 0s
[7.750s]   4000K .......... .......... .......... .......... .......... 98% 1.43M 0s
[7.769s] Checking MD5 sum of /home/x4/ros2_ws/src/build/multirobot_map_merge/map00.pgm
[7.770s]   4050K .......... .......... .......... .......... ......    100% 1.97M=1.7s
[7.770s] 
[7.770s] 2025-03-16 01:19:28 (2.30 MB/s) - ‘/home/x4/ros2_ws/src/build/multirobot_map_merge/map00.pgm’ saved [4194362/4194362]
[7.770s] 
[7.853s] /home/x4/ros2_ws/src/build/multirobot_map_merge/map00.pgm: OK
[7.926s] --2025-03-16 01:19:28--  https://raw.githubusercontent.com/hrnr/m-explore-extra/master/map_merge/hector_maps/map05.pgm
[8.265s] Resolving raw.githubusercontent.com (raw.githubusercontent.com)... 2606:50c0:8001::154, 2606:50c0:8002::154, 2606:50c0:8003::154, ...
[8.325s] Connecting to raw.githubusercontent.com (raw.githubusercontent.com)|2606:50c0:8001::154|:443... connected.
[10.529s] HTTP request sent, awaiting response... 200 OK
[10.529s] Length: 4194362 (4.0M) [application/octet-stream]
[10.529s] Saving to: ‘/home/x4/ros2_ws/src/build/multirobot_map_merge/map05.pgm’
[10.530s] 
[10.605s]      0K .......... .......... .......... .......... ..........  1%  702K 6s
[10.650s]     50K .......... .......... .......... .......... ..........  2% 1014K 5s
[10.664s]    100K .......... .......... .......... .......... ..........  3% 3.42M 4s
[10.675s]    150K .......... .......... .......... .......... ..........  4% 4.61M 3s
[10.706s]    200K .......... .......... .......... .......... ..........  6% 1.52M 3s
[10.715s]    250K .......... .......... .......... .......... ..........  7% 5.56M 2s
[10.723s]    300K .......... .......... .......... .......... ..........  8% 6.68M 2s
[10.732s]    350K .......... .......... .......... .......... ..........  9% 7.35M 2s
[10.737s]    400K .......... .......... .......... .......... .......... 10% 6.63M 2s
[10.742s]    450K .......... .......... .......... .......... .......... 12% 9.11M 2s
[10.766s]    500K .......... .......... .......... .......... .......... 13% 2.03M 2s
[10.772s]    550K .......... .......... .......... .......... .......... 14% 9.22M 1s
[10.775s]    600K .......... .......... .......... .......... .......... 15% 13.9M 1s
[10.779s]    650K .......... .......... .......... .......... .......... 17% 11.6M 1s
[10.783s]    700K .......... .......... .......... .......... .......... 18% 11.5M 1s
[10.994s]    750K .......... .......... .......... .......... .......... 19%  240K 2s
[10.999s]    800K .......... .......... .......... .......... .......... 20% 93.6M 2s
[10.999s]    850K .......... .......... .......... .......... .......... 21%  163M 2s
[10.999s]    900K .......... .......... .......... .......... .......... 23%  127M 2s
[11.000s]    950K .......... .......... .......... .......... .......... 24%  142M 1s
[11.000s]   1000K .......... .......... .......... .......... .......... 25%  146M 1s
[11.000s]   1050K .......... .......... .......... .......... .......... 26%  138M 1s
[11.000s]   1100K .......... .......... .......... .......... .......... 28%  140M 1s
[11.058s]   1150K .......... .......... .......... .......... .......... 29%  805K 1s
[11.059s]   1200K .......... .......... .......... .......... .......... 30% 98.0M 1s
[11.059s]   1250K .......... .......... .......... .......... .......... 31%  155M 1s
[11.063s]   1300K .......... .......... .......... .......... .......... 32% 8.86M 1s
[11.081s]   1350K .......... .......... .......... .......... .......... 34% 2.67M 1s
[11.148s]   1400K .......... .......... .......... .......... .......... 35%  753K 1s
[11.184s]   1450K .......... .......... .......... .......... .......... 36%  110M 1s
[11.252s]   1500K .......... .......... .......... .......... .......... 37%  489K 1s
[11.254s]   1550K .......... .......... .......... .......... .......... 39%  110M 1s
[11.254s]   1600K .......... .......... .......... .......... .......... 40%  119M 1s
[11.254s]   1650K .......... .......... .......... .......... .......... 41%  150M 1s
[11.254s]   1700K .......... .......... .......... .......... .......... 42%  120M 1s
[11.254s]   1750K .......... .......... .......... .......... .......... 43%  139M 1s
[11.379s]   1800K .......... .......... .......... .......... .......... 45%  403K 1s
[11.379s]   1850K .......... .......... .......... .......... .......... 46%  102M 1s
[11.379s]   1900K .......... .......... .......... .......... .......... 47%  107M 1s
[11.380s]   1950K .......... .......... .......... .......... .......... 48%  151M 1s
[11.380s]   2000K .......... .......... .......... .......... .......... 50%  113M 1s
[11.380s]   2050K .......... .......... .......... .......... .......... 51%  114M 1s
[11.444s]   2100K .......... .......... .......... .......... .......... 52%  769K 1s
[11.446s]   2150K .......... .......... .......... .......... .......... 53% 75.7M 1s
[11.446s]   2200K .......... .......... .......... .......... .......... 54%  115M 1s
[11.459s]   2250K .......... .......... .......... .......... .......... 56% 4.67M 1s
[11.480s]   2300K .......... .......... .......... .......... .......... 57% 1.92M 1s
[11.565s]   2350K .......... .......... .......... .......... .......... 58%  588K 1s
[11.577s]   2400K .......... .......... .......... .......... .......... 59% 4.00M 1s
[11.588s]   2450K .......... .......... .......... .......... .......... 61% 4.57M 1s
[11.600s]   2500K .......... .......... .......... .......... .......... 62% 3.91M 1s
[11.612s]   2550K .......... .......... .......... .......... .......... 63% 4.15M 1s
[11.623s]   2600K .......... .......... .......... .......... .......... 64% 4.36M 1s
[11.693s]   2650K .......... .......... .......... .......... .......... 65% 11.8M 1s
[11.705s]   2700K .......... .......... .......... .......... .......... 67%  648K 1s
[11.714s]   2750K .......... .......... .......... .......... .......... 68% 5.29M 1s
[11.718s]   2800K .......... .......... .......... .......... .......... 69% 11.4M 1s
[11.719s]   2850K .......... .......... .......... .......... .......... 70%  119M 0s
[11.739s]   2900K .......... .......... .......... .......... .......... 72% 2.33M 0s
[11.761s]   2950K .......... .......... .......... .......... .......... 73% 2.30M 0s
[11.782s]   3000K .......... .......... .......... .......... .......... 74% 2.35M 0s
[11.810s]   3050K .......... .......... .......... .......... .......... 75% 1.74M 0s
[11.831s]   3100K .......... .......... .......... .......... .......... 76% 2.30M 0s
[11.851s]   3150K .......... .......... .......... .......... .......... 78% 2.38M 0s
[11.873s]   3200K .......... .......... .......... .......... .......... 79% 2.30M 0s
[11.894s]   3250K .......... .......... .......... .......... .......... 80% 2.27M 0s
[11.975s]   3300K .......... .......... .......... .......... .......... 81%  623K 0s
[11.975s]   3350K .......... .......... .......... .......... .......... 83%  116M 0s
[11.976s]   3400K .......... .......... .......... .......... .......... 84%  134M 0s
[11.987s]   3450K .......... .......... .......... .......... .......... 85% 3.98M 0s
[12.016s]   3500K .......... .......... .......... .......... .......... 86% 1.68M 0s
[12.044s]   3550K .......... .......... .......... .......... .......... 87% 1.77M 0s
[12.073s]   3600K .......... .......... .......... .......... .......... 89% 1.69M 0s
[12.101s]   3650K .......... .......... .......... .......... .......... 90% 1.72M 0s
[12.126s]   3700K .......... .......... .......... .......... .......... 91% 1.92M 0s
[12.156s]   3750K .......... .......... .......... .......... .......... 92% 1.71M 0s
[12.185s]   3800K .......... .......... .......... .......... .......... 93% 1.65M 0s
[12.220s]   3850K .......... .......... .......... .......... .......... 95% 1.39M 0s
[12.246s]   3900K .......... .......... .......... .......... .......... 96% 1.86M 0s
[12.276s]   3950K .......... .......... .......... .......... .......... 97% 1.63M 0s
[12.301s]   4000K .......... .......... .......... .......... .......... 98% 1.98M 0s
[12.322s]   4050K .......... .......... .......... .......... ......    100% 2.22M=1.8s
[12.323s] 
[12.323s] 2025-03-16 01:19:33 (2.23 MB/s) - ‘/home/x4/ros2_ws/src/build/multirobot_map_merge/map05.pgm’ saved [4194362/4194362]
[12.323s] 
[12.328s] Checking MD5 sum of /home/x4/ros2_ws/src/build/multirobot_map_merge/map05.pgm
[12.443s] /home/x4/ros2_ws/src/build/multirobot_map_merge/map05.pgm: OK
[12.538s] --2025-03-16 01:19:33--  https://raw.githubusercontent.com/hrnr/m-explore-extra/master/map_merge/gmapping_maps/2011-08-09-12-22-52.pgm
[13.154s] Resolving raw.githubusercontent.com (raw.githubusercontent.com)... 2606:50c0:8001::154, 2606:50c0:8003::154, 2606:50c0:8002::154, ...
[13.194s] Connecting to raw.githubusercontent.com (raw.githubusercontent.com)|2606:50c0:8001::154|:443... connected.
[16.803s] HTTP request sent, awaiting response... 200 OK
[16.804s] Length: 16000058 (15M) [application/octet-stream]
[16.804s] Saving to: ‘/home/x4/ros2_ws/src/build/multirobot_map_merge/2011-08-09-12-22-52.pgm’
[16.804s] 
[16.848s]      0K .......... .......... .......... .......... ..........  0% 1.09M 14s
[16.881s]     50K .......... .......... .......... .......... ..........  0% 1.52M 12s
[16.890s]    100K .......... .......... .......... .......... ..........  0% 4.98M 9s
[16.897s]    150K .......... .......... .......... .......... ..........  1% 6.84M 7s
[16.918s]    200K .......... .......... .......... .......... ..........  1% 2.31M 7s
[16.924s]    250K .......... .......... .......... .......... ..........  1% 8.65M 6s
[16.929s]    300K .......... .......... .......... .......... ..........  2% 10.1M 5s
[16.935s]    350K .......... .......... .......... .......... ..........  2% 11.5M 5s
[16.939s]    400K .......... .......... .......... .......... ..........  2% 8.91M 5s
[16.955s]    450K .......... .......... .......... .......... ..........  3% 3.01M 5s
[16.959s]    500K .......... .......... .......... .......... ..........  3% 11.2M 4s
[16.964s]    550K .......... .......... .......... .......... ..........  3% 11.4M 4s
[16.968s]    600K .......... .......... .......... .......... ..........  4% 11.5M 4s
[17.085s]    650K .......... .......... .......... .......... ..........  4%  428K 6s
[17.101s]    700K .......... .......... .......... .......... ..........  4% 3.09M 6s
[17.102s]    750K .......... .......... .......... .......... ..........  5%  109M 6s
[17.108s]    800K .......... .......... .......... .......... ..........  5% 6.92M 5s
[17.170s]    850K .......... .......... .......... .......... ..........  5%  810K 6s
[17.178s]    900K .......... .......... .......... .......... ..........  6% 5.84M 6s
[17.194s]    950K .......... .......... .......... .......... ..........  6% 2.97M 6s
[17.204s]   1000K .......... .......... .......... .......... ..........  6% 5.08M 6s
[17.212s]   1050K .......... .......... .......... .......... ..........  7% 6.50M 5s
[17.212s]   1100K .......... .......... .......... .......... ..........  7%  147M 5s
[17.274s]   1150K .......... .......... .......... .......... ..........  7%  827K 6s
[17.290s]   1200K .......... .......... .......... .......... ..........  7% 2.87M 6s
[17.300s]   1250K .......... .......... .......... .......... ..........  8% 4.61M 5s
[17.306s]   1300K .......... .......... .......... .......... ..........  8% 7.90M 5s
[17.307s]   1350K .......... .......... .......... .......... ..........  8%  125M 5s
[17.415s]   1400K .......... .......... .......... .......... ..........  9%  462K 6s
[17.420s]   1450K .......... .......... .......... .......... ..........  9% 9.38M 6s
[17.436s]   1500K .......... .......... .......... .......... ..........  9% 2.99M 6s
[17.457s]   1550K .......... .......... .......... .......... .......... 10%  110M 6s
[17.458s]   1600K .......... .......... .......... .......... .......... 10% 2.38M 6s
[17.458s]   1650K .......... .......... .......... .......... .......... 10%  155M 5s
[17.469s]   1700K .......... .......... .......... .......... .......... 11% 4.06M 5s
[17.533s]   1750K .......... .......... .......... .......... .......... 11%  788K 6s
[17.534s]   1800K .......... .......... .......... .......... .......... 11% 71.3M 5s
[17.559s]   1850K .......... .......... .......... .......... .......... 12% 1.92M 5s
[17.568s]   1900K .......... .......... .......... .......... .......... 12% 5.56M 5s
[17.574s]   1950K .......... .......... .......... .......... .......... 12% 7.69M 5s
[17.636s]   2000K .......... .......... .......... .......... .......... 13%  815K 6s
[17.686s]   2050K .......... .......... .......... .......... .......... 13% 1021K 6s
[17.686s]   2100K .......... .......... .......... .......... .......... 13%  103M 6s
[17.686s]   2150K .......... .......... .......... .......... .......... 14% 55.5M 5s
[17.728s]   2200K .......... .......... .......... .......... .......... 14% 1.20M 5s
[17.728s]   2250K .......... .......... .......... .......... .......... 14%  101M 5s
[17.728s]   2300K .......... .......... .......... .......... .......... 15%  119M 5s
[17.736s]   2350K .......... .......... .......... .......... .......... 15% 5.63M 5s
[17.758s]   2400K .......... .......... .......... .......... .......... 15% 2.29M 5s
[17.824s]   2450K .......... .......... .......... .......... .......... 15%  748K 5s
[17.836s]   2500K .......... .......... .......... .......... .......... 16% 4.37M 5s
[17.848s]   2550K .......... .......... .......... .......... .......... 16% 3.94M 5s
[17.857s]   2600K .......... .......... .......... .......... .......... 16% 5.31M 5s
[17.915s]   2650K .......... .......... .......... .......... .......... 17%  869K 5s
[17.928s]   2700K .......... .......... .......... .......... .......... 17% 4.08M 5s
[17.929s]   2750K .......... .......... .......... .......... .......... 17% 91.2M 5s
[17.936s]   2800K .......... .......... .......... .......... .......... 18% 5.45M 5s
[17.957s]   2850K .......... .......... .......... .......... .......... 18% 2.43M 5s
[17.983s]   2900K .......... .......... .......... .......... .......... 18% 1.84M 5s
[18.005s]   2950K .......... .......... .......... .......... .......... 19% 2.22M 5s
[18.031s]   3000K .......... .......... .......... .......... .......... 19% 1.85M 5s
[18.056s]   3050K .......... .......... .......... .......... .......... 19% 1.98M 5s
[18.081s]   3100K .......... .......... .......... .......... .......... 20% 1.93M 5s
[18.101s]   3150K .......... .......... .......... .......... .......... 20% 2.50M 5s
[18.122s]   3200K .......... .......... .......... .......... .......... 20% 2.25M 5s
[18.142s]   3250K .......... .......... .......... .......... .......... 21% 2.42M 5s
[18.169s]   3300K .......... .......... .......... .......... .......... 21% 1.86M 5s
[18.188s]   3350K .......... .......... .......... .......... .......... 21% 2.51M 5s
[18.217s]   3400K .......... .......... .......... .......... .......... 22% 1.68M 5s
[18.242s]   3450K .......... .......... .......... .......... .......... 22% 1.96M 5s
[18.259s]   3500K .......... .......... .......... .......... .......... 22% 2.95M 5s
[18.284s]   3550K .......... .......... .......... .......... .......... 23% 1.97M 5s
[18.306s]   3600K .......... .......... .......... .......... .......... 23% 2.20M 5s
[18.325s]   3650K .......... .......... .......... .......... .......... 23% 2.52M 5s
[18.346s]   3700K .......... .......... .......... .......... .......... 23% 2.28M 5s
[18.367s]   3750K .......... .......... .......... .......... .......... 24% 2.43M 5s
[18.396s]   3800K .......... .......... .......... .......... .......... 24% 1.66M 5s
[18.414s]   3850K .......... .......... .......... .......... .......... 24% 2.89M 5s
[18.436s]   3900K .......... .......... .......... .......... .......... 25% 2.10M 5s
[18.459s]   3950K .......... .......... .......... .......... .......... 25% 2.13M 5s
[18.478s]   4000K .......... .......... .......... .......... .......... 25% 2.61M 5s
[18.502s]   4050K .......... .......... .......... .......... .......... 26% 2.06M 5s
[18.526s]   4100K .......... .......... .......... .......... .......... 26% 2.74M 5s
[18.550s]   4150K .......... .......... .......... .......... .......... 26% 1.65M 5s
[18.566s]   4200K .......... .......... .......... .......... .......... 27% 3.00M 5s
[18.591s]   4250K .......... .......... .......... .......... .......... 27% 1.99M 5s
[18.606s]   4300K .......... .......... .......... .......... .......... 27% 2.93M 5s
[18.634s]   4350K .......... .......... .......... .......... .......... 28% 2.04M 5s
[18.650s]   4400K .......... .......... .......... .......... .......... 28% 2.43M 5s
[18.670s]   4450K .......... .......... .......... .......... .......... 28% 2.57M 5s
[18.698s]   4500K .......... .......... .......... .......... .......... 29% 2.35M 5s
[18.715s]   4550K .......... .......... .......... .......... .......... 29% 2.11M 5s
[18.737s]   4600K .......... .......... .......... .......... .......... 29% 2.12M 5s
[18.757s]   4650K .......... .......... .......... .......... .......... 30% 2.48M 5s
[18.775s]   4700K .......... .......... .......... .......... .......... 30% 2.59M 5s
[18.795s]   4750K .......... .......... .......... .......... .......... 30% 2.50M 4s
[18.813s]   4800K .......... .......... .......... .......... .......... 31% 2.64M 4s
[18.841s]   4850K .......... .......... .......... .......... .......... 31% 2.28M 4s
[18.858s]   4900K .......... .......... .......... .......... .......... 31% 2.07M 4s
[18.879s]   4950K .......... .......... .......... .......... .......... 31% 2.37M 4s
[18.897s]   5000K .......... .......... .......... .......... .......... 32% 2.69M 4s
[18.918s]   5050K .......... .......... .......... .......... .......... 32% 2.30M 4s
[18.988s]   5100K .......... .......... .......... .......... .......... 32%  722K 4s
[18.989s]   5150K .......... .......... .......... .......... .......... 33% 98.1M 4s
[19.013s]   5200K .......... .......... .......... .......... .......... 33% 1.94M 4s
[19.016s]   5250K .......... .......... .......... .......... .......... 33% 15.6M 4s
[19.042s]   5300K .......... .......... .......... .......... .......... 34% 1.87M 4s
[19.069s]   5350K .......... .......... .......... .......... .......... 34% 1.87M 4s
[19.097s]   5400K .......... .......... .......... .......... .......... 34% 1.70M 4s
[19.124s]   5450K .......... .......... .......... .......... .......... 35% 1.84M 4s
[19.148s]   5500K .......... .......... .......... .......... .......... 35% 2.00M 4s
[19.175s]   5550K .......... .......... .......... .......... .......... 35% 1.79M 4s
[19.201s]   5600K .......... .......... .......... .......... .......... 36% 1.90M 4s
[19.234s]   5650K .......... .......... .......... .......... .......... 36% 1.51M 4s
[19.259s]   5700K .......... .......... .......... .......... .......... 36% 1.90M 4s
[19.283s]   5750K .......... .......... .......... .......... .......... 37% 2.06M 4s
[19.309s]   5800K .......... .......... .......... .......... .......... 37% 1.87M 4s
[19.331s]   5850K .......... .......... .......... .......... .......... 37% 2.25M 4s
[19.359s]   5900K .......... .......... .......... .......... .......... 38% 1.77M 4s
[19.378s]   5950K .......... .......... .......... .......... .......... 38% 2.42M 4s
[19.405s]   6000K .......... .......... .......... .......... .......... 38% 1.83M 4s
[19.438s]   6050K .......... .......... .......... .......... .......... 39% 1.52M 4s
[19.460s]   6100K .......... .......... .......... .......... .......... 39% 2.12M 4s
[19.483s]   6150K .......... .......... .......... .......... .......... 39% 2.13M 4s
[19.509s]   6200K .......... .......... .......... .......... .......... 39% 1.89M 4s
[19.530s]   6250K .......... .......... .......... .......... .......... 40% 2.28M 4s
[19.554s]   6300K .......... .......... .......... .......... .......... 40% 2.03M 4s
[19.579s]   6350K .......... .......... .......... .......... .......... 40% 1.96M 4s
[19.601s]   6400K .......... .......... .......... .......... .......... 41% 2.27M 4s
[19.633s]   6450K .......... .......... .......... .......... .......... 41% 1.53M 4s
[19.655s]   6500K .......... .......... .......... .......... .......... 41% 2.20M 4s
[19.677s]   6550K .......... .......... .......... .......... .......... 42% 2.23M 4s
[19.704s]   6600K .......... .......... .......... .......... .......... 42% 1.84M 4s
[19.721s]   6650K .......... .......... .......... .......... .......... 42% 2.74M 4s
[19.746s]   6700K .......... .......... .......... .......... .......... 43% 1.95M 4s
[19.764s]   6750K .......... .......... .......... .......... .......... 43% 2.74M 4s
[19.796s]   6800K .......... .......... .......... .......... .......... 43% 1.91M 4s
[19.822s]   6850K .......... .......... .......... .......... .......... 44% 1.55M 4s
[19.839s]   6900K .......... .......... .......... .......... .......... 44% 2.76M 4s
[19.864s]   6950K .......... .......... .......... .......... .......... 44% 1.99M 4s
[19.885s]   7000K .......... .......... .......... .......... .......... 45% 2.31M 4s
[19.908s]   7050K .......... .......... .......... .......... .......... 45% 2.13M 4s
[19.928s]   7100K .......... .......... .......... .......... .......... 45% 2.41M 4s
[19.949s]   7150K .......... .......... .......... .......... .......... 46% 2.34M 4s
[19.979s]   7200K .......... .......... .......... .......... .......... 46% 1.97M 4s
[19.998s]   7250K .......... .......... .......... .......... .......... 46% 1.97M 4s
[20.021s]   7300K .......... .......... .......... .......... .......... 47% 2.16M 4s
[20.042s]   7350K .......... .......... .......... .......... .......... 47% 2.33M 4s
[20.062s]   7400K .......... .......... .......... .......... .......... 47% 2.48M 4s
[20.087s]   7450K .......... .......... .......... .......... .......... 47% 1.95M 4s
[20.103s]   7500K .......... .......... .......... .......... .......... 48% 2.90M 4s
[20.129s]   7550K .......... .......... .......... .......... .......... 48% 1.92M 4s
[20.155s]   7600K .......... .......... .......... .......... .......... 48% 2.98M 3s
[20.175s]   7650K .......... .......... .......... .......... .......... 49% 1.64M 3s
[20.200s]   7700K .......... .......... .......... .......... .......... 49% 1.98M 3s
[20.217s]   7750K .......... .......... .......... .......... .......... 49% 2.86M 3s
[20.240s]   7800K .......... .......... .......... .......... .......... 50% 2.12M 3s
[20.256s]   7850K .......... .......... .......... .......... .......... 50% 2.87M 3s
[20.280s]   7900K .......... .......... .......... .......... .......... 50% 2.09M 3s
[20.296s]   7950K .......... .......... .......... .......... .......... 51% 2.98M 3s
[20.326s]   8000K .......... .......... .......... .......... .......... 51% 1.99M 3s
[20.347s]   8050K .......... .......... .......... .......... .......... 51% 1.86M 3s
[20.366s]   8100K .......... .......... .......... .......... .......... 52% 2.57M 3s
[20.391s]   8150K .......... .......... .......... .......... .......... 52% 2.04M 3s
[20.407s]   8200K .......... .......... .......... .......... .......... 52% 2.93M 3s
[20.430s]   8250K .......... .......... .......... .......... .......... 53% 2.14M 3s
[20.446s]   8300K .......... .......... .......... .......... .......... 53% 3.02M 3s
[20.469s]   8350K .......... .......... .......... .......... .......... 53% 2.12M 3s
[20.491s]   8400K .......... .......... .......... .......... .......... 54% 3.18M 3s
[20.513s]   8450K .......... .......... .......... .......... .......... 54% 1.72M 3s
[20.530s]   8500K .......... .......... .......... .......... .......... 54% 2.80M 3s
[20.550s]   8550K .......... .......... .......... .......... .......... 55% 2.43M 3s
[20.569s]   8600K .......... .......... .......... .......... .......... 55% 2.57M 3s
[20.589s]   8650K .......... .......... .......... .......... .......... 55% 2.47M 3s
[20.607s]   8700K .......... .......... .......... .......... .......... 55% 2.68M 3s
[20.627s]   8750K .......... .......... .......... .......... .......... 56% 2.40M 3s
[20.652s]   8800K .......... .......... .......... .......... .......... 56% 2.73M 3s
[20.671s]   8850K .......... .......... .......... .......... .......... 56% 1.94M 3s
[20.691s]   8900K .......... .......... .......... .......... .......... 57% 2.45M 3s
[20.707s]   8950K .......... .......... .......... .......... .......... 57% 2.97M 3s
[20.727s]   9000K .......... .......... .......... .......... .......... 57% 2.46M 3s
[20.745s]   9050K .......... .......... .......... .......... .......... 58% 2.73M 3s
[20.771s]   9100K .......... .......... .......... .......... .......... 58% 2.54M 3s
[20.786s]   9150K .......... .......... .......... .......... .......... 58% 2.20M 3s
[20.810s]   9200K .......... .......... .......... .......... .......... 59% 2.08M 3s
[20.824s]   9250K .......... .......... .......... .......... .......... 59% 3.44M 3s
[20.843s]   9300K .......... .......... .......... .......... .......... 59% 2.55M 3s
[20.860s]   9350K .......... .......... .......... .......... .......... 60% 2.76M 3s
[20.880s]   9400K .......... .......... .......... .......... .......... 60% 2.53M 3s
[20.897s]   9450K .......... .......... .......... .......... .......... 60% 2.79M 3s
[20.924s]   9500K .......... .......... .......... .......... .......... 61% 2.45M 3s
[20.938s]   9550K .......... .......... .......... .......... .......... 61% 2.42M 3s
[20.959s]   9600K .......... .......... .......... .......... .......... 61% 2.29M 3s
[20.974s]   9650K .......... .......... .......... .......... .......... 62% 3.15M 3s
[20.995s]   9700K .......... .......... .......... .......... .......... 62% 2.34M 3s
[21.010s]   9750K .......... .......... .......... .......... .......... 62% 3.32M 3s
[21.031s]   9800K .......... .......... .......... .......... .......... 63% 2.24M 2s
[21.046s]   9850K .......... .......... .......... .......... .......... 63% 3.47M 2s
[21.073s]   9900K .......... .......... .......... .......... .......... 63% 2.21M 2s
[21.087s]   9950K .......... .......... .......... .......... .......... 63% 2.57M 2s
[21.108s]  10000K .......... .......... .......... .......... .......... 64% 2.34M 2s
[21.122s]  10050K .......... .......... .......... .......... .......... 64% 3.32M 2s
[21.144s]  10100K .......... .......... .......... .......... .......... 64% 2.29M 2s
[21.159s]  10150K .......... .......... .......... .......... .......... 65% 3.30M 2s
[21.180s]  10200K .......... .......... .......... .......... .......... 65% 2.32M 2s
[21.193s]  10250K .......... .......... .......... .......... .......... 65% 3.59M 2s
[21.221s]  10300K .......... .......... .......... .......... .......... 66% 2.22M 2s
[21.288s]  10350K .......... .......... .......... .......... .......... 66%  689K 2s
[21.296s]  10400K .......... .......... .......... .......... .......... 66% 5.77M 2s
[21.320s]  10450K .......... .......... .......... .......... .......... 67% 2.15M 2s
[21.320s]  10500K .......... .......... .......... .......... .......... 67% 84.2M 2s
[21.335s]  10550K .......... .......... .......... .......... .......... 67% 3.16M 2s
[21.358s]  10600K .......... .......... .......... .......... .......... 68% 2.06M 2s
[21.386s]  10650K .......... .......... .......... .......... .......... 68% 1.76M 2s
[21.418s]  10700K .......... .......... .......... .......... .......... 68% 2.33M 2s
[21.442s]  10750K .......... .......... .......... .......... .......... 69% 1.43M 2s
[21.467s]  10800K .......... .......... .......... .......... .......... 69% 1.92M 2s
[21.487s]  10850K .......... .......... .......... .......... .......... 69% 2.50M 2s
[21.512s]  10900K .......... .......... .......... .......... .......... 70% 1.93M 2s
[21.533s]  10950K .......... .......... .......... .......... .......... 70% 2.35M 2s
[21.557s]  11000K .......... .......... .......... .......... .......... 70% 2.04M 2s
[21.587s]  11050K .......... .......... .......... .......... .......... 71% 1.59M 2s
[21.606s]  11100K .......... .......... .......... .......... .......... 71% 2.64M 2s
[21.630s]  11150K .......... .......... .......... .......... .......... 71% 1.99M 2s
[21.654s]  11200K .......... .......... .......... .......... .......... 71% 2.05M 2s
[21.674s]  11250K .......... .......... .......... .......... .......... 72% 2.40M 2s
[21.699s]  11300K .......... .......... .......... .......... .......... 72% 1.98M 2s
[21.718s]  11350K .......... .......... .......... .......... .......... 72% 2.61M 2s
[21.747s]  11400K .......... .......... .......... .......... .......... 73% 2.09M 2s
[21.771s]  11450K .......... .......... .......... .......... .......... 73% 1.63M 2s
[21.789s]  11500K .......... .......... .......... .......... .......... 73% 2.84M 2s
[21.812s]  11550K .......... .......... .......... .......... .......... 74% 2.03M 2s
[21.830s]  11600K .......... .......... .......... .......... .......... 74% 2.73M 2s
[21.854s]  11650K .......... .......... .......... .......... .......... 74% 2.05M 2s
[21.872s]  11700K .......... .......... .......... .......... .......... 75% 2.81M 2s
[21.897s]  11750K .......... .......... .......... .......... .......... 75% 1.92M 2s
[21.924s]  11800K .......... .......... .......... .......... .......... 75% 2.51M 2s
[21.945s]  11850K .......... .......... .......... .......... .......... 76% 1.73M 2s
[21.965s]  11900K .......... .......... .......... .......... .......... 76% 2.46M 2s
[21.985s]  11950K .......... .......... .......... .......... .......... 76% 2.40M 2s
[22.005s]  12000K .......... .......... .......... .......... .......... 77% 2.41M 2s
[22.026s]  12050K .......... .......... .......... .......... .......... 77% 2.35M 2s
[22.050s]  12100K .......... .......... .......... .......... .......... 77% 2.05M 2s
[22.066s]  12150K .......... .......... .......... .......... .......... 78% 3.04M 1s
[22.095s]  12200K .......... .......... .......... .......... .......... 78% 2.04M 1s
[22.115s]  12250K .......... .......... .......... .......... .......... 78% 1.93M 1s
[22.135s]  12300K .......... .......... .......... .......... .......... 79% 2.42M 1s
[22.154s]  12350K .......... .......... .......... .......... .......... 79% 2.52M 1s
[22.176s]  12400K .......... .......... .......... .......... .......... 79% 2.26M 1s
[22.194s]  12450K .......... .......... .......... .......... .......... 79% 2.77M 1s
[22.217s]  12500K .......... .......... .......... .......... .......... 80% 2.11M 1s
[22.235s]  12550K .......... .......... .......... .......... .......... 80% 2.65M 1s
[22.260s]  12600K .......... .......... .......... .......... .......... 80% 2.43M 1s
[22.283s]  12650K .......... .......... .......... .......... .......... 81% 1.79M 1s
[22.299s]  12700K .......... .......... .......... .......... .......... 81% 2.98M 1s
[22.322s]  12750K .......... .......... .......... .......... .......... 81% 2.12M 1s
[22.340s]  12800K .......... .......... .......... .......... .......... 82% 2.70M 1s
[22.360s]  12850K .......... .......... .......... .......... .......... 82% 2.45M 1s
[22.379s]  12900K .......... .......... .......... .......... .......... 82% 2.62M 1s
[22.398s]  12950K .......... .......... .......... .......... .......... 83% 2.53M 1s
[22.422s]  13000K .......... .......... .......... .......... .......... 83% 2.62M 1s
[22.442s]  13050K .......... .......... .......... .......... .......... 83% 1.89M 1s
[22.460s]  13100K .......... .......... .......... .......... .......... 84% 2.87M 1s
[22.480s]  13150K .......... .......... .......... .......... .......... 84% 2.29M 1s
[22.497s]  13200K .......... .......... .......... .......... .......... 84% 2.91M 1s
[22.518s]  13250K .......... .......... .......... .......... .......... 85% 2.32M 1s
[22.535s]  13300K .......... .......... .......... .......... .......... 85% 2.93M 1s
[22.559s]  13350K .......... .......... .......... .......... .......... 85% 2.05M 1s
[22.580s]  13400K .......... .......... .......... .......... .......... 86% 2.69M 1s
[22.602s]  13450K .......... .......... .......... .......... .......... 86% 1.94M 1s
[22.620s]  13500K .......... .......... .......... .......... .......... 86% 2.76M 1s
[22.671s]  13550K .......... .......... .......... .......... .......... 87%  974K 1s
[22.671s]  13600K .......... .......... .......... .......... .......... 87%  107M 1s
[22.688s]  13650K .......... .......... .......... .......... .......... 87% 2.95M 1s
[22.723s]  13700K .......... .......... .......... .......... .......... 87% 1.96M 1s
[22.750s]  13750K .......... .......... .......... .......... .......... 88% 1.34M 1s
[22.779s]  13800K .......... .......... .......... .......... .......... 88% 1.77M 1s
[22.802s]  13850K .......... .......... .......... .......... .......... 88% 1.96M 1s
[22.827s]  13900K .......... .......... .......... .......... .......... 89% 1.96M 1s
[22.855s]  13950K .......... .......... .......... .......... .......... 89% 1.72M 1s
[22.880s]  14000K .......... .......... .......... .......... .......... 89% 1.99M 1s
[22.903s]  14050K .......... .......... .......... .......... .......... 90% 2.07M 1s
[22.943s]  14100K .......... .......... .......... .......... .......... 90% 1.60M 1s
[22.970s]  14150K .......... .......... .......... .......... .......... 90% 1.41M 1s
[22.992s]  14200K .......... .......... .......... .......... .......... 91% 2.10M 1s
[23.020s]  14250K .......... .......... .......... .......... .......... 91% 1.75M 1s
[23.044s]  14300K .......... .......... .......... .......... .......... 91% 1.97M 1s
[23.067s]  14350K .......... .......... .......... .......... .......... 92% 2.18M 1s
[23.094s]  14400K .......... .......... .......... .......... .......... 92% 1.78M 1s
[23.121s]  14450K .......... .......... .......... .......... .......... 92% 1.81M 0s
[23.149s]  14500K .......... .......... .......... .......... .......... 93% 2.32M 0s
[23.175s]  14550K .......... .......... .......... .......... .......... 93% 1.49M 0s
[23.202s]  14600K .......... .......... .......... .......... .......... 93% 1.86M 0s
[23.224s]  14650K .......... .......... .......... .......... .......... 94% 2.17M 0s
[23.257s]  14700K .......... .......... .......... .......... .......... 94% 1.49M 0s
[23.282s]  14750K .......... .......... .......... .......... .......... 94% 1.92M 0s
[23.303s]  14800K .......... .......... .......... .......... .......... 95% 2.38M 0s
[23.327s]  14850K .......... .......... .......... .......... .......... 95% 2.00M 0s
[23.361s]  14900K .......... .......... .......... .......... .......... 95% 1.85M 0s
[23.380s]  14950K .......... .......... .......... .......... .......... 95% 1.85M 0s
[23.403s]  15000K .......... .......... .......... .......... .......... 96% 2.07M 0s
[23.429s]  15050K .......... .......... .......... .......... .......... 96% 1.88M 0s
[23.447s]  15100K .......... .......... .......... .......... .......... 96% 2.72M 0s
[23.474s]  15150K .......... .......... .......... .......... .......... 97% 1.80M 0s
[23.495s]  15200K .......... .......... .......... .......... .......... 97% 2.45M 0s
[23.518s]  15250K .......... .......... .......... .......... .......... 97% 2.05M 0s
[23.550s]  15300K .......... .......... .......... .......... .......... 98% 1.89M 0s
[23.569s]  15350K .......... .......... .......... .......... .......... 98% 1.93M 0s
[23.593s]  15400K .......... .......... .......... .......... .......... 98% 2.10M 0s
[23.612s]  15450K .......... .......... .......... .......... .......... 99% 2.47M 0s
[23.636s]  15500K .......... .......... .......... .......... .......... 99% 2.08M 0s
[23.660s]  15550K .......... .......... .......... .......... .......... 99% 1.97M 0s
[23.668s]  15600K .......... .......... .....                           100% 3.39M=6.9s
[23.668s] 
[23.668s] 2025-03-16 01:19:44 (2.22 MB/s) - ‘/home/x4/ros2_ws/src/build/multirobot_map_merge/2011-08-09-12-22-52.pgm’ saved [16000058/16000058]
[23.669s] 
[23.671s] Checking MD5 sum of /home/x4/ros2_ws/src/build/multirobot_map_merge/2011-08-09-12-22-52.pgm
[23.801s] /home/x4/ros2_ws/src/build/multirobot_map_merge/2011-08-09-12-22-52.pgm: OK
[23.845s] --2025-03-16 01:19:44--  https://raw.githubusercontent.com/hrnr/m-explore-extra/master/map_merge/gmapping_maps/2012-01-28-11-12-01.pgm
[24.198s] Resolving raw.githubusercontent.com (raw.githubusercontent.com)... 2606:50c0:8000::154, 2606:50c0:8001::154, 2606:50c0:8002::154, ...
[24.237s] Connecting to raw.githubusercontent.com (raw.githubusercontent.com)|2606:50c0:8000::154|:443... connected.
[26.008s] HTTP request sent, awaiting response... 200 OK
[26.009s] Length: 16000058 (15M) [application/octet-stream]
[26.009s] Saving to: ‘/home/x4/ros2_ws/src/build/multirobot_map_merge/2012-01-28-11-12-01.pgm’
[26.009s] 
[26.055s]      0K .......... .......... .......... .......... ..........  0% 1.06M 14s
[26.087s]     50K .......... .......... .......... .......... ..........  0% 1.51M 12s
[26.097s]    100K .......... .......... .......... .......... ..........  0% 4.98M 9s
[26.104s]    150K .......... .......... .......... .......... ..........  1% 6.94M 7s
[26.124s]    200K .......... .......... .......... .......... ..........  1% 2.33M 7s
[26.130s]    250K .......... .......... .......... .......... ..........  1% 8.56M 6s
[26.135s]    300K .......... .......... .......... .......... ..........  2% 10.0M 6s
[26.140s]    350K .......... .......... .......... .......... ..........  2% 9.61M 5s
[26.144s]    400K .......... .......... .......... .......... ..........  2% 11.6M 5s
[26.161s]    450K .......... .......... .......... .......... ..........  3% 3.03M 5s
[26.164s]    500K .......... .......... .......... .......... ..........  3% 12.2M 4s
[26.169s]    550K .......... .......... .......... .......... ..........  3% 11.6M 4s
[26.317s]    600K .......... .......... .......... .......... ..........  4%  338K 7s
[26.322s]    650K .......... .......... .......... .......... ..........  4% 12.0M 7s
[26.322s]    700K .......... .......... .......... .......... ..........  4%  120M 6s
[26.322s]    750K .......... .......... .......... .......... ..........  5% 93.8M 6s
[26.322s]    800K .......... .......... .......... .......... ..........  5% 96.3M 5s
[26.329s]    850K .......... .......... .......... .......... ..........  5% 6.95M 5s
[26.338s]    900K .......... .......... .......... .......... ..........  6% 5.42M 5s
[26.358s]    950K .......... .......... .......... .......... ..........  6% 2.50M 5s
[26.415s]   1000K .......... .......... .......... .......... ..........  6%  881K 6s
[26.424s]   1050K .......... .......... .......... .......... ..........  7% 4.87M 5s
[26.434s]   1100K .......... .......... .......... .......... ..........  7% 5.11M 5s
[26.444s]   1150K .......... .......... .......... .......... ..........  7% 4.92M 5s
[26.450s]   1200K .......... .......... .......... .......... ..........  7% 7.32M 5s
[26.540s]   1250K .......... .......... .......... .......... ..........  8%  570K 6s
[26.540s]   1300K .......... .......... .......... .......... ..........  8%  143M 6s
[26.540s]   1350K .......... .......... .......... .......... ..........  8%  137M 5s
[26.540s]   1400K .......... .......... .......... .......... ..........  9%  105M 5s
[26.551s]   1450K .......... .......... .......... .......... ..........  9% 4.39M 5s
[26.598s]   1500K .......... .......... .......... .......... ..........  9% 1.04M 5s
[26.629s]   1550K .......... .......... .......... .......... .......... 10% 1.55M 5s
[26.649s]   1600K .......... .......... .......... .......... .......... 10% 2.40M 5s
[26.652s]   1650K .......... .......... .......... .......... .......... 10% 19.9M 5s
[26.656s]   1700K .......... .......... .......... .......... .......... 11% 12.4M 5s
[26.677s]   1750K .......... .......... .......... .......... .......... 11% 2.30M 5s
[26.725s]   1800K .......... .......... .......... .......... .......... 11% 1.03M 5s
[26.727s]   1850K .......... .......... .......... .......... .......... 12% 19.6M 5s
[26.757s]   1900K .......... .......... .......... .......... .......... 12% 1.65M 5s
[26.782s]   1950K .......... .......... .......... .......... .......... 12% 1.95M 5s
[26.814s]   2000K .......... .......... .......... .......... .......... 13% 1.49M 5s
[26.846s]   2050K .......... .......... .......... .......... .......... 13% 1.57M 5s
[26.866s]   2100K .......... .......... .......... .......... .......... 13% 2.44M 5s
[26.897s]   2150K .......... .......... .......... .......... .......... 14% 1.56M 5s
[26.934s]   2200K .......... .......... .......... .......... .......... 14% 1.33M 6s
[26.962s]   2250K .......... .......... .......... .......... .......... 14% 1.74M 6s
[26.984s]   2300K .......... .......... .......... .......... .......... 15% 2.18M 6s
[27.013s]   2350K .......... .......... .......... .......... .......... 15% 1.73M 6s
[27.042s]   2400K .......... .......... .......... .......... .......... 15% 1.65M 6s
[27.062s]   2450K .......... .......... .......... .......... .......... 15% 2.38M 6s
[27.092s]   2500K .......... .......... .......... .......... .......... 16% 1.66M 6s
[27.121s]   2550K .......... .......... .......... .......... .......... 16% 1.66M 6s
[27.158s]   2600K .......... .......... .......... .......... .......... 16% 1.34M 6s
[27.179s]   2650K .......... .......... .......... .......... .......... 17% 2.37M 6s
[27.206s]   2700K .......... .......... .......... .......... .......... 17% 1.79M 6s
[27.235s]   2750K .......... .......... .......... .......... .......... 17% 1.68M 6s
[27.255s]   2800K .......... .......... .......... .......... .......... 18% 2.42M 6s
[27.282s]   2850K .......... .......... .......... .......... .......... 18% 1.76M 6s
[27.310s]   2900K .......... .......... .......... .......... .......... 18% 1.82M 6s
[27.343s]   2950K .......... .......... .......... .......... .......... 19% 1.46M 6s
[27.368s]   3000K .......... .......... .......... .......... .......... 19% 1.96M 6s
[27.393s]   3050K .......... .......... .......... .......... .......... 19% 2.05M 6s
[27.425s]   3100K .......... .......... .......... .......... .......... 20% 1.81M 6s
[27.440s]   3150K .......... .......... .......... .......... .......... 20% 2.28M 6s
[27.466s]   3200K .......... .......... .......... .......... .......... 20% 1.93M 6s
[27.487s]   3250K .......... .......... .......... .......... .......... 21% 2.32M 6s
[27.513s]   3300K .......... .......... .......... .......... .......... 21% 1.85M 6s
[27.543s]   3350K .......... .......... .......... .......... .......... 21% 1.66M 6s
[27.563s]   3400K .......... .......... .......... .......... .......... 22% 2.32M 5s
[27.593s]   3450K .......... .......... .......... .......... .......... 22% 1.70M 5s
[27.615s]   3500K .......... .......... .......... .......... .......... 22% 2.11M 5s
[27.636s]   3550K .......... .......... .......... .......... .......... 23% 2.31M 5s
[27.659s]   3600K .......... .......... .......... .......... .......... 23% 2.13M 5s
[27.680s]   3650K .......... .......... .......... .......... .......... 23% 2.31M 5s
[27.707s]   3700K .......... .......... .......... .......... .......... 23% 1.83M 5s
[27.735s]   3750K .......... .......... .......... .......... .......... 24% 1.75M 5s
[27.757s]   3800K .......... .......... .......... .......... .......... 24% 2.22M 5s
[27.782s]   3850K .......... .......... .......... .......... .......... 24% 1.97M 5s
[27.803s]   3900K .......... .......... .......... .......... .......... 25% 2.30M 5s
[27.825s]   3950K .......... .......... .......... .......... .......... 25% 2.21M 5s
[27.845s]   4000K .......... .......... .......... .......... .......... 25% 2.49M 5s
[27.869s]   4050K .......... .......... .......... .......... .......... 26% 2.02M 5s
[27.899s]   4100K .......... .......... .......... .......... .......... 26% 1.67M 5s
[27.918s]   4150K .......... .......... .......... .......... .......... 26% 2.46M 5s
[27.943s]   4200K .......... .......... .......... .......... .......... 27% 2.07M 5s
[27.960s]   4250K .......... .......... .......... .......... .......... 27% 2.69M 5s
[27.985s]   4300K .......... .......... .......... .......... .......... 27% 1.98M 5s
[28.004s]   4350K .......... .......... .......... .......... .......... 28% 2.46M 5s
[28.026s]   4400K .......... .......... .......... .......... .......... 28% 2.21M 5s
[28.049s]   4450K .......... .......... .......... .......... .......... 28% 2.30M 5s
[28.074s]   4500K .......... .......... .......... .......... .......... 29% 1.89M 5s
[28.096s]   4550K .......... .......... .......... .......... .......... 29% 2.14M 5s
[28.116s]   4600K .......... .......... .......... .......... .......... 29% 2.48M 5s
[28.139s]   4650K .......... .......... .......... .......... .......... 30% 2.11M 5s
[28.158s]   4700K .......... .......... .......... .......... .......... 30% 2.58M 5s
[28.182s]   4750K .......... .......... .......... .......... .......... 30% 2.08M 5s
[28.198s]   4800K .......... .......... .......... .......... .......... 31% 2.86M 5s
[28.222s]   4850K .......... .......... .......... .......... .......... 31% 2.04M 5s
[28.253s]   4900K .......... .......... .......... .......... .......... 31% 1.62M 5s
[28.268s]   4950K .......... .......... .......... .......... .......... 31% 3.28M 5s
[28.291s]   5000K .......... .......... .......... .......... .......... 32% 2.12M 5s
[28.307s]   5050K .......... .......... .......... .......... .......... 32% 2.91M 5s
[28.330s]   5100K .......... .......... .......... .......... .......... 32% 2.14M 5s
[28.353s]   5150K .......... .......... .......... .......... .......... 33% 2.79M 5s
[28.375s]   5200K .......... .......... .......... .......... .......... 33% 1.81M 5s
[28.392s]   5250K .......... .......... .......... .......... .......... 33% 2.92M 5s
[28.415s]   5300K .......... .......... .......... .......... .......... 34% 2.09M 5s
[28.431s]   5350K .......... .......... .......... .......... .......... 34% 3.03M 5s
[28.454s]   5400K .......... .......... .......... .......... .......... 34% 2.08M 5s
[28.470s]   5450K .......... .......... .......... .......... .......... 35% 3.05M 5s
[28.494s]   5500K .......... .......... .......... .......... .......... 35% 2.09M 5s
[28.520s]   5550K .......... .......... .......... .......... .......... 35% 3.21M 4s
[28.536s]   5600K .......... .......... .......... .......... .......... 36% 1.77M 4s
[28.560s]   5650K .......... .......... .......... .......... .......... 36% 2.22M 4s
[28.574s]   5700K .......... .......... .......... .......... .......... 36% 3.08M 4s
[28.596s]   5750K .......... .......... .......... .......... .......... 37% 2.28M 4s
[28.613s]   5800K .......... .......... .......... .......... .......... 37% 2.81M 4s
[28.634s]   5850K .......... .......... .......... .......... .......... 37% 2.35M 4s
[28.650s]   5900K .......... .......... .......... .......... .......... 38% 2.97M 4s
[28.677s]   5950K .......... .......... .......... .......... .......... 38% 2.23M 4s
[28.692s]   6000K .......... .......... .......... .......... .......... 38% 2.50M 4s
[28.714s]   6050K .......... .......... .......... .......... .......... 39% 2.17M 4s
[28.729s]   6100K .......... .......... .......... .......... .......... 39% 3.42M 4s
[28.750s]   6150K .......... .......... .......... .......... .......... 39% 2.25M 4s
[28.766s]   6200K .......... .......... .......... .......... .......... 39% 3.14M 4s
[28.787s]   6250K .......... .......... .......... .......... .......... 40% 2.24M 4s
[28.803s]   6300K .......... .......... .......... .......... .......... 40% 3.05M 4s
[28.830s]   6350K .......... .......... .......... .......... .......... 40% 1.82M 4s
[28.844s]   6400K .......... .......... .......... .......... .......... 41% 3.47M 4s
[28.866s]   6450K .......... .......... .......... .......... .......... 41% 2.33M 4s
[28.881s]   6500K .......... .......... .......... .......... .......... 41% 3.23M 4s
[28.902s]   6550K .......... .......... .......... .......... .......... 42% 2.30M 4s
[28.918s]   6600K .......... .......... .......... .......... .......... 42% 3.06M 4s
[28.933s]   6650K .......... .......... .......... .......... .......... 42% 3.17M 4s
[28.953s]   6700K .......... .......... .......... .......... .......... 43% 2.40M 4s
[28.978s]   6750K .......... .......... .......... .......... .......... 43% 2.02M 4s
[28.994s]   6800K .......... .......... .......... .......... .......... 43% 3.03M 4s
[29.009s]   6850K .......... .......... .......... .......... .......... 44% 3.19M 4s
[29.029s]   6900K .......... .......... .......... .......... .......... 44% 2.42M 4s
[29.045s]   6950K .......... .......... .......... .......... .......... 44% 3.08M 4s
[29.073s]   7000K .......... .......... .......... .......... .......... 45% 1.92M 4s
[29.078s]   7050K .......... .......... .......... .......... .......... 45% 6.28M 4s
[29.111s]   7100K .......... .......... .......... .......... .......... 45% 1.48M 4s
[29.126s]   7150K .......... .......... .......... .......... .......... 46% 3.38M 4s
[29.147s]   7200K .......... .......... .......... .......... .......... 46% 2.27M 4s
[29.161s]   7250K .......... .......... .......... .......... .......... 46% 3.50M 4s
[29.175s]   7300K .......... .......... .......... .......... .......... 47% 3.50M 4s
[29.196s]   7350K .......... .......... .......... .......... .......... 47% 2.32M 4s
[29.211s]   7400K .......... .......... .......... .......... .......... 47% 3.29M 4s
[29.231s]   7450K .......... .......... .......... .......... .......... 47% 2.47M 3s
[29.250s]   7500K .......... .......... .......... .......... .......... 48% 2.48M 3s
[29.269s]   7550K .......... .......... .......... .......... .......... 48% 2.58M 3s
[29.284s]   7600K .......... .......... .......... .......... .......... 48% 3.31M 3s
[29.306s]   7650K .......... .......... .......... .......... .......... 49% 2.21M 3s
[29.320s]   7700K .......... .......... .......... .......... .......... 49% 3.41M 3s
[29.383s]   7750K .......... .......... .......... .......... .......... 49%  808K 3s
[29.398s]   7800K .......... .......... .......... .......... .......... 50% 3.12M 3s
[29.404s]   7850K .......... .......... .......... .......... .......... 50% 8.55M 3s
[29.418s]   7900K .......... .......... .......... .......... .......... 50% 4.45M 3s
[29.442s]   7950K .......... .......... .......... .......... .......... 51% 1.78M 3s
[29.465s]   8000K .......... .......... .......... .......... .......... 51% 2.33M 3s
[29.488s]   8050K .......... .......... .......... .......... .......... 51% 1.92M 3s
[29.512s]   8100K .......... .......... .......... .......... .......... 52% 2.11M 3s
[29.533s]   8150K .......... .......... .......... .......... .......... 52% 2.25M 3s
[29.556s]   8200K .......... .......... .......... .......... .......... 52% 2.11M 3s
[29.577s]   8250K .......... .......... .......... .......... .......... 53% 2.44M 3s
[29.609s]   8300K .......... .......... .......... .......... .......... 53% 1.51M 3s
[29.632s]   8350K .......... .......... .......... .......... .......... 53% 2.07M 3s
[29.653s]   8400K .......... .......... .......... .......... .......... 54% 2.51M 3s
[29.675s]   8450K .......... .......... .......... .......... .......... 54% 2.09M 3s
[29.698s]   8500K .......... .......... .......... .......... .......... 54% 2.19M 3s
[29.719s]   8550K .......... .......... .......... .......... .......... 55% 2.28M 3s
[29.743s]   8600K .......... .......... .......... .......... .......... 55% 2.05M 3s
[29.760s]   8650K .......... .......... .......... .......... .......... 55% 2.80M 3s
[29.790s]   8700K .......... .......... .......... .......... .......... 55% 1.67M 3s
[29.812s]   8750K .......... .......... .......... .......... .......... 56% 2.22M 3s
[29.834s]   8800K .......... .......... .......... .......... .......... 56% 2.17M 3s
[29.856s]   8850K .......... .......... .......... .......... .......... 56% 2.24M 3s
[29.874s]   8900K .......... .......... .......... .......... .......... 57% 2.63M 3s
[29.896s]   8950K .......... .......... .......... .......... .......... 57% 2.29M 3s
[29.914s]   9000K .......... .......... .......... .......... .......... 57% 2.59M 3s
[29.947s]   9050K .......... .......... .......... .......... .......... 58% 2.14M 3s
[29.962s]   9100K .......... .......... .......... .......... .......... 58% 2.04M 3s
[29.984s]   9150K .......... .......... .......... .......... .......... 58% 2.24M 3s
[30.004s]   9200K .......... .......... .......... .......... .......... 59% 2.33M 3s
[30.023s]   9250K .......... .......... .......... .......... .......... 59% 2.61M 3s
[30.045s]   9300K .......... .......... .......... .......... .......... 59% 2.24M 3s
[30.065s]   9350K .......... .......... .......... .......... .......... 60% 2.40M 3s
[30.086s]   9400K .......... .......... .......... .......... .......... 60% 2.35M 3s
[30.108s]   9450K .......... .......... .......... .......... .......... 60% 2.90M 3s
[30.130s]   9500K .......... .......... .......... .......... .......... 61% 1.77M 3s
[30.146s]   9550K .......... .......... .......... .......... .......... 61% 3.04M 3s
[30.170s]   9600K .......... .......... .......... .......... .......... 61% 2.05M 3s
[30.186s]   9650K .......... .......... .......... .......... .......... 62% 3.18M 3s
[30.209s]   9700K .......... .......... .......... .......... .......... 62% 2.08M 3s
[30.225s]   9750K .......... .......... .......... .......... .......... 62% 3.09M 3s
[30.248s]   9800K .......... .......... .......... .......... .......... 63% 2.14M 2s
[30.273s]   9850K .......... .......... .......... .......... .......... 63% 2.78M 2s
[30.290s]   9900K .......... .......... .......... .......... .......... 63% 1.96M 2s
[30.311s]   9950K .......... .......... .......... .......... .......... 63% 2.35M 2s
[30.329s]  10000K .......... .......... .......... .......... .......... 64% 2.74M 2s
[30.350s]  10050K .......... .......... .......... .......... .......... 64% 2.29M 2s
[30.371s]  10100K .......... .......... .......... .......... .......... 64% 2.35M 2s
[30.416s]  10150K .......... .......... .......... .......... .......... 65% 1.10M 2s
[30.416s]  10200K .......... .......... .......... .......... .......... 65%  139M 2s
[30.448s]  10250K .......... .......... .......... .......... .......... 65% 2.06M 2s
[30.476s]  10300K .......... .......... .......... .......... .......... 66% 1.33M 2s
[30.503s]  10350K .......... .......... .......... .......... .......... 66% 1.82M 2s
[30.531s]  10400K .......... .......... .......... .......... .......... 66% 1.76M 2s
[30.553s]  10450K .......... .......... .......... .......... .......... 67% 2.16M 2s
[30.582s]  10500K .......... .......... .......... .......... .......... 67% 1.71M 2s
[30.610s]  10550K .......... .......... .......... .......... .......... 67% 1.73M 2s
[30.631s]  10600K .......... .......... .......... .......... .......... 68% 2.30M 2s
[30.667s]  10650K .......... .......... .......... .......... .......... 68% 1.77M 2s
[30.700s]  10700K .......... .......... .......... .......... .......... 68% 1.20M 2s
[30.722s]  10750K .......... .......... .......... .......... .......... 69% 2.16M 2s
[30.748s]  10800K .......... .......... .......... .......... .......... 69% 1.89M 2s
[30.775s]  10850K .......... .......... .......... .......... .......... 69% 1.82M 2s
[30.798s]  10900K .......... .......... .......... .......... .......... 70% 2.12M 2s
[30.823s]  10950K .......... .......... .......... .......... .......... 70% 1.94M 2s
[30.851s]  11000K .......... .......... .......... .......... .......... 70% 1.75M 2s
[30.885s]  11050K .......... .......... .......... .......... .......... 71% 2.26M 2s
[30.905s]  11100K .......... .......... .......... .......... .......... 71% 1.53M 2s
[30.933s]  11150K .......... .......... .......... .......... .......... 71% 1.78M 2s
[30.960s]  11200K .......... .......... .......... .......... .......... 71% 1.76M 2s
[30.980s]  11250K .......... .......... .......... .......... .......... 72% 2.47M 2s
[31.007s]  11300K .......... .......... .......... .......... .......... 72% 1.81M 2s
[31.027s]  11350K .......... .......... .......... .......... .......... 72% 2.44M 2s
[31.053s]  11400K .......... .......... .......... .......... .......... 73% 1.87M 2s
[31.086s]  11450K .......... .......... .......... .......... .......... 73% 1.82M 2s
[31.105s]  11500K .......... .......... .......... .......... .......... 73% 1.90M 2s
[31.130s]  11550K .......... .......... .......... .......... .......... 74% 2.02M 2s
[31.157s]  11600K .......... .......... .......... .......... .......... 74% 1.81M 2s
[31.178s]  11650K .......... .......... .......... .......... .......... 74% 2.34M 2s
[31.200s]  11700K .......... .......... .......... .......... .......... 75% 2.13M 2s
[31.221s]  11750K .......... .......... .......... .......... .......... 75% 2.32M 2s
[31.246s]  11800K .......... .......... .......... .......... .......... 75% 1.94M 2s
[31.277s]  11850K .......... .......... .......... .......... .......... 76% 2.04M 2s
[31.297s]  11900K .......... .......... .......... .......... .......... 76% 1.82M 2s
[31.321s]  11950K .......... .......... .......... .......... .......... 76% 2.06M 2s
[31.345s]  12000K .......... .......... .......... .......... .......... 77% 2.01M 2s
[31.366s]  12050K .......... .......... .......... .......... .......... 77% 2.36M 2s
[31.391s]  12100K .......... .......... .......... .......... .......... 77% 1.87M 2s
[31.410s]  12150K .......... .......... .......... .......... .......... 78% 2.68M 2s
[31.435s]  12200K .......... .......... .......... .......... .......... 78% 1.97M 1s
[31.462s]  12250K .......... .......... .......... .......... .......... 78% 2.23M 1s
[31.483s]  12300K .......... .......... .......... .......... .......... 79% 1.83M 1s
[31.509s]  12350K .......... .......... .......... .......... .......... 79% 1.95M 1s
[31.529s]  12400K .......... .......... .......... .......... .......... 79% 2.78M 1s
[31.551s]  12450K .......... .......... .......... .......... .......... 79% 1.98M 1s
[31.571s]  12500K .......... .......... .......... .......... .......... 80% 2.32M 1s
[31.593s]  12550K .......... .......... .......... .......... .......... 80% 2.23M 1s
[31.613s]  12600K .......... .......... .......... .......... .......... 80% 2.47M 1s
[31.639s]  12650K .......... .......... .......... .......... .......... 81% 2.30M 1s
[31.665s]  12700K .......... .......... .......... .......... .......... 81% 1.59M 1s
[31.687s]  12750K .......... .......... .......... .......... .......... 81% 2.28M 1s
[31.706s]  12800K .......... .......... .......... .......... .......... 82% 2.55M 1s
[31.727s]  12850K .......... .......... .......... .......... .......... 82% 2.30M 1s
[31.746s]  12900K .......... .......... .......... .......... .......... 82% 2.59M 1s
[31.767s]  12950K .......... .......... .......... .......... .......... 83% 2.26M 1s
[31.786s]  13000K .......... .......... .......... .......... .......... 83% 2.62M 1s
[31.813s]  13050K .......... .......... .......... .......... .......... 83% 2.23M 1s
[31.835s]  13100K .......... .......... .......... .......... .......... 84% 1.80M 1s
[31.854s]  13150K .......... .......... .......... .......... .......... 84% 2.65M 1s
[31.876s]  13200K .......... .......... .......... .......... .......... 84% 2.23M 1s
[31.894s]  13250K .......... .......... .......... .......... .......... 85% 2.59M 1s
[31.914s]  13300K .......... .......... .......... .......... .......... 85% 2.43M 1s
[31.934s]  13350K .......... .......... .......... .......... .......... 85% 2.50M 1s
[31.953s]  13400K .......... .......... .......... .......... .......... 86% 2.52M 1s
[31.979s]  13450K .......... .......... .......... .......... .......... 86% 2.40M 1s
[32.003s]  13500K .......... .......... .......... .......... .......... 86% 1.64M 1s
[32.019s]  13550K .......... .......... .......... .......... .......... 87% 3.16M 1s
[32.042s]  13600K .......... .......... .......... .......... .......... 87% 2.12M 1s
[32.058s]  13650K .......... .......... .......... .......... .......... 87% 3.28M 1s
[32.080s]  13700K .......... .......... .......... .......... .......... 87% 2.10M 1s
[32.095s]  13750K .......... .......... .......... .......... .......... 88% 3.29M 1s
[32.122s]  13800K .......... .......... .......... .......... .......... 88% 1.77M 1s
[32.150s]  13850K .......... .......... .......... .......... .......... 88% 1.77M 1s
[32.166s]  13900K .......... .......... .......... .......... .......... 89% 2.98M 1s
[32.188s]  13950K .......... .......... .......... .......... .......... 89% 2.32M 1s
[32.204s]  14000K .......... .......... .......... .......... .......... 89% 3.00M 1s
[32.225s]  14050K .......... .......... .......... .......... .......... 90% 2.30M 1s
[32.242s]  14100K .......... .......... .......... .......... .......... 90% 2.96M 1s
[32.262s]  14150K .......... .......... .......... .......... .......... 90% 2.36M 1s
[32.286s]  14200K .......... .......... .......... .......... .......... 91% 2.09M 1s
[32.305s]  14250K .......... .......... .......... .......... .......... 91% 2.55M 1s
[32.321s]  14300K .......... .......... .......... .......... .......... 91% 3.02M 1s
[32.342s]  14350K .......... .......... .......... .......... .......... 92% 2.29M 1s
[32.359s]  14400K .......... .......... .......... .......... .......... 92% 3.19M 1s
[32.377s]  14450K .......... .......... .......... .......... .......... 92% 2.56M 0s
[32.395s]  14500K .......... .......... .......... .......... .......... 93% 2.74M 0s
[32.411s]  14550K .......... .......... .......... .......... .......... 93% 3.00M 0s
[32.436s]  14600K .......... .......... .......... .......... .......... 93% 1.94M 0s
[32.453s]  14650K .......... .......... .......... .......... .......... 94% 2.81M 0s
[32.472s]  14700K .......... .......... .......... .......... .......... 94% 2.68M 0s
[32.488s]  14750K .......... .......... .......... .......... .......... 94% 3.01M 0s
[32.508s]  14800K .......... .......... .......... .......... .......... 95% 2.46M 0s
[32.524s]  14850K .......... .......... .......... .......... .......... 95% 3.03M 0s
[32.543s]  14900K .......... .......... .......... .......... .......... 95% 2.53M 0s
[32.560s]  14950K .......... .......... .......... .......... .......... 95% 2.83M 0s
[32.583s]  15000K .......... .......... .......... .......... .......... 96% 2.14M 0s
[32.600s]  15050K .......... .......... .......... .......... .......... 96% 2.88M 0s
[32.618s]  15100K .......... .......... .......... .......... .......... 96% 2.69M 0s
[32.635s]  15150K .......... .......... .......... .......... .......... 97% 2.92M 0s
[32.653s]  15200K .......... .......... .......... .......... .......... 97% 2.67M 0s
[32.667s]  15250K .......... .......... .......... .......... .......... 97% 3.61M 0s
[32.687s]  15300K .......... .......... .......... .......... .......... 98% 2.34M 0s
[32.704s]  15350K .......... .......... .......... .......... .......... 98% 2.96M 0s
[32.726s]  15400K .......... .......... .......... .......... .......... 98% 2.21M 0s
[32.743s]  15450K .......... .......... .......... .......... .......... 99% 2.88M 0s
[32.758s]  15500K .......... .......... .......... .......... .......... 99% 3.33M 0s
[32.775s]  15550K .......... .......... .......... .......... .......... 99% 2.80M 0s
[32.784s]  15600K .......... .......... .....                           100% 3.74M=6.8s
[32.785s] Checking MD5 sum of /home/x4/ros2_ws/src/build/multirobot_map_merge/2012-01-28-11-12-01.pgm
[32.785s] 
[32.785s] 2025-03-16 01:19:53 (2.25 MB/s) - ‘/home/x4/ros2_ws/src/build/multirobot_map_merge/2012-01-28-11-12-01.pgm’ saved [16000058/16000058]
[32.785s] 
[33.012s] /home/x4/ros2_ws/src/build/multirobot_map_merge/2012-01-28-11-12-01.pgm: OK
[33.038s] -- Found gtest sources under '/opt/ros/humble/src/gtest_vendor': C++ tests using 'Google Test' will be built
[33.127s] -- Added test 'cppcheck' to perform static code analysis on C / C++ code
[33.128s] -- Configured cppcheck include dirs: /home/x4/ros2_ws/src/m-explore-ros2/map_merge/include;$<BUILD_INTERFACE:/home/x4/ros2_ws/src/m-explore-ros2/map_merge/include>
[33.130s] -- Configured cppcheck exclude dirs and/or files: 
[33.132s] -- Added test 'flake8' to check Python code syntax and style conventions
[33.151s] -- Added test 'lint_cmake' to check CMake code style
[33.154s] -- Added test 'pep257' to check Python code against some of the docstring style conventions in PEP 257
[33.180s] -- Added test 'uncrustify' to check C / C++ code style
[33.180s] -- Configured uncrustify additional arguments: 
[33.192s] -- Added test 'xmllint' to check XML markup files
[33.235s] -- Configuring done
[33.947s] -- Generating done
[34.058s] -- Build files have been written to: /home/x4/ros2_ws/src/build/multirobot_map_merge
[34.256s] Invoked command in '/home/x4/ros2_ws/src/build/multirobot_map_merge' returned '0': CMAKE_PREFIX_PATH=${CMAKE_PREFIX_PATH}:/opt/ros/humble /usr/bin/cmake /home/x4/ros2_ws/src/m-explore-ros2/map_merge -DCMAKE_INSTALL_PREFIX=/home/x4/ros2_ws/src/install/multirobot_map_merge
[34.256s] Invoking command in '/home/x4/ros2_ws/src/build/multirobot_map_merge': CMAKE_PREFIX_PATH=${CMAKE_PREFIX_PATH}:/opt/ros/humble /usr/bin/cmake --build /home/x4/ros2_ws/src/build/multirobot_map_merge -- -j8 -l8
[39.401s] [  8%] [32mBuilding CXX object CMakeFiles/combine_grids.dir/src/combine_grids/grid_compositor.cpp.o[0m
[45.215s] [ 16%] [32mBuilding CXX object CMakeFiles/combine_grids.dir/src/combine_grids/merging_pipeline.cpp.o[0m
[64.491s] [ 25%] [32mBuilding CXX object CMakeFiles/combine_grids.dir/src/combine_grids/grid_warper.cpp.o[0m
[74.743s] [ 33%] [32m[1mLinking CXX static library libcombine_grids.a[0m
[75.936s] [ 33%] Built target combine_grids
[76.391s] [ 41%] [32mBuilding CXX object gtest/CMakeFiles/gtest.dir/src/gtest-all.cc.o[0m
[88.752s] [ 50%] [32m[1mLinking CXX static library libgtest.a[0m
[89.074s] [ 50%] Built target gtest
[89.168s] [ 58%] [32mBuilding CXX object CMakeFiles/map_merge.dir/src/map_merge.cpp.o[0m
[92.043s] In file included from [01m[K/home/x4/ros2_ws/src/m-explore-ros2/map_merge/src/map_merge.cpp:44[m[K:
[92.043s] [01m[K/opt/ros/humble/include/tf2_geometry_msgs/tf2_geometry_msgs/tf2_geometry_msgs.h:35:2:[m[K [01;35m[Kwarning: [m[K#warning This header is obsolete, please include tf2_geometry_msgs/tf2_geometry_msgs.hpp instead [[01;35m[K]8;;https://gcc.gnu.org/onlinedocs/gcc/Warning-Options.html#index-Wcpp-Wcpp]8;;[m[K]
[92.043s]    35 | #[01;35m[Kwarning[m[K This header is obsolete, please include tf2_geometry_msgs/tf2_geometry_msgs.hpp instead
[92.043s]       |  [01;35m[K^~~~~~~[m[K
[137.442s] [ 66%] [32m[1mLinking CXX executable map_merge[0m
[141.597s] [ 66%] Built target map_merge
[141.656s] [ 75%] [32mBuilding CXX object gtest/CMakeFiles/gtest_main.dir/src/gtest_main.cc.o[0m
[143.910s] [ 83%] [32m[1mLinking CXX static library libgtest_main.a[0m
[144.018s] [ 83%] Built target gtest_main
[144.096s] [ 91%] [32mBuilding CXX object CMakeFiles/test_merging_pipeline.dir/test/test_merging_pipeline.cpp.o[0m
[144.732s] In file included from [01m[K/home/x4/ros2_ws/src/m-explore-ros2/map_merge/test/testing_helpers.h:7[m[K,
[144.732s]                  from [01m[K/home/x4/ros2_ws/src/m-explore-ros2/map_merge/test/test_merging_pipeline.cpp:42[m[K:
[144.732s] [01m[K/opt/ros/humble/include/tf2_geometry_msgs/tf2_geometry_msgs/tf2_geometry_msgs.h:35:2:[m[K [01;35m[Kwarning: [m[K#warning This header is obsolete, please include tf2_geometry_msgs/tf2_geometry_msgs.hpp instead [[01;35m[K]8;;https://gcc.gnu.org/onlinedocs/gcc/Warning-Options.html#index-Wcpp-Wcpp]8;;[m[K]
[144.732s]    35 | #[01;35m[Kwarning[m[K This header is obsolete, please include tf2_geometry_msgs/tf2_geometry_msgs.hpp instead
[144.732s]       |  [01;35m[K^~~~~~~[m[K
[157.749s] [100%] [32m[1mLinking CXX executable test_merging_pipeline[0m
[159.617s] [100%] Built target test_merging_pipeline
