[0.115s] Invoking command in '/home/x4/ros2_ws/src/build/zed_components': CMAKE_PREFIX_PATH=${CMAKE_PREFIX_PATH}:/opt/ros/humble /usr/bin/cmake /home/x4/ros2_ws/src/zed-ros2-wrapper/zed_components -DCMAKE_INSTALL_PREFIX=/home/x4/ros2_ws/src/install/zed_components
[0.295s] -- The C compiler identification is GNU 11.4.0
[0.462s] -- The CXX compiler identification is GNU 11.4.0
[0.495s] -- Detecting C compiler ABI info
[0.728s] -- Detecting C compiler ABI info - done
[0.759s] -- Check for working C compiler: /usr/bin/cc - skipped
[0.764s] -- Detecting C compile features
[0.765s] -- Detecting C compile features - done
[0.771s] -- Detecting CXX compiler ABI info
[1.032s] -- Detecting CXX compiler ABI info - done
[1.049s] -- Check for working CXX compiler: /usr/bin/c++ - skipped
[1.049s] -- Detecting CXX compile features
[1.049s] -- Detecting CXX compile features - done
[1.075s] -- Looking for sgemm_
[1.387s] -- Looking for sgemm_ - not found
[1.396s] -- Looking for pthread.h
[1.734s] -- Looking for pthread.h - found
[1.741s] -- Performing Test CMAKE_HAVE_LIBC_PTHREAD
[2.028s] -- Performing Test CMAKE_HAVE_LIBC_PTHREAD - Success
[2.031s] -- Found Threads: TRUE  
[2.177s] -- Looking for sgemm_
[2.499s] -- Looking for sgemm_ - found
[2.504s] -- Found BLAS: /usr/lib/aarch64-linux-gnu/libopenblas.so  
[2.594s] -- Found CUDA: /usr/local/cuda-12.6 (found suitable version "12.6", minimum required is "12.6") 
[2.683s] -- Found CUDA: /usr/local/cuda-12.6 (found version "12.6") 
[2.693s] -- Found ament_cmake_auto: 1.3.11 (/opt/ros/humble/share/ament_cmake_auto/cmake)
[3.111s] -- Found Python3: /usr/bin/python3 (found version "3.10.12") found components: Interpreter 
[3.742s] -- Found rosidl_generator_c: 3.1.6 (/opt/ros/humble/share/rosidl_generator_c/cmake)
[3.764s] -- Found rosidl_adapter: 3.1.6 (/opt/ros/humble/share/rosidl_adapter/cmake)
[3.796s] -- Found rosidl_generator_cpp: 3.1.6 (/opt/ros/humble/share/rosidl_generator_cpp/cmake)
[3.837s] -- Using all available rosidl_typesupport_c: rosidl_typesupport_fastrtps_c;rosidl_typesupport_introspection_c
[3.887s] -- Using all available rosidl_typesupport_cpp: rosidl_typesupport_fastrtps_cpp;rosidl_typesupport_introspection_cpp
[4.263s] -- Found rmw_implementation_cmake: 6.1.2 (/opt/ros/humble/share/rmw_implementation_cmake/cmake)
[4.292s] -- Found rmw_fastrtps_cpp: 6.2.7 (/opt/ros/humble/share/rmw_fastrtps_cpp/cmake)
[4.583s] -- Found OpenSSL: /usr/lib/aarch64-linux-gnu/libcrypto.so (found version "3.0.2")  
[4.675s] -- Found FastRTPS: /opt/ros/humble/include  
[4.812s] -- Using RMW implementation 'rmw_fastrtps_cpp' as default
[5.761s] -- Found eigen3_cmake_module: 0.1.1 (/opt/ros/humble/share/eigen3_cmake_module/cmake)
[5.780s] -- Found Eigen3: TRUE (found version "3.4.0") 
[5.780s] -- Ensuring Eigen3 include directory is part of orocos-kdl CMake target
[6.364s] -- Found ament_lint_auto: 0.12.11 (/opt/ros/humble/share/ament_lint_auto/cmake)
[6.548s] -- Added test 'copyright' to check source files copyright and LICENSE
[6.552s] -- Added test 'cppcheck' to perform static code analysis on C / C++ code
[6.553s] -- Configured cppcheck include dirs: /home/x4/ros2_ws/src/zed-ros2-wrapper/zed_components/src/include;/home/x4/ros2_ws/src/zed-ros2-wrapper/zed_components/src/zed_camera/include;/home/x4/ros2_ws/src/zed-ros2-wrapper/zed_components/src/tools/include
[6.553s] -- Configured cppcheck exclude dirs and/or files: 
[6.556s] -- Added test 'lint_cmake' to check CMake code style
[6.560s] -- Added test 'uncrustify' to check C / C++ code style
[6.564s] -- Configured uncrustify additional arguments: 
[6.569s] -- Added test 'xmllint' to check XML markup files
[6.584s] -- Configuring done
[6.711s] -- Generating done
[6.765s] -- Build files have been written to: /home/x4/ros2_ws/src/build/zed_components
[6.836s] Invoked command in '/home/x4/ros2_ws/src/build/zed_components' returned '0': CMAKE_PREFIX_PATH=${CMAKE_PREFIX_PATH}:/opt/ros/humble /usr/bin/cmake /home/x4/ros2_ws/src/zed-ros2-wrapper/zed_components -DCMAKE_INSTALL_PREFIX=/home/x4/ros2_ws/src/install/zed_components
[6.854s] Invoking command in '/home/x4/ros2_ws/src/build/zed_components': CMAKE_PREFIX_PATH=${CMAKE_PREFIX_PATH}:/opt/ros/humble /usr/bin/cmake --build /home/x4/ros2_ws/src/build/zed_components -- -j8 -l8
[30.000s] [ 20%] [32mBuilding CXX object CMakeFiles/zed_camera_one_component.dir/src/tools/src/gnss_replay.cpp.o[0m
[30.001s] [ 20%] [32mBuilding CXX object CMakeFiles/zed_camera_one_component.dir/src/tools/src/sl_tools.cpp.o[0m
[30.001s] [ 30%] [32mBuilding CXX object CMakeFiles/zed_camera_one_component.dir/src/tools/src/sl_win_avg.cpp.o[0m
[30.001s] [ 40%] [32mBuilding CXX object CMakeFiles/zed_camera_one_component.dir/src/zed_camera/src/zed_camera_one_component.cpp.o[0m
[30.001s] [ 50%] [32mBuilding CXX object CMakeFiles/zed_camera_component.dir/src/tools/src/gnss_replay.cpp.o[0m
[30.001s] [ 60%] [32mBuilding CXX object CMakeFiles/zed_camera_component.dir/src/tools/src/sl_tools.cpp.o[0m
[30.001s] [ 70%] [32mBuilding CXX object CMakeFiles/zed_camera_component.dir/src/tools/src/sl_win_avg.cpp.o[0m
[30.001s] [ 80%] [32mBuilding CXX object CMakeFiles/zed_camera_component.dir/src/zed_camera/src/zed_camera_component.cpp.o[0m
[46.366s] In file included from [01m[K/opt/ros/humble/include/rclcpp/rclcpp/logging.hpp:24[m[K,
[46.367s]                  from [01m[K/opt/ros/humble/include/rclcpp/rclcpp/client.hpp:40[m[K,
[46.368s]                  from [01m[K/opt/ros/humble/include/rclcpp/rclcpp/callback_group.hpp:24[m[K,
[46.369s]                  from [01m[K/opt/ros/humble/include/rclcpp/rclcpp/any_executable.hpp:20[m[K,
[46.370s]                  from [01m[K/opt/ros/humble/include/rclcpp/rclcpp/memory_strategy.hpp:25[m[K,
[46.370s]                  from [01m[K/opt/ros/humble/include/rclcpp/rclcpp/memory_strategies.hpp:18[m[K,
[46.371s]                  from [01m[K/opt/ros/humble/include/rclcpp/rclcpp/executor_options.hpp:20[m[K,
[46.372s]                  from [01m[K/opt/ros/humble/include/rclcpp/rclcpp/executor.hpp:37[m[K,
[46.373s]                  from [01m[K/opt/ros/humble/include/rclcpp/rclcpp/executors/multi_threaded_executor.hpp:25[m[K,
[46.374s]                  from [01m[K/opt/ros/humble/include/rclcpp/rclcpp/executors.hpp:21[m[K,
[46.374s]                  from [01m[K/opt/ros/humble/include/rclcpp/rclcpp/rclcpp.hpp:155[m[K,
[46.375s]                  from [01m[K/opt/ros/humble/include/tf2_ros/tf2_ros/buffer_interface.h:48[m[K,
[46.377s]                  from [01m[K/opt/ros/humble/include/tf2_ros/tf2_ros/buffer.h:42[m[K,
[46.377s]                  from [01m[K/home/x4/ros2_ws/src/zed-ros2-wrapper/zed_components/src/zed_camera/include/sl_types.hpp:18[m[K,
[46.381s]                  from [01m[K/home/x4/ros2_ws/src/zed-ros2-wrapper/zed_components/src/zed_camera/include/zed_camera_component.hpp:24[m[K,
[46.382s]                  from [01m[K/home/x4/ros2_ws/src/zed-ros2-wrapper/zed_components/src/zed_camera/src/zed_camera_component.cpp:15[m[K:
[46.384s] [01m[K/home/x4/ros2_ws/src/zed-ros2-wrapper/zed_components/src/zed_camera/src/zed_camera_component.cpp:[m[K In member function ‘[01m[Kbool stereolabs::ZedCamera::startCamera()[m[K’:
[46.384s] [01m[K/home/x4/ros2_ws/src/zed-ros2-wrapper/zed_components/src/zed_camera/src/zed_camera_component.cpp:4249:21:[m[K [01;35m[Kwarning: [m[Kformat ‘[01m[K%d[m[K’ expects argument of type ‘[01m[Kint[m[K’, but argument 5 has type ‘[01m[Ksize_t[m[K’ {aka ‘[01m[Klong unsigned int[m[K’} [[01;35m[K]8;;https://gcc.gnu.org/onlinedocs/gcc/Warning-Options.html#index-Wformat=-Wformat=]8;;[m[K]
[46.385s]  4249 |       get_logger(), [01;35m[K" * SVO resolution -> %dx%d"[m[K,
[46.386s]       |                     [01;35m[K^~~~~~~~~~~~~~~~~~~~~~~~~~~~[m[K
[46.387s]  4250 |       [32m[KmZed->getCameraInformation().camera_configuration.resolution.width[m[K,
[46.387s]       |       [32m[K~~~~~~~~~~~~~~~~~~~~~~~~~~~~~~~~~~~~~~~~~~~~~~~~~~~~~~~~~~~~~~~~~~[m[K
[46.388s]       |                                                                    [32m[K|[m[K
[46.391s]       |                                                                    [32m[Ksize_t {aka long unsigned int}[m[K
[46.393s] [01m[K/home/x4/ros2_ws/src/zed-ros2-wrapper/zed_components/src/zed_camera/src/zed_camera_component.cpp:4249:44:[m[K [01;36m[Knote: [m[Kformat string is defined here
[46.394s]  4249 |       get_logger(), " * SVO resolution -> [01;36m[K%d[m[Kx%d",
[46.395s]       |                                           [01;36m[K~^[m[K
[46.395s]       |                                            [01;36m[K|[m[K
[46.396s]       |                                            [01;36m[Kint[m[K
[46.397s]       |                                           [32m[K%ld[m[K
[46.398s] In file included from [01m[K/opt/ros/humble/include/rclcpp/rclcpp/logging.hpp:24[m[K,
[46.401s]                  from [01m[K/opt/ros/humble/include/rclcpp/rclcpp/client.hpp:40[m[K,
[46.401s]                  from [01m[K/opt/ros/humble/include/rclcpp/rclcpp/callback_group.hpp:24[m[K,
[46.402s]                  from [01m[K/opt/ros/humble/include/rclcpp/rclcpp/any_executable.hpp:20[m[K,
[46.403s]                  from [01m[K/opt/ros/humble/include/rclcpp/rclcpp/memory_strategy.hpp:25[m[K,
[46.404s]                  from [01m[K/opt/ros/humble/include/rclcpp/rclcpp/memory_strategies.hpp:18[m[K,
[46.405s]                  from [01m[K/opt/ros/humble/include/rclcpp/rclcpp/executor_options.hpp:20[m[K,
[46.405s]                  from [01m[K/opt/ros/humble/include/rclcpp/rclcpp/executor.hpp:37[m[K,
[46.409s]                  from [01m[K/opt/ros/humble/include/rclcpp/rclcpp/executors/multi_threaded_executor.hpp:25[m[K,
[46.409s]                  from [01m[K/opt/ros/humble/include/rclcpp/rclcpp/executors.hpp:21[m[K,
[46.409s]                  from [01m[K/opt/ros/humble/include/rclcpp/rclcpp/rclcpp.hpp:155[m[K,
[46.409s]                  from [01m[K/opt/ros/humble/include/tf2_ros/tf2_ros/buffer_interface.h:48[m[K,
[46.409s]                  from [01m[K/opt/ros/humble/include/tf2_ros/tf2_ros/buffer.h:42[m[K,
[46.410s]                  from [01m[K/home/x4/ros2_ws/src/zed-ros2-wrapper/zed_components/src/zed_camera/include/sl_types.hpp:18[m[K,
[46.410s]                  from [01m[K/home/x4/ros2_ws/src/zed-ros2-wrapper/zed_components/src/zed_camera/include/zed_camera_component.hpp:24[m[K,
[46.410s]                  from [01m[K/home/x4/ros2_ws/src/zed-ros2-wrapper/zed_components/src/zed_camera/src/zed_camera_component.cpp:15[m[K:
[46.410s] [01m[K/home/x4/ros2_ws/src/zed-ros2-wrapper/zed_components/src/zed_camera/src/zed_camera_component.cpp:4249:21:[m[K [01;35m[Kwarning: [m[Kformat ‘[01m[K%d[m[K’ expects argument of type ‘[01m[Kint[m[K’, but argument 6 has type ‘[01m[Ksize_t[m[K’ {aka ‘[01m[Klong unsigned int[m[K’} [[01;35m[K]8;;https://gcc.gnu.org/onlinedocs/gcc/Warning-Options.html#index-Wformat=-Wformat=]8;;[m[K]
[46.410s]  4249 |       get_logger(), [01;35m[K" * SVO resolution -> %dx%d"[m[K,
[46.410s]       |                     [01;35m[K^~~~~~~~~~~~~~~~~~~~~~~~~~~~[m[K
[46.410s]  4250 |       mZed->getCameraInformation().camera_configuration.resolution.width,
[46.411s]  4251 |       [32m[KmZed->getCameraInformation().camera_configuration.resolution.height[m[K);
[46.411s]       |       [32m[K~~~~~~~~~~~~~~~~~~~~~~~~~~~~~~~~~~~~~~~~~~~~~~~~~~~~~~~~~~~~~~~~~~~[m[K
[46.411s]       |                                                                    [32m[K|[m[K
[46.411s]       |                                                                    [32m[Ksize_t {aka long unsigned int}[m[K
[46.411s] [01m[K/home/x4/ros2_ws/src/zed-ros2-wrapper/zed_components/src/zed_camera/src/zed_camera_component.cpp:4249:47:[m[K [01;36m[Knote: [m[Kformat string is defined here
[46.411s]  4249 |       get_logger(), " * SVO resolution -> %dx[01;36m[K%d[m[K",
[46.411s]       |                                              [01;36m[K~^[m[K
[46.411s]       |                                               [01;36m[K|[m[K
[46.412s]       |                                               [01;36m[Kint[m[K
[46.412s]       |                                              [32m[K%ld[m[K
[118.393s] [ 20%] [32m[1mLinking CXX shared library libzed_camera_one_component.so[0m
[119.472s] [ 60%] Built target zed_camera_one_component
[262.411s] [ 20%] [32m[1mLinking CXX shared library libzed_camera_component.so[0m
[264.058s] [ 50%] Built target zed_camera_component
