[0.182s] Invoking command in '/home/x4/ros2_ws/src/build/agv_proto': CMAKE_PREFIX_PATH=${CMAKE_PREFIX_PATH}:/opt/ros/humble /usr/bin/cmake /home/x4/ros2_ws/src/example_project/agv_proto -DAMENT_CMAKE_SYMLINK_INSTALL=1 -DCMAKE_INSTALL_PREFIX=/home/x4/ros2_ws/src/install/agv_proto
[0.331s] -- Found ament_cmake: 1.3.11 (/opt/ros/humble/share/ament_cmake/cmake)
[0.931s] -- Override CMake install command with custom implementation using symlinks instead of copying resources
[0.952s] -- Found hardware_interface: 2.48.0 (/opt/ros/humble/share/hardware_interface/cmake)
[1.077s] -- Found rosidl_generator_c: 3.1.6 (/opt/ros/humble/share/rosidl_generator_c/cmake)
[1.084s] -- Found rosidl_adapter: 3.1.6 (/opt/ros/humble/share/rosidl_adapter/cmake)
[1.100s] -- Found rosidl_generator_cpp: 3.1.6 (/opt/ros/humble/share/rosidl_generator_cpp/cmake)
[1.160s] -- Using all available rosidl_typesupport_c: rosidl_typesupport_fastrtps_c;rosidl_typesupport_introspection_c
[1.229s] -- Using all available rosidl_typesupport_cpp: rosidl_typesupport_fastrtps_cpp;rosidl_typesupport_introspection_cpp
[1.920s] -- Found rmw_implementation_cmake: 6.1.2 (/opt/ros/humble/share/rmw_implementation_cmake/cmake)
[1.928s] -- Found rmw_fastrtps_cpp: 6.2.7 (/opt/ros/humble/share/rmw_fastrtps_cpp/cmake)
[1.994s] -- Found TinyXML2 via Config file: TinyXML2_DIR-NOTFOUND
[2.048s] -- Found TinyXML2 via Config file: TinyXML2_DIR-NOTFOUND
[2.159s] -- Found TinyXML2 via Config file: TinyXML2_DIR-NOTFOUND
[2.199s] -- Found TinyXML2 via Config file: TinyXML2_DIR-NOTFOUND
[2.289s] -- Using RMW implementation 'rmw_fastrtps_cpp' as default
[2.619s] -- Found ros_odrive_msg: 0.0.0 (/home/x4/ros2_ws/install/ros_odrive_msg/share/ros_odrive_msg/cmake)
[2.658s] -- Found angles: 1.15.0 (/opt/ros/humble/share/angles/cmake)
[2.664s] -- Found nav2_msgs: 1.1.18 (/opt/ros/humble/share/nav2_msgs/cmake)
[2.769s] -- Found rclcpp_action: 16.0.11 (/opt/ros/humble/share/rclcpp_action/cmake)
[2.910s] -- Found ament_lint_auto: 0.12.11 (/opt/ros/humble/share/ament_lint_auto/cmake)
[3.178s] -- Added test 'copyright' to check source files copyright and LICENSE
[3.189s] -- Added test 'cppcheck' to perform static code analysis on C / C++ code
[3.190s] -- Configured cppcheck include dirs: /home/x4/ros2_ws/src/example_project/agv_proto/include;$<BUILD_INTERFACE:/home/x4/ros2_ws/src/example_project/agv_proto/include>
[3.190s] -- Configured cppcheck exclude dirs and/or files: 
[3.199s] -- Added test 'cpplint' to check C / C++ code against the Google style
[3.200s] -- Configured cpplint exclude dirs and/or files: 
[3.200s] -- Added test 'flake8' to check Python code syntax and style conventions
[3.201s] -- Added test 'lint_cmake' to check CMake code style
[3.201s] -- Added test 'pep257' to check Python code against some of the docstring style conventions in PEP 257
[3.208s] -- Added test 'uncrustify' to check C / C++ code style
[3.208s] -- Configured uncrustify additional arguments: 
[3.209s] -- Added test 'xmllint' to check XML markup files
[3.222s] -- Configuring done
[3.829s] -- Generating done
[3.944s] -- Build files have been written to: /home/x4/ros2_ws/src/build/agv_proto
[4.054s] Invoked command in '/home/x4/ros2_ws/src/build/agv_proto' returned '0': CMAKE_PREFIX_PATH=${CMAKE_PREFIX_PATH}:/opt/ros/humble /usr/bin/cmake /home/x4/ros2_ws/src/example_project/agv_proto -DAMENT_CMAKE_SYMLINK_INSTALL=1 -DCMAKE_INSTALL_PREFIX=/home/x4/ros2_ws/src/install/agv_proto
[4.059s] Invoking command in '/home/x4/ros2_ws/src/build/agv_proto': CMAKE_PREFIX_PATH=${CMAKE_PREFIX_PATH}:/opt/ros/humble /usr/bin/cmake --build /home/x4/ros2_ws/src/build/agv_proto -- -j8 -l8
[5.251s] [ 16%] [32mBuilding CXX object CMakeFiles/agv_diff_control.dir/src/robot_hardware_interface_agv.cpp.o[0m
[5.362s] In file included from [01m[K/home/x4/ros2_ws/src/example_project/agv_proto/src/robot_hardware_interface_agv.cpp:15[m[K:
[5.362s] [01m[K/home/x4/ros2_ws/src/example_project/agv_proto/include/agv_proto/robot_hardware_interface_agv.hpp:36:10:[m[K [01;31m[Kfatal error: [m[Khardware_interface/base_interface.hpp: No such file or directory
[5.363s]    36 | #include [01;31m[K"hardware_interface/base_interface.hpp"[m[K
[5.363s]       |          [01;31m[K^~~~~~~~~~~~~~~~~~~~~~~~~~~~~~~~~~~~~~~[m[K
[5.363s] compilation terminated.
[5.375s] gmake[2]: *** [CMakeFiles/agv_diff_control.dir/build.make:76: CMakeFiles/agv_diff_control.dir/src/robot_hardware_interface_agv.cpp.o] Error 1
[5.375s] gmake[1]: *** [CMakeFiles/Makefile2:139: CMakeFiles/agv_diff_control.dir/all] Error 2
[5.376s] gmake: *** [Makefile:146: all] Error 2
[5.389s] Invoked command in '/home/x4/ros2_ws/src/build/agv_proto' returned '2': CMAKE_PREFIX_PATH=${CMAKE_PREFIX_PATH}:/opt/ros/humble /usr/bin/cmake --build /home/x4/ros2_ws/src/build/agv_proto -- -j8 -l8
