[0.361s] Invoking command in '/home/x4/ros2_ws/src/build/multirobot_map_merge': CMAKE_PREFIX_PATH=${CMAKE_PREFIX_PATH}:/opt/ros/humble /usr/bin/cmake /home/x4/ros2_ws/src/m-explore-ros2/map_merge -DAMENT_CMAKE_SYMLINK_INSTALL=1 -DCMAKE_INSTALL_PREFIX=/home/x4/ros2_ws/src/install/multirobot_map_merge
[3.755s] -- Found ament_cmake: 1.3.11 (/opt/ros/humble/share/ament_cmake/cmake)
[3.756s] -- Override CMake install command with custom implementation using symlinks instead of copying resources
[3.756s] -- Found rclcpp: 16.0.11 (/opt/ros/humble/share/rclcpp/cmake)
[3.756s] -- Found rosidl_generator_c: 3.1.6 (/opt/ros/humble/share/rosidl_generator_c/cmake)
[3.756s] -- Found rosidl_adapter: 3.1.6 (/opt/ros/humble/share/rosidl_adapter/cmake)
[3.756s] -- Found rosidl_generator_cpp: 3.1.6 (/opt/ros/humble/share/rosidl_generator_cpp/cmake)
[3.757s] -- Using all available rosidl_typesupport_c: rosidl_typesupport_fastrtps_c;rosidl_typesupport_introspection_c
[3.757s] -- Using all available rosidl_typesupport_cpp: rosidl_typesupport_fastrtps_cpp;rosidl_typesupport_introspection_cpp
[3.757s] -- Found rmw_implementation_cmake: 6.1.2 (/opt/ros/humble/share/rmw_implementation_cmake/cmake)
[3.757s] -- Found rmw_fastrtps_cpp: 6.2.7 (/opt/ros/humble/share/rmw_fastrtps_cpp/cmake)
[3.757s] -- Using RMW implementation 'rmw_fastrtps_cpp' as default
[3.757s] -- Found geometry_msgs: 4.2.4 (/opt/ros/humble/share/geometry_msgs/cmake)
[3.757s] -- Found image_geometry: 3.2.1 (/opt/ros/humble/share/image_geometry/cmake)
[3.757s] -- Found map_msgs: 2.1.0 (/opt/ros/humble/share/map_msgs/cmake)
[3.758s] -- Found tf2_geometry_msgs: 0.25.12 (/opt/ros/humble/share/tf2_geometry_msgs/cmake)
[3.758s] -- Found eigen3_cmake_module: 0.1.1 (/opt/ros/humble/share/eigen3_cmake_module/cmake)
[3.758s] -- Ensuring Eigen3 include directory is part of orocos-kdl CMake target
[3.758s] -- Found ament_lint_auto: 0.12.11 (/opt/ros/humble/share/ament_lint_auto/cmake)
[4.155s] -- Found ament_cmake_gtest: 1.3.11 (/opt/ros/humble/share/ament_cmake_gtest/cmake)
[4.186s] Checking MD5 sum of /home/x4/ros2_ws/src/build/multirobot_map_merge/map00.pgm
[4.258s] /home/x4/ros2_ws/src/build/multirobot_map_merge/map00.pgm: OK
[4.281s] Checking MD5 sum of /home/x4/ros2_ws/src/build/multirobot_map_merge/map05.pgm
[4.350s] /home/x4/ros2_ws/src/build/multirobot_map_merge/map05.pgm: OK
[4.389s] Checking MD5 sum of /home/x4/ros2_ws/src/build/multirobot_map_merge/2011-08-09-12-22-52.pgm
[4.529s] /home/x4/ros2_ws/src/build/multirobot_map_merge/2011-08-09-12-22-52.pgm: OK
[4.543s] Checking MD5 sum of /home/x4/ros2_ws/src/build/multirobot_map_merge/2012-01-28-11-12-01.pgm
[4.744s] /home/x4/ros2_ws/src/build/multirobot_map_merge/2012-01-28-11-12-01.pgm: OK
[4.750s] -- Found gtest sources under '/opt/ros/humble/src/gtest_vendor': C++ tests using 'Google Test' will be built
[4.872s] -- Added test 'cppcheck' to perform static code analysis on C / C++ code
[4.875s] -- Configured cppcheck include dirs: /home/x4/ros2_ws/src/m-explore-ros2/map_merge/include;$<BUILD_INTERFACE:/home/x4/ros2_ws/src/m-explore-ros2/map_merge/include>
[4.876s] -- Configured cppcheck exclude dirs and/or files: 
[4.878s] -- Added test 'flake8' to check Python code syntax and style conventions
[4.890s] -- Added test 'lint_cmake' to check CMake code style
[4.892s] -- Added test 'pep257' to check Python code against some of the docstring style conventions in PEP 257
[4.897s] -- Added test 'uncrustify' to check C / C++ code style
[4.898s] -- Configured uncrustify additional arguments: 
[4.901s] -- Added test 'xmllint' to check XML markup files
[4.917s] -- Configuring done
[5.288s] -- Generating done
[5.335s] -- Build files have been written to: /home/x4/ros2_ws/src/build/multirobot_map_merge
