[0.230s] Invoking command in '/home/x4/ros2_ws/src/build/ros_odrive_msg': CMAKE_PREFIX_PATH=${CMAKE_PREFIX_PATH}:/opt/ros/humble /usr/bin/cmake /home/x4/ros2_ws/src/example_project/ros_odrive_msg -DCMAKE_INSTALL_PREFIX=/home/x4/ros2_ws/src/install/ros_odrive_msg
[3.825s] -- Found rosidl_default_generators: 1.2.0 (/opt/ros/humble/share/rosidl_default_generators/cmake)
[3.825s] -- Found ament_cmake_core: 1.3.11 (/opt/ros/humble/share/ament_cmake_core/cmake)
[3.825s] -- Override CMake install command with custom implementation using symlinks instead of copying resources
[3.825s] -- Using all available rosidl_typesupport_c: rosidl_typesupport_fastrtps_c;rosidl_typesupport_introspection_c
[3.825s] -- Found rosidl_adapter: 3.1.6 (/opt/ros/humble/share/rosidl_adapter/cmake)
[3.825s] -- Using all available rosidl_typesupport_cpp: rosidl_typesupport_fastrtps_cpp;rosidl_typesupport_introspection_cpp
[3.826s] -- Found rmw_cyclonedds_cpp: 1.3.4 (/opt/ros/humble/share/rmw_cyclonedds_cpp/cmake)
[3.826s] -- Found ament_cmake_ros: 0.10.0 (/opt/ros/humble/share/ament_cmake_ros/cmake)
[4.480s] -- Using all available rosidl_typesupport_c: rosidl_typesupport_fastrtps_c;rosidl_typesupport_introspection_c
[5.713s] -- Using all available rosidl_typesupport_cpp: rosidl_typesupport_fastrtps_cpp;rosidl_typesupport_introspection_cpp
[5.834s] -- Found python_cmake_module: 0.10.0 (/opt/ros/humble/share/python_cmake_module/cmake)
[5.962s] -- Using PYTHON_EXECUTABLE: /usr/bin/python3
[5.962s] -- Using PYTHON_INCLUDE_DIRS: /usr/include/python3.10
[5.963s] -- Using PYTHON_LIBRARIES: /usr/lib/aarch64-linux-gnu/libpython3.10.so
[6.011s] -- Found ament_lint_auto: 0.12.11 (/opt/ros/humble/share/ament_lint_auto/cmake)
[6.097s] -- Added test 'lint_cmake' to check CMake code style
[6.101s] -- Added test 'xmllint' to check XML markup files
[6.136s] -- Configuring done
[6.244s] -- Generating done
[6.278s] -- Build files have been written to: /home/x4/ros2_ws/src/build/ros_odrive_msg
