-- Found ament_cmake: 1.3.11 (/opt/ros/humble/share/ament_cmake/cmake)
-- Override CMake install command with custom implementation using symlinks instead of copying resources
-- Configuring done
-- Generating done
-- Build files have been written to: /home/x4/ros2_ws/src/build/tracked_robot_description
-- Install configuration: ""
-- Execute custom install script
-- Symlinking: /home/x4/ros2_ws/src/install/tracked_robot_description/share/tracked_robot_description/urdf/tracked_robot.urdf
-- Symlinking: /home/x4/ros2_ws/src/install/tracked_robot_description/share/tracked_robot_description/urdf/tracked_robot.urdf.xacro
-- Symlinking: /home/x4/ros2_ws/src/install/tracked_robot_description/share/tracked_robot_description/launch/robot_state_publisher.launch.py
-- Symlinking: /home/x4/ros2_ws/src/install/tracked_robot_description/share/ament_index/resource_index/package_run_dependencies/tracked_robot_description
-- Symlinking: /home/x4/ros2_ws/src/install/tracked_robot_description/share/ament_index/resource_index/parent_prefix_path/tracked_robot_description
-- Symlinking: /home/x4/ros2_ws/src/install/tracked_robot_description/share/tracked_robot_description/environment/ament_prefix_path.sh
-- Symlinking: /home/x4/ros2_ws/src/install/tracked_robot_description/share/tracked_robot_description/environment/ament_prefix_path.dsv
-- Symlinking: /home/x4/ros2_ws/src/install/tracked_robot_description/share/tracked_robot_description/environment/path.sh
-- Symlinking: /home/x4/ros2_ws/src/install/tracked_robot_description/share/tracked_robot_description/environment/path.dsv
-- Symlinking: /home/x4/ros2_ws/src/install/tracked_robot_description/share/tracked_robot_description/local_setup.bash
-- Symlinking: /home/x4/ros2_ws/src/install/tracked_robot_description/share/tracked_robot_description/local_setup.sh
-- Symlinking: /home/x4/ros2_ws/src/install/tracked_robot_description/share/tracked_robot_description/local_setup.zsh
-- Symlinking: /home/x4/ros2_ws/src/install/tracked_robot_description/share/tracked_robot_description/local_setup.dsv
-- Symlinking: /home/x4/ros2_ws/src/install/tracked_robot_description/share/tracked_robot_description/package.dsv
-- Symlinking: /home/x4/ros2_ws/src/install/tracked_robot_description/share/ament_index/resource_index/packages/tracked_robot_description
-- Symlinking: /home/x4/ros2_ws/src/install/tracked_robot_description/share/tracked_robot_description/cmake/tracked_robot_descriptionConfig.cmake
-- Symlinking: /home/x4/ros2_ws/src/install/tracked_robot_description/share/tracked_robot_description/cmake/tracked_robot_descriptionConfig-version.cmake
-- Symlinking: /home/x4/ros2_ws/src/install/tracked_robot_description/share/tracked_robot_description/package.xml
