-- The C compiler identification is GNU 11.4.0
-- The CXX compiler identification is GNU 11.4.0
-- Detecting C compiler ABI info
-- Detecting C compiler ABI info - done
-- Check for working C compiler: /usr/bin/cc - skipped
-- Detecting C compile features
-- Detecting C compile features - done
-- Detecting CXX compiler ABI info
-- Detecting CXX compiler ABI info - done
-- Check for working CXX compiler: /usr/bin/c++ - skipped
-- Detecting CXX compile features
-- Detecting CXX compile features - done
-- Found rosidl_default_generators: 1.2.0 (/opt/ros/humble/share/rosidl_default_generators/cmake)
-- Found ament_cmake_core: 1.3.11 (/opt/ros/humble/share/ament_cmake_core/cmake)
-- Found Python3: /usr/bin/python3 (found version "3.10.12") found components: Interpreter 
-- Using all available rosidl_typesupport_c: rosidl_typesupport_fastrtps_c;rosidl_typesupport_introspection_c
-- Found rosidl_adapter: 3.1.6 (/opt/ros/humble/share/rosidl_adapter/cmake)
-- Using all available rosidl_typesupport_cpp: rosidl_typesupport_fastrtps_cpp;rosidl_typesupport_introspection_cpp
-- Found rmw_cyclonedds_cpp: 1.3.4 (/opt/ros/humble/share/rmw_cyclonedds_cpp/cmake)
-- Found ament_cmake_ros: 0.10.0 (/opt/ros/humble/share/ament_cmake_ros/cmake)
-- Using all available rosidl_typesupport_c: rosidl_typesupport_fastrtps_c;rosidl_typesupport_introspection_c
-- Using all available rosidl_typesupport_cpp: rosidl_typesupport_fastrtps_cpp;rosidl_typesupport_introspection_cpp
-- Found PythonInterp: /usr/bin/python3 (found suitable version "3.10.12", minimum required is "3.6") 
-- Found python_cmake_module: 0.10.0 (/opt/ros/humble/share/python_cmake_module/cmake)
-- Found PythonLibs: /usr/lib/aarch64-linux-gnu/libpython3.10.so (found suitable version "3.10.12", minimum required is "3.5") 
-- Using PYTHON_EXECUTABLE: /usr/bin/python3
-- Using PYTHON_INCLUDE_DIRS: /usr/include/python3.10
-- Using PYTHON_LIBRARIES: /usr/lib/aarch64-linux-gnu/libpython3.10.so
-- Found PythonExtra: .so  
-- Found ament_lint_auto: 0.12.11 (/opt/ros/humble/share/ament_lint_auto/cmake)
-- Added test 'lint_cmake' to check CMake code style
-- Added test 'xmllint' to check XML markup files
-- Configuring done
-- Generating done
-- Build files have been written to: /home/x4/ros2_ws/src/build/ros_odrive_msg
[  2%] [34m[1mGenerating C code for ROS interfaces[0m
[  5%] [34m[1mGenerating C++ code for ROS interfaces[0m
[  5%] Built target ament_cmake_python_copy_ros_odrive_msg
running egg_info
creating ros_odrive_msg.egg-info
writing ros_odrive_msg.egg-info/PKG-INFO
writing dependency_links to ros_odrive_msg.egg-info/dependency_links.txt
writing top-level names to ros_odrive_msg.egg-info/top_level.txt
writing manifest file 'ros_odrive_msg.egg-info/SOURCES.txt'
reading manifest file 'ros_odrive_msg.egg-info/SOURCES.txt'
writing manifest file 'ros_odrive_msg.egg-info/SOURCES.txt'
[  5%] Built target ament_cmake_python_build_ros_odrive_msg_egg
[  7%] [32mBuilding C object CMakeFiles/ros_odrive_msg__rosidl_generator_c.dir/rosidl_generator_c/ros_odrive_msg/msg/detail/odrive_msg__functions.c.o[0m
[ 10%] [32mBuilding C object CMakeFiles/ros_odrive_msg__rosidl_generator_c.dir/rosidl_generator_c/ros_odrive_msg/msg/detail/odrive_ctrl__functions.c.o[0m
[ 12%] [32m[1mLinking C shared library libros_odrive_msg__rosidl_generator_c.so[0m
[ 12%] Built target ros_odrive_msg__rosidl_generator_c
[ 15%] [34m[1mGenerating C type support dispatch for ROS interfaces[0m
[ 17%] [34m[1mGenerating C type support for eProsima Fast-RTPS[0m
[ 20%] [34m[1mGenerating C introspection for ROS interfaces[0m
[ 20%] Built target ros_odrive_msg__cpp
[ 23%] [34m[1mGenerating C++ type support for eProsima Fast-RTPS[0m
[ 25%] [34m[1mGenerating C++ introspection for ROS interfaces[0m
[ 28%] [34m[1mGenerating C++ type support dispatch for ROS interfaces[0m
[ 30%] [32mBuilding CXX object CMakeFiles/ros_odrive_msg__rosidl_typesupport_c.dir/rosidl_typesupport_c/ros_odrive_msg/msg/odrive_ctrl__type_support.cpp.o[0m
[ 33%] [32mBuilding CXX object CMakeFiles/ros_odrive_msg__rosidl_typesupport_c.dir/rosidl_typesupport_c/ros_odrive_msg/msg/odrive_msg__type_support.cpp.o[0m
[ 35%] [32mBuilding C object CMakeFiles/ros_odrive_msg__rosidl_typesupport_introspection_c.dir/rosidl_typesupport_introspection_c/ros_odrive_msg/msg/detail/odrive_ctrl__type_support.c.o[0m
[ 38%] [32mBuilding C object CMakeFiles/ros_odrive_msg__rosidl_typesupport_introspection_c.dir/rosidl_typesupport_introspection_c/ros_odrive_msg/msg/detail/odrive_msg__type_support.c.o[0m
[ 41%] [32mBuilding CXX object CMakeFiles/ros_odrive_msg__rosidl_typesupport_fastrtps_c.dir/rosidl_typesupport_fastrtps_c/ros_odrive_msg/msg/detail/odrive_ctrl__type_support_c.cpp.o[0m
[ 43%] [32mBuilding CXX object CMakeFiles/ros_odrive_msg__rosidl_typesupport_fastrtps_c.dir/rosidl_typesupport_fastrtps_c/ros_odrive_msg/msg/detail/odrive_msg__type_support_c.cpp.o[0m
[ 46%] [32m[1mLinking CXX shared library libros_odrive_msg__rosidl_typesupport_c.so[0m
[ 48%] [32m[1mLinking C shared library libros_odrive_msg__rosidl_typesupport_introspection_c.so[0m
[ 51%] [32mBuilding CXX object CMakeFiles/ros_odrive_msg__rosidl_typesupport_fastrtps_cpp.dir/rosidl_typesupport_fastrtps_cpp/ros_odrive_msg/msg/detail/dds_fastrtps/odrive_ctrl__type_support.cpp.o[0m
[ 53%] [32mBuilding CXX object CMakeFiles/ros_odrive_msg__rosidl_typesupport_cpp.dir/rosidl_typesupport_cpp/ros_odrive_msg/msg/odrive_ctrl__type_support.cpp.o[0m
[ 53%] Built target ros_odrive_msg__rosidl_typesupport_introspection_c
[ 53%] Built target ros_odrive_msg__rosidl_typesupport_c
[ 56%] [32mBuilding CXX object CMakeFiles/ros_odrive_msg__rosidl_typesupport_introspection_cpp.dir/rosidl_typesupport_introspection_cpp/ros_odrive_msg/msg/detail/odrive_ctrl__type_support.cpp.o[0m
[ 58%] [32mBuilding CXX object CMakeFiles/ros_odrive_msg__rosidl_typesupport_cpp.dir/rosidl_typesupport_cpp/ros_odrive_msg/msg/odrive_msg__type_support.cpp.o[0m
[ 61%] [32m[1mLinking CXX shared library libros_odrive_msg__rosidl_typesupport_fastrtps_c.so[0m
[ 61%] Built target ros_odrive_msg__rosidl_typesupport_fastrtps_c
[ 64%] [32mBuilding CXX object CMakeFiles/ros_odrive_msg__rosidl_typesupport_introspection_cpp.dir/rosidl_typesupport_introspection_cpp/ros_odrive_msg/msg/detail/odrive_msg__type_support.cpp.o[0m
[ 66%] [32mBuilding CXX object CMakeFiles/ros_odrive_msg__rosidl_typesupport_fastrtps_cpp.dir/rosidl_typesupport_fastrtps_cpp/ros_odrive_msg/msg/detail/dds_fastrtps/odrive_msg__type_support.cpp.o[0m
[ 69%] [32m[1mLinking CXX shared library libros_odrive_msg__rosidl_typesupport_cpp.so[0m
[ 69%] Built target ros_odrive_msg__rosidl_typesupport_cpp
[ 71%] [32m[1mLinking CXX shared library libros_odrive_msg__rosidl_typesupport_introspection_cpp.so[0m
[ 71%] Built target ros_odrive_msg__rosidl_typesupport_introspection_cpp
[ 74%] [32m[1mLinking CXX shared library libros_odrive_msg__rosidl_typesupport_fastrtps_cpp.so[0m
[ 74%] Built target ros_odrive_msg__rosidl_typesupport_fastrtps_cpp
[ 74%] Built target ros_odrive_msg
[ 76%] [34m[1mGenerating Python code for ROS interfaces[0m
[ 76%] Built target ros_odrive_msg__py
[ 79%] [32mBuilding C object CMakeFiles/ros_odrive_msg__rosidl_generator_py.dir/rosidl_generator_py/ros_odrive_msg/msg/_odrive_ctrl_s.c.o[0m
[ 82%] [32mBuilding C object CMakeFiles/ros_odrive_msg__rosidl_generator_py.dir/rosidl_generator_py/ros_odrive_msg/msg/_odrive_msg_s.c.o[0m
[ 84%] [32m[1mLinking C shared library rosidl_generator_py/ros_odrive_msg/libros_odrive_msg__rosidl_generator_py.so[0m
[ 84%] Built target ros_odrive_msg__rosidl_generator_py
[ 87%] [32mBuilding C object CMakeFiles/ros_odrive_msg__rosidl_typesupport_fastrtps_c__pyext.dir/rosidl_generator_py/ros_odrive_msg/_ros_odrive_msg_s.ep.rosidl_typesupport_fastrtps_c.c.o[0m
[ 89%] [32m[1mLinking C shared library rosidl_generator_py/ros_odrive_msg/ros_odrive_msg_s__rosidl_typesupport_fastrtps_c.cpython-310-aarch64-linux-gnu.so[0m
[ 89%] Built target ros_odrive_msg__rosidl_typesupport_fastrtps_c__pyext
[ 92%] [32mBuilding C object CMakeFiles/ros_odrive_msg__rosidl_typesupport_c__pyext.dir/rosidl_generator_py/ros_odrive_msg/_ros_odrive_msg_s.ep.rosidl_typesupport_c.c.o[0m
[ 94%] [32m[1mLinking C shared library rosidl_generator_py/ros_odrive_msg/ros_odrive_msg_s__rosidl_typesupport_c.cpython-310-aarch64-linux-gnu.so[0m
[ 94%] Built target ros_odrive_msg__rosidl_typesupport_c__pyext
[ 97%] [32mBuilding C object CMakeFiles/ros_odrive_msg__rosidl_typesupport_introspection_c__pyext.dir/rosidl_generator_py/ros_odrive_msg/_ros_odrive_msg_s.ep.rosidl_typesupport_introspection_c.c.o[0m
[100%] [32m[1mLinking C shared library rosidl_generator_py/ros_odrive_msg/ros_odrive_msg_s__rosidl_typesupport_introspection_c.cpython-310-aarch64-linux-gnu.so[0m
[100%] Built target ros_odrive_msg__rosidl_typesupport_introspection_c__pyext
-- Install configuration: ""
-- Installing: /home/x4/ros2_ws/src/install/ros_odrive_msg/share/ament_index/resource_index/rosidl_interfaces/ros_odrive_msg
-- Installing: /home/x4/ros2_ws/src/install/ros_odrive_msg/include/ros_odrive_msg/ros_odrive_msg
-- Installing: /home/x4/ros2_ws/src/install/ros_odrive_msg/include/ros_odrive_msg/ros_odrive_msg/msg
-- Installing: /home/x4/ros2_ws/src/install/ros_odrive_msg/include/ros_odrive_msg/ros_odrive_msg/msg/odrive_msg.h
-- Installing: /home/x4/ros2_ws/src/install/ros_odrive_msg/include/ros_odrive_msg/ros_odrive_msg/msg/odrive_ctrl.h
-- Installing: /home/x4/ros2_ws/src/install/ros_odrive_msg/include/ros_odrive_msg/ros_odrive_msg/msg/rosidl_generator_c__visibility_control.h
-- Installing: /home/x4/ros2_ws/src/install/ros_odrive_msg/include/ros_odrive_msg/ros_odrive_msg/msg/detail
-- Installing: /home/x4/ros2_ws/src/install/ros_odrive_msg/include/ros_odrive_msg/ros_odrive_msg/msg/detail/odrive_ctrl__functions.c
-- Installing: /home/x4/ros2_ws/src/install/ros_odrive_msg/include/ros_odrive_msg/ros_odrive_msg/msg/detail/odrive_msg__struct.h
-- Installing: /home/x4/ros2_ws/src/install/ros_odrive_msg/include/ros_odrive_msg/ros_odrive_msg/msg/detail/odrive_ctrl__functions.h
-- Installing: /home/x4/ros2_ws/src/install/ros_odrive_msg/include/ros_odrive_msg/ros_odrive_msg/msg/detail/odrive_msg__functions.c
-- Installing: /home/x4/ros2_ws/src/install/ros_odrive_msg/include/ros_odrive_msg/ros_odrive_msg/msg/detail/odrive_ctrl__struct.h
-- Installing: /home/x4/ros2_ws/src/install/ros_odrive_msg/include/ros_odrive_msg/ros_odrive_msg/msg/detail/odrive_msg__functions.h
-- Installing: /home/x4/ros2_ws/src/install/ros_odrive_msg/include/ros_odrive_msg/ros_odrive_msg/msg/detail/odrive_msg__type_support.h
-- Installing: /home/x4/ros2_ws/src/install/ros_odrive_msg/include/ros_odrive_msg/ros_odrive_msg/msg/detail/odrive_ctrl__type_support.h
-- Installing: /home/x4/ros2_ws/src/install/ros_odrive_msg/share/ros_odrive_msg/environment/library_path.sh
-- Installing: /home/x4/ros2_ws/src/install/ros_odrive_msg/share/ros_odrive_msg/environment/library_path.dsv
-- Installing: /home/x4/ros2_ws/src/install/ros_odrive_msg/lib/libros_odrive_msg__rosidl_generator_c.so
-- Set runtime path of "/home/x4/ros2_ws/src/install/ros_odrive_msg/lib/libros_odrive_msg__rosidl_generator_c.so" to ""
-- Up-to-date: /home/x4/ros2_ws/src/install/ros_odrive_msg/include/ros_odrive_msg/ros_odrive_msg
-- Up-to-date: /home/x4/ros2_ws/src/install/ros_odrive_msg/include/ros_odrive_msg/ros_odrive_msg/msg
-- Up-to-date: /home/x4/ros2_ws/src/install/ros_odrive_msg/include/ros_odrive_msg/ros_odrive_msg/msg/detail
-- Installing: /home/x4/ros2_ws/src/install/ros_odrive_msg/include/ros_odrive_msg/ros_odrive_msg/msg/detail/odrive_ctrl__rosidl_typesupport_fastrtps_c.h
-- Installing: /home/x4/ros2_ws/src/install/ros_odrive_msg/include/ros_odrive_msg/ros_odrive_msg/msg/detail/odrive_msg__rosidl_typesupport_fastrtps_c.h
-- Installing: /home/x4/ros2_ws/src/install/ros_odrive_msg/include/ros_odrive_msg/ros_odrive_msg/msg/rosidl_typesupport_fastrtps_c__visibility_control.h
-- Installing: /home/x4/ros2_ws/src/install/ros_odrive_msg/lib/libros_odrive_msg__rosidl_typesupport_fastrtps_c.so
-- Set runtime path of "/home/x4/ros2_ws/src/install/ros_odrive_msg/lib/libros_odrive_msg__rosidl_typesupport_fastrtps_c.so" to ""
-- Up-to-date: /home/x4/ros2_ws/src/install/ros_odrive_msg/include/ros_odrive_msg/ros_odrive_msg
-- Up-to-date: /home/x4/ros2_ws/src/install/ros_odrive_msg/include/ros_odrive_msg/ros_odrive_msg/msg
-- Installing: /home/x4/ros2_ws/src/install/ros_odrive_msg/include/ros_odrive_msg/ros_odrive_msg/msg/rosidl_typesupport_introspection_c__visibility_control.h
-- Up-to-date: /home/x4/ros2_ws/src/install/ros_odrive_msg/include/ros_odrive_msg/ros_odrive_msg/msg/detail
-- Installing: /home/x4/ros2_ws/src/install/ros_odrive_msg/include/ros_odrive_msg/ros_odrive_msg/msg/detail/odrive_ctrl__type_support.c
-- Installing: /home/x4/ros2_ws/src/install/ros_odrive_msg/include/ros_odrive_msg/ros_odrive_msg/msg/detail/odrive_msg__type_support.c
-- Installing: /home/x4/ros2_ws/src/install/ros_odrive_msg/include/ros_odrive_msg/ros_odrive_msg/msg/detail/odrive_msg__rosidl_typesupport_introspection_c.h
-- Installing: /home/x4/ros2_ws/src/install/ros_odrive_msg/include/ros_odrive_msg/ros_odrive_msg/msg/detail/odrive_ctrl__rosidl_typesupport_introspection_c.h
-- Installing: /home/x4/ros2_ws/src/install/ros_odrive_msg/lib/libros_odrive_msg__rosidl_typesupport_introspection_c.so
-- Set runtime path of "/home/x4/ros2_ws/src/install/ros_odrive_msg/lib/libros_odrive_msg__rosidl_typesupport_introspection_c.so" to ""
-- Installing: /home/x4/ros2_ws/src/install/ros_odrive_msg/lib/libros_odrive_msg__rosidl_typesupport_c.so
-- Set runtime path of "/home/x4/ros2_ws/src/install/ros_odrive_msg/lib/libros_odrive_msg__rosidl_typesupport_c.so" to ""
-- Up-to-date: /home/x4/ros2_ws/src/install/ros_odrive_msg/include/ros_odrive_msg/ros_odrive_msg
-- Up-to-date: /home/x4/ros2_ws/src/install/ros_odrive_msg/include/ros_odrive_msg/ros_odrive_msg/msg
-- Installing: /home/x4/ros2_ws/src/install/ros_odrive_msg/include/ros_odrive_msg/ros_odrive_msg/msg/rosidl_generator_cpp__visibility_control.hpp
-- Up-to-date: /home/x4/ros2_ws/src/install/ros_odrive_msg/include/ros_odrive_msg/ros_odrive_msg/msg/detail
-- Installing: /home/x4/ros2_ws/src/install/ros_odrive_msg/include/ros_odrive_msg/ros_odrive_msg/msg/detail/odrive_ctrl__traits.hpp
-- Installing: /home/x4/ros2_ws/src/install/ros_odrive_msg/include/ros_odrive_msg/ros_odrive_msg/msg/detail/odrive_msg__traits.hpp
-- Installing: /home/x4/ros2_ws/src/install/ros_odrive_msg/include/ros_odrive_msg/ros_odrive_msg/msg/detail/odrive_ctrl__struct.hpp
-- Installing: /home/x4/ros2_ws/src/install/ros_odrive_msg/include/ros_odrive_msg/ros_odrive_msg/msg/detail/odrive_ctrl__type_support.hpp
-- Installing: /home/x4/ros2_ws/src/install/ros_odrive_msg/include/ros_odrive_msg/ros_odrive_msg/msg/detail/odrive_ctrl__builder.hpp
-- Installing: /home/x4/ros2_ws/src/install/ros_odrive_msg/include/ros_odrive_msg/ros_odrive_msg/msg/detail/odrive_msg__struct.hpp
-- Installing: /home/x4/ros2_ws/src/install/ros_odrive_msg/include/ros_odrive_msg/ros_odrive_msg/msg/detail/odrive_msg__builder.hpp
-- Installing: /home/x4/ros2_ws/src/install/ros_odrive_msg/include/ros_odrive_msg/ros_odrive_msg/msg/detail/odrive_msg__type_support.hpp
-- Installing: /home/x4/ros2_ws/src/install/ros_odrive_msg/include/ros_odrive_msg/ros_odrive_msg/msg/odrive_ctrl.hpp
-- Installing: /home/x4/ros2_ws/src/install/ros_odrive_msg/include/ros_odrive_msg/ros_odrive_msg/msg/odrive_msg.hpp
-- Up-to-date: /home/x4/ros2_ws/src/install/ros_odrive_msg/include/ros_odrive_msg/ros_odrive_msg
-- Up-to-date: /home/x4/ros2_ws/src/install/ros_odrive_msg/include/ros_odrive_msg/ros_odrive_msg/msg
-- Up-to-date: /home/x4/ros2_ws/src/install/ros_odrive_msg/include/ros_odrive_msg/ros_odrive_msg/msg/detail
-- Installing: /home/x4/ros2_ws/src/install/ros_odrive_msg/include/ros_odrive_msg/ros_odrive_msg/msg/detail/odrive_msg__rosidl_typesupport_fastrtps_cpp.hpp
-- Installing: /home/x4/ros2_ws/src/install/ros_odrive_msg/include/ros_odrive_msg/ros_odrive_msg/msg/detail/dds_fastrtps
-- Installing: /home/x4/ros2_ws/src/install/ros_odrive_msg/include/ros_odrive_msg/ros_odrive_msg/msg/detail/odrive_ctrl__rosidl_typesupport_fastrtps_cpp.hpp
-- Installing: /home/x4/ros2_ws/src/install/ros_odrive_msg/include/ros_odrive_msg/ros_odrive_msg/msg/rosidl_typesupport_fastrtps_cpp__visibility_control.h
-- Installing: /home/x4/ros2_ws/src/install/ros_odrive_msg/lib/libros_odrive_msg__rosidl_typesupport_fastrtps_cpp.so
-- Set runtime path of "/home/x4/ros2_ws/src/install/ros_odrive_msg/lib/libros_odrive_msg__rosidl_typesupport_fastrtps_cpp.so" to ""
-- Up-to-date: /home/x4/ros2_ws/src/install/ros_odrive_msg/include/ros_odrive_msg/ros_odrive_msg
-- Up-to-date: /home/x4/ros2_ws/src/install/ros_odrive_msg/include/ros_odrive_msg/ros_odrive_msg/msg
-- Up-to-date: /home/x4/ros2_ws/src/install/ros_odrive_msg/include/ros_odrive_msg/ros_odrive_msg/msg/detail
-- Installing: /home/x4/ros2_ws/src/install/ros_odrive_msg/include/ros_odrive_msg/ros_odrive_msg/msg/detail/odrive_ctrl__type_support.cpp
-- Installing: /home/x4/ros2_ws/src/install/ros_odrive_msg/include/ros_odrive_msg/ros_odrive_msg/msg/detail/odrive_msg__rosidl_typesupport_introspection_cpp.hpp
-- Installing: /home/x4/ros2_ws/src/install/ros_odrive_msg/include/ros_odrive_msg/ros_odrive_msg/msg/detail/odrive_ctrl__rosidl_typesupport_introspection_cpp.hpp
-- Installing: /home/x4/ros2_ws/src/install/ros_odrive_msg/include/ros_odrive_msg/ros_odrive_msg/msg/detail/odrive_msg__type_support.cpp
-- Installing: /home/x4/ros2_ws/src/install/ros_odrive_msg/lib/libros_odrive_msg__rosidl_typesupport_introspection_cpp.so
-- Set runtime path of "/home/x4/ros2_ws/src/install/ros_odrive_msg/lib/libros_odrive_msg__rosidl_typesupport_introspection_cpp.so" to ""
-- Installing: /home/x4/ros2_ws/src/install/ros_odrive_msg/lib/libros_odrive_msg__rosidl_typesupport_cpp.so
-- Set runtime path of "/home/x4/ros2_ws/src/install/ros_odrive_msg/lib/libros_odrive_msg__rosidl_typesupport_cpp.so" to ""
-- Installing: /home/x4/ros2_ws/src/install/ros_odrive_msg/share/ros_odrive_msg/environment/pythonpath.sh
-- Installing: /home/x4/ros2_ws/src/install/ros_odrive_msg/share/ros_odrive_msg/environment/pythonpath.dsv
-- Installing: /home/x4/ros2_ws/src/install/ros_odrive_msg/local/lib/python3.10/dist-packages/ros_odrive_msg-0.0.0-py3.10.egg-info
-- Installing: /home/x4/ros2_ws/src/install/ros_odrive_msg/local/lib/python3.10/dist-packages/ros_odrive_msg-0.0.0-py3.10.egg-info/SOURCES.txt
-- Installing: /home/x4/ros2_ws/src/install/ros_odrive_msg/local/lib/python3.10/dist-packages/ros_odrive_msg-0.0.0-py3.10.egg-info/dependency_links.txt
-- Installing: /home/x4/ros2_ws/src/install/ros_odrive_msg/local/lib/python3.10/dist-packages/ros_odrive_msg-0.0.0-py3.10.egg-info/PKG-INFO
-- Installing: /home/x4/ros2_ws/src/install/ros_odrive_msg/local/lib/python3.10/dist-packages/ros_odrive_msg-0.0.0-py3.10.egg-info/top_level.txt
-- Installing: /home/x4/ros2_ws/src/install/ros_odrive_msg/local/lib/python3.10/dist-packages/ros_odrive_msg
-- Installing: /home/x4/ros2_ws/src/install/ros_odrive_msg/local/lib/python3.10/dist-packages/ros_odrive_msg/ros_odrive_msg_s__rosidl_typesupport_fastrtps_c.cpython-310-aarch64-linux-gnu.so
-- Installing: /home/x4/ros2_ws/src/install/ros_odrive_msg/local/lib/python3.10/dist-packages/ros_odrive_msg/msg
-- Installing: /home/x4/ros2_ws/src/install/ros_odrive_msg/local/lib/python3.10/dist-packages/ros_odrive_msg/msg/_odrive_ctrl_s.c
-- Installing: /home/x4/ros2_ws/src/install/ros_odrive_msg/local/lib/python3.10/dist-packages/ros_odrive_msg/msg/_odrive_msg.py
-- Installing: /home/x4/ros2_ws/src/install/ros_odrive_msg/local/lib/python3.10/dist-packages/ros_odrive_msg/msg/_odrive_ctrl.py
-- Installing: /home/x4/ros2_ws/src/install/ros_odrive_msg/local/lib/python3.10/dist-packages/ros_odrive_msg/msg/__init__.py
-- Installing: /home/x4/ros2_ws/src/install/ros_odrive_msg/local/lib/python3.10/dist-packages/ros_odrive_msg/msg/_odrive_msg_s.c
-- Installing: /home/x4/ros2_ws/src/install/ros_odrive_msg/local/lib/python3.10/dist-packages/ros_odrive_msg/_ros_odrive_msg_s.ep.rosidl_typesupport_introspection_c.c
-- Installing: /home/x4/ros2_ws/src/install/ros_odrive_msg/local/lib/python3.10/dist-packages/ros_odrive_msg/libros_odrive_msg__rosidl_generator_py.so
-- Installing: /home/x4/ros2_ws/src/install/ros_odrive_msg/local/lib/python3.10/dist-packages/ros_odrive_msg/__init__.py
-- Installing: /home/x4/ros2_ws/src/install/ros_odrive_msg/local/lib/python3.10/dist-packages/ros_odrive_msg/_ros_odrive_msg_s.ep.rosidl_typesupport_c.c
-- Installing: /home/x4/ros2_ws/src/install/ros_odrive_msg/local/lib/python3.10/dist-packages/ros_odrive_msg/_ros_odrive_msg_s.ep.rosidl_typesupport_fastrtps_c.c
-- Installing: /home/x4/ros2_ws/src/install/ros_odrive_msg/local/lib/python3.10/dist-packages/ros_odrive_msg/ros_odrive_msg_s__rosidl_typesupport_c.cpython-310-aarch64-linux-gnu.so
-- Installing: /home/x4/ros2_ws/src/install/ros_odrive_msg/local/lib/python3.10/dist-packages/ros_odrive_msg/ros_odrive_msg_s__rosidl_typesupport_introspection_c.cpython-310-aarch64-linux-gnu.so
Listing '/home/x4/ros2_ws/src/install/ros_odrive_msg/local/lib/python3.10/dist-packages/ros_odrive_msg'...
Compiling '/home/x4/ros2_ws/src/install/ros_odrive_msg/local/lib/python3.10/dist-packages/ros_odrive_msg/__init__.py'...
Listing '/home/x4/ros2_ws/src/install/ros_odrive_msg/local/lib/python3.10/dist-packages/ros_odrive_msg/msg'...
Compiling '/home/x4/ros2_ws/src/install/ros_odrive_msg/local/lib/python3.10/dist-packages/ros_odrive_msg/msg/__init__.py'...
Compiling '/home/x4/ros2_ws/src/install/ros_odrive_msg/local/lib/python3.10/dist-packages/ros_odrive_msg/msg/_odrive_ctrl.py'...
Compiling '/home/x4/ros2_ws/src/install/ros_odrive_msg/local/lib/python3.10/dist-packages/ros_odrive_msg/msg/_odrive_msg.py'...
-- Installing: /home/x4/ros2_ws/src/install/ros_odrive_msg/local/lib/python3.10/dist-packages/ros_odrive_msg/ros_odrive_msg_s__rosidl_typesupport_fastrtps_c.cpython-310-aarch64-linux-gnu.so
-- Set runtime path of "/home/x4/ros2_ws/src/install/ros_odrive_msg/local/lib/python3.10/dist-packages/ros_odrive_msg/ros_odrive_msg_s__rosidl_typesupport_fastrtps_c.cpython-310-aarch64-linux-gnu.so" to ""
-- Installing: /home/x4/ros2_ws/src/install/ros_odrive_msg/local/lib/python3.10/dist-packages/ros_odrive_msg/ros_odrive_msg_s__rosidl_typesupport_introspection_c.cpython-310-aarch64-linux-gnu.so
-- Set runtime path of "/home/x4/ros2_ws/src/install/ros_odrive_msg/local/lib/python3.10/dist-packages/ros_odrive_msg/ros_odrive_msg_s__rosidl_typesupport_introspection_c.cpython-310-aarch64-linux-gnu.so" to ""
-- Installing: /home/x4/ros2_ws/src/install/ros_odrive_msg/local/lib/python3.10/dist-packages/ros_odrive_msg/ros_odrive_msg_s__rosidl_typesupport_c.cpython-310-aarch64-linux-gnu.so
-- Set runtime path of "/home/x4/ros2_ws/src/install/ros_odrive_msg/local/lib/python3.10/dist-packages/ros_odrive_msg/ros_odrive_msg_s__rosidl_typesupport_c.cpython-310-aarch64-linux-gnu.so" to ""
-- Installing: /home/x4/ros2_ws/src/install/ros_odrive_msg/lib/libros_odrive_msg__rosidl_generator_py.so
-- Set runtime path of "/home/x4/ros2_ws/src/install/ros_odrive_msg/lib/libros_odrive_msg__rosidl_generator_py.so" to ""
-- Installing: /home/x4/ros2_ws/src/install/ros_odrive_msg/share/ros_odrive_msg/msg/OdriveCtrl.idl
-- Installing: /home/x4/ros2_ws/src/install/ros_odrive_msg/share/ros_odrive_msg/msg/OdriveMsg.idl
-- Installing: /home/x4/ros2_ws/src/install/ros_odrive_msg/share/ros_odrive_msg/msg/OdriveCtrl.msg
-- Installing: /home/x4/ros2_ws/src/install/ros_odrive_msg/share/ros_odrive_msg/msg/OdriveMsg.msg
-- Installing: /home/x4/ros2_ws/src/install/ros_odrive_msg/share/ament_index/resource_index/package_run_dependencies/ros_odrive_msg
-- Installing: /home/x4/ros2_ws/src/install/ros_odrive_msg/share/ament_index/resource_index/parent_prefix_path/ros_odrive_msg
-- Installing: /home/x4/ros2_ws/src/install/ros_odrive_msg/share/ros_odrive_msg/environment/ament_prefix_path.sh
-- Installing: /home/x4/ros2_ws/src/install/ros_odrive_msg/share/ros_odrive_msg/environment/ament_prefix_path.dsv
-- Installing: /home/x4/ros2_ws/src/install/ros_odrive_msg/share/ros_odrive_msg/environment/path.sh
-- Installing: /home/x4/ros2_ws/src/install/ros_odrive_msg/share/ros_odrive_msg/environment/path.dsv
-- Installing: /home/x4/ros2_ws/src/install/ros_odrive_msg/share/ros_odrive_msg/local_setup.bash
-- Installing: /home/x4/ros2_ws/src/install/ros_odrive_msg/share/ros_odrive_msg/local_setup.sh
-- Installing: /home/x4/ros2_ws/src/install/ros_odrive_msg/share/ros_odrive_msg/local_setup.zsh
-- Installing: /home/x4/ros2_ws/src/install/ros_odrive_msg/share/ros_odrive_msg/local_setup.dsv
-- Installing: /home/x4/ros2_ws/src/install/ros_odrive_msg/share/ros_odrive_msg/package.dsv
-- Installing: /home/x4/ros2_ws/src/install/ros_odrive_msg/share/ament_index/resource_index/packages/ros_odrive_msg
-- Installing: /home/x4/ros2_ws/src/install/ros_odrive_msg/share/ros_odrive_msg/cmake/export_ros_odrive_msg__rosidl_generator_cExport.cmake
-- Installing: /home/x4/ros2_ws/src/install/ros_odrive_msg/share/ros_odrive_msg/cmake/export_ros_odrive_msg__rosidl_generator_cExport-noconfig.cmake
-- Installing: /home/x4/ros2_ws/src/install/ros_odrive_msg/share/ros_odrive_msg/cmake/export_ros_odrive_msg__rosidl_typesupport_fastrtps_cExport.cmake
-- Installing: /home/x4/ros2_ws/src/install/ros_odrive_msg/share/ros_odrive_msg/cmake/export_ros_odrive_msg__rosidl_typesupport_fastrtps_cExport-noconfig.cmake
-- Installing: /home/x4/ros2_ws/src/install/ros_odrive_msg/share/ros_odrive_msg/cmake/ros_odrive_msg__rosidl_typesupport_introspection_cExport.cmake
-- Installing: /home/x4/ros2_ws/src/install/ros_odrive_msg/share/ros_odrive_msg/cmake/ros_odrive_msg__rosidl_typesupport_introspection_cExport-noconfig.cmake
-- Installing: /home/x4/ros2_ws/src/install/ros_odrive_msg/share/ros_odrive_msg/cmake/ros_odrive_msg__rosidl_typesupport_cExport.cmake
-- Installing: /home/x4/ros2_ws/src/install/ros_odrive_msg/share/ros_odrive_msg/cmake/ros_odrive_msg__rosidl_typesupport_cExport-noconfig.cmake
-- Installing: /home/x4/ros2_ws/src/install/ros_odrive_msg/share/ros_odrive_msg/cmake/export_ros_odrive_msg__rosidl_generator_cppExport.cmake
-- Installing: /home/x4/ros2_ws/src/install/ros_odrive_msg/share/ros_odrive_msg/cmake/export_ros_odrive_msg__rosidl_typesupport_fastrtps_cppExport.cmake
-- Installing: /home/x4/ros2_ws/src/install/ros_odrive_msg/share/ros_odrive_msg/cmake/export_ros_odrive_msg__rosidl_typesupport_fastrtps_cppExport-noconfig.cmake
-- Installing: /home/x4/ros2_ws/src/install/ros_odrive_msg/share/ros_odrive_msg/cmake/ros_odrive_msg__rosidl_typesupport_introspection_cppExport.cmake
-- Installing: /home/x4/ros2_ws/src/install/ros_odrive_msg/share/ros_odrive_msg/cmake/ros_odrive_msg__rosidl_typesupport_introspection_cppExport-noconfig.cmake
-- Installing: /home/x4/ros2_ws/src/install/ros_odrive_msg/share/ros_odrive_msg/cmake/ros_odrive_msg__rosidl_typesupport_cppExport.cmake
-- Installing: /home/x4/ros2_ws/src/install/ros_odrive_msg/share/ros_odrive_msg/cmake/ros_odrive_msg__rosidl_typesupport_cppExport-noconfig.cmake
-- Installing: /home/x4/ros2_ws/src/install/ros_odrive_msg/share/ros_odrive_msg/cmake/export_ros_odrive_msg__rosidl_generator_pyExport.cmake
-- Installing: /home/x4/ros2_ws/src/install/ros_odrive_msg/share/ros_odrive_msg/cmake/export_ros_odrive_msg__rosidl_generator_pyExport-noconfig.cmake
-- Installing: /home/x4/ros2_ws/src/install/ros_odrive_msg/share/ros_odrive_msg/cmake/rosidl_cmake-extras.cmake
-- Installing: /home/x4/ros2_ws/src/install/ros_odrive_msg/share/ros_odrive_msg/cmake/ament_cmake_export_include_directories-extras.cmake
-- Installing: /home/x4/ros2_ws/src/install/ros_odrive_msg/share/ros_odrive_msg/cmake/ament_cmake_export_libraries-extras.cmake
-- Installing: /home/x4/ros2_ws/src/install/ros_odrive_msg/share/ros_odrive_msg/cmake/ament_cmake_export_targets-extras.cmake
-- Installing: /home/x4/ros2_ws/src/install/ros_odrive_msg/share/ros_odrive_msg/cmake/rosidl_cmake_export_typesupport_targets-extras.cmake
-- Installing: /home/x4/ros2_ws/src/install/ros_odrive_msg/share/ros_odrive_msg/cmake/ament_cmake_export_dependencies-extras.cmake
-- Installing: /home/x4/ros2_ws/src/install/ros_odrive_msg/share/ros_odrive_msg/cmake/rosidl_cmake_export_typesupport_libraries-extras.cmake
-- Installing: /home/x4/ros2_ws/src/install/ros_odrive_msg/share/ros_odrive_msg/cmake/ros_odrive_msgConfig.cmake
-- Installing: /home/x4/ros2_ws/src/install/ros_odrive_msg/share/ros_odrive_msg/cmake/ros_odrive_msgConfig-version.cmake
-- Installing: /home/x4/ros2_ws/src/install/ros_odrive_msg/share/ros_odrive_msg/package.xml
