-- Found ament_cmake: 1.3.11 (/opt/ros/humble/share/ament_cmake/cmake)
-- Override CMake install command with custom implementation using symlinks instead of copying resources
-- Found rclcpp: 16.0.11 (/opt/ros/humble/share/rclcpp/cmake)
-- Found rosidl_generator_c: 3.1.6 (/opt/ros/humble/share/rosidl_generator_c/cmake)
-- Found rosidl_adapter: 3.1.6 (/opt/ros/humble/share/rosidl_adapter/cmake)
-- Found rosidl_generator_cpp: 3.1.6 (/opt/ros/humble/share/rosidl_generator_cpp/cmake)
-- Using all available rosidl_typesupport_c: rosidl_typesupport_fastrtps_c;rosidl_typesupport_introspection_c
-- Using all available rosidl_typesupport_cpp: rosidl_typesupport_fastrtps_cpp;rosidl_typesupport_introspection_cpp
-- Found rmw_implementation_cmake: 6.1.2 (/opt/ros/humble/share/rmw_implementation_cmake/cmake)
-- Found rmw_fastrtps_cpp: 6.2.7 (/opt/ros/humble/share/rmw_fastrtps_cpp/cmake)
-- Using RMW implementation 'rmw_fastrtps_cpp' as default
-- Found geometry_msgs: 4.2.4 (/opt/ros/humble/share/geometry_msgs/cmake)
-- Found nav_msgs: 4.2.4 (/opt/ros/humble/share/nav_msgs/cmake)
-- Found tf2: 0.25.12 (/opt/ros/humble/share/tf2/cmake)
-- Found tf2_ros: 0.25.12 (/opt/ros/humble/share/tf2_ros/cmake)
-- Configuring done
-- Generating done
-- Build files have been written to: /home/x4/ros2_ws/src/build/tracked_robot_controller
[35m[1mConsolidate compiler generated dependencies of target cmd_vel_to_tracks[0m
[ 50%] Built target cmd_vel_to_tracks
[35m[1mConsolidate compiler generated dependencies of target track_odometry[0m
[100%] Built target track_odometry
-- Install configuration: ""
-- Execute custom install script
-- Symlinking: /home/x4/ros2_ws/src/install/tracked_robot_controller/lib/tracked_robot_controller/cmd_vel_to_tracks
-- Symlinking: /home/x4/ros2_ws/src/install/tracked_robot_controller/lib/tracked_robot_controller/track_odometry
-- Symlinking: /home/x4/ros2_ws/src/install/tracked_robot_controller/share/ament_index/resource_index/package_run_dependencies/tracked_robot_controller
-- Symlinking: /home/x4/ros2_ws/src/install/tracked_robot_controller/share/ament_index/resource_index/parent_prefix_path/tracked_robot_controller
-- Symlinking: /home/x4/ros2_ws/src/install/tracked_robot_controller/share/tracked_robot_controller/environment/ament_prefix_path.sh
-- Symlinking: /home/x4/ros2_ws/src/install/tracked_robot_controller/share/tracked_robot_controller/environment/ament_prefix_path.dsv
-- Symlinking: /home/x4/ros2_ws/src/install/tracked_robot_controller/share/tracked_robot_controller/environment/path.sh
-- Symlinking: /home/x4/ros2_ws/src/install/tracked_robot_controller/share/tracked_robot_controller/environment/path.dsv
-- Symlinking: /home/x4/ros2_ws/src/install/tracked_robot_controller/share/tracked_robot_controller/local_setup.bash
-- Symlinking: /home/x4/ros2_ws/src/install/tracked_robot_controller/share/tracked_robot_controller/local_setup.sh
-- Symlinking: /home/x4/ros2_ws/src/install/tracked_robot_controller/share/tracked_robot_controller/local_setup.zsh
-- Symlinking: /home/x4/ros2_ws/src/install/tracked_robot_controller/share/tracked_robot_controller/local_setup.dsv
-- Symlinking: /home/x4/ros2_ws/src/install/tracked_robot_controller/share/tracked_robot_controller/package.dsv
-- Symlinking: /home/x4/ros2_ws/src/install/tracked_robot_controller/share/ament_index/resource_index/packages/tracked_robot_controller
-- Symlinking: /home/x4/ros2_ws/src/install/tracked_robot_controller/share/tracked_robot_controller/cmake/tracked_robot_controllerConfig.cmake
-- Symlinking: /home/x4/ros2_ws/src/install/tracked_robot_controller/share/tracked_robot_controller/cmake/tracked_robot_controllerConfig-version.cmake
-- Symlinking: /home/x4/ros2_ws/src/install/tracked_robot_controller/share/tracked_robot_controller/package.xml
