[0.184s] Invoking command in '/home/x4/ros2_ws/src/build/tracked_robot_controller': CMAKE_PREFIX_PATH=${CMAKE_PREFIX_PATH}:/opt/ros/humble /usr/bin/cmake /home/x4/ros2_ws/src/tracked_robot_controller -DCMAKE_INSTALL_PREFIX=/home/x4/ros2_ws/src/install/tracked_robot_controller
[0.412s] -- Found ament_cmake: 1.3.11 (/opt/ros/humble/share/ament_cmake/cmake)
[1.404s] -- Override CMake install command with custom implementation using symlinks instead of copying resources
[1.440s] -- Found rclcpp: 16.0.11 (/opt/ros/humble/share/rclcpp/cmake)
[1.611s] -- Found rosidl_generator_c: 3.1.6 (/opt/ros/humble/share/rosidl_generator_c/cmake)
[1.631s] -- Found rosidl_adapter: 3.1.6 (/opt/ros/humble/share/rosidl_adapter/cmake)
[1.701s] -- Found rosidl_generator_cpp: 3.1.6 (/opt/ros/humble/share/rosidl_generator_cpp/cmake)
[1.813s] -- Using all available rosidl_typesupport_c: rosidl_typesupport_fastrtps_c;rosidl_typesupport_introspection_c
[1.917s] -- Using all available rosidl_typesupport_cpp: rosidl_typesupport_fastrtps_cpp;rosidl_typesupport_introspection_cpp
[2.103s] -- Found rmw_implementation_cmake: 6.1.2 (/opt/ros/humble/share/rmw_implementation_cmake/cmake)
[2.110s] -- Found rmw_fastrtps_cpp: 6.2.7 (/opt/ros/humble/share/rmw_fastrtps_cpp/cmake)
[2.730s] -- Using RMW implementation 'rmw_fastrtps_cpp' as default
[2.899s] -- Found geometry_msgs: 4.2.4 (/opt/ros/humble/share/geometry_msgs/cmake)
[2.949s] -- Found nav_msgs: 4.2.4 (/opt/ros/humble/share/nav_msgs/cmake)
[3.064s] -- Found tf2: 0.25.12 (/opt/ros/humble/share/tf2/cmake)
[3.087s] -- Found tf2_ros: 0.25.12 (/opt/ros/humble/share/tf2_ros/cmake)
[3.864s] -- Configuring done
[4.021s] -- Generating done
[4.088s] -- Build files have been written to: /home/x4/ros2_ws/src/build/tracked_robot_controller
[4.197s] Invoked command in '/home/x4/ros2_ws/src/build/tracked_robot_controller' returned '0': CMAKE_PREFIX_PATH=${CMAKE_PREFIX_PATH}:/opt/ros/humble /usr/bin/cmake /home/x4/ros2_ws/src/tracked_robot_controller -DCMAKE_INSTALL_PREFIX=/home/x4/ros2_ws/src/install/tracked_robot_controller
[4.199s] Invoking command in '/home/x4/ros2_ws/src/build/tracked_robot_controller': CMAKE_PREFIX_PATH=${CMAKE_PREFIX_PATH}:/opt/ros/humble /usr/bin/cmake --build /home/x4/ros2_ws/src/build/tracked_robot_controller -- -j8 -l8
[4.590s] [35m[1mConsolidate compiler generated dependencies of target cmd_vel_to_tracks[0m
[4.744s] [ 50%] Built target cmd_vel_to_tracks
[4.812s] [35m[1mConsolidate compiler generated dependencies of target track_odometry[0m
[4.922s] [100%] Built target track_odometry
[4.991s] Invoked command in '/home/x4/ros2_ws/src/build/tracked_robot_controller' returned '0': CMAKE_PREFIX_PATH=${CMAKE_PREFIX_PATH}:/opt/ros/humble /usr/bin/cmake --build /home/x4/ros2_ws/src/build/tracked_robot_controller -- -j8 -l8
[4.992s] Invoking command in '/home/x4/ros2_ws/src/build/tracked_robot_controller': CMAKE_PREFIX_PATH=${CMAKE_PREFIX_PATH}:/opt/ros/humble /usr/bin/cmake --install /home/x4/ros2_ws/src/build/tracked_robot_controller
[5.310s] -- Install configuration: ""
[5.310s] -- Execute custom install script
[5.310s] -- Symlinking: /home/x4/ros2_ws/src/install/tracked_robot_controller/lib/tracked_robot_controller/cmd_vel_to_tracks
[5.311s] -- Symlinking: /home/x4/ros2_ws/src/install/tracked_robot_controller/lib/tracked_robot_controller/track_odometry
[5.311s] -- Symlinking: /home/x4/ros2_ws/src/install/tracked_robot_controller/share/ament_index/resource_index/package_run_dependencies/tracked_robot_controller
[5.311s] -- Symlinking: /home/x4/ros2_ws/src/install/tracked_robot_controller/share/ament_index/resource_index/parent_prefix_path/tracked_robot_controller
[5.346s] -- Symlinking: /home/x4/ros2_ws/src/install/tracked_robot_controller/share/tracked_robot_controller/environment/ament_prefix_path.sh
[5.415s] -- Symlinking: /home/x4/ros2_ws/src/install/tracked_robot_controller/share/tracked_robot_controller/environment/ament_prefix_path.dsv
[5.454s] -- Symlinking: /home/x4/ros2_ws/src/install/tracked_robot_controller/share/tracked_robot_controller/environment/path.sh
[5.496s] -- Symlinking: /home/x4/ros2_ws/src/install/tracked_robot_controller/share/tracked_robot_controller/environment/path.dsv
[5.564s] -- Symlinking: /home/x4/ros2_ws/src/install/tracked_robot_controller/share/tracked_robot_controller/local_setup.bash
[5.653s] -- Symlinking: /home/x4/ros2_ws/src/install/tracked_robot_controller/share/tracked_robot_controller/local_setup.sh
[5.721s] -- Symlinking: /home/x4/ros2_ws/src/install/tracked_robot_controller/share/tracked_robot_controller/local_setup.zsh
[5.791s] -- Symlinking: /home/x4/ros2_ws/src/install/tracked_robot_controller/share/tracked_robot_controller/local_setup.dsv
[5.849s] -- Symlinking: /home/x4/ros2_ws/src/install/tracked_robot_controller/share/tracked_robot_controller/package.dsv
[5.917s] -- Symlinking: /home/x4/ros2_ws/src/install/tracked_robot_controller/share/ament_index/resource_index/packages/tracked_robot_controller
[5.998s] -- Symlinking: /home/x4/ros2_ws/src/install/tracked_robot_controller/share/tracked_robot_controller/cmake/tracked_robot_controllerConfig.cmake
[6.063s] -- Symlinking: /home/x4/ros2_ws/src/install/tracked_robot_controller/share/tracked_robot_controller/cmake/tracked_robot_controllerConfig-version.cmake
[6.122s] -- Symlinking: /home/x4/ros2_ws/src/install/tracked_robot_controller/share/tracked_robot_controller/package.xml
