[0.189s] Invoking command in '/home/x4/ros2_ws/src/build/zed_components': CMAKE_PREFIX_PATH=${CMAKE_PREFIX_PATH}:/opt/ros/humble /usr/bin/cmake /home/x4/ros2_ws/src/zed-ros2-wrapper/zed_components -DCMAKE_INSTALL_PREFIX=/home/x4/ros2_ws/src/install/zed_components
[0.417s] -- Found CUDA: /usr/local/cuda-12.6 (found suitable version "12.6", minimum required is "12.6") 
[0.728s] -- Found CUDA: /usr/local/cuda-12.6 (found version "12.6") 
[0.739s] -- Found ament_cmake_auto: 1.3.11 (/opt/ros/humble/share/ament_cmake_auto/cmake)
[1.753s] -- Override CMake install command with custom implementation using symlinks instead of copying resources
[2.288s] -- Found rosidl_generator_c: 3.1.6 (/opt/ros/humble/share/rosidl_generator_c/cmake)
[2.296s] -- Found rosidl_adapter: 3.1.6 (/opt/ros/humble/share/rosidl_adapter/cmake)
[2.322s] -- Found rosidl_generator_cpp: 3.1.6 (/opt/ros/humble/share/rosidl_generator_cpp/cmake)
[2.348s] -- Using all available rosidl_typesupport_c: rosidl_typesupport_fastrtps_c;rosidl_typesupport_introspection_c
[2.397s] -- Using all available rosidl_typesupport_cpp: rosidl_typesupport_fastrtps_cpp;rosidl_typesupport_introspection_cpp
[2.844s] -- Found rmw_implementation_cmake: 6.1.2 (/opt/ros/humble/share/rmw_implementation_cmake/cmake)
[2.857s] -- Found rmw_fastrtps_cpp: 6.2.7 (/opt/ros/humble/share/rmw_fastrtps_cpp/cmake)
[3.496s] -- Using RMW implementation 'rmw_fastrtps_cpp' as default
[4.376s] -- Found eigen3_cmake_module: 0.1.1 (/opt/ros/humble/share/eigen3_cmake_module/cmake)
[4.381s] -- Ensuring Eigen3 include directory is part of orocos-kdl CMake target
[5.008s] -- Found ament_lint_auto: 0.12.11 (/opt/ros/humble/share/ament_lint_auto/cmake)
[5.134s] -- Added test 'copyright' to check source files copyright and LICENSE
[5.140s] -- Added test 'cppcheck' to perform static code analysis on C / C++ code
[5.144s] -- Configured cppcheck include dirs: /home/x4/ros2_ws/src/zed-ros2-wrapper/zed_components/src/include;/home/x4/ros2_ws/src/zed-ros2-wrapper/zed_components/src/zed_camera/include;/home/x4/ros2_ws/src/zed-ros2-wrapper/zed_components/src/tools/include
[5.152s] -- Configured cppcheck exclude dirs and/or files: 
[5.153s] -- Added test 'lint_cmake' to check CMake code style
[5.158s] -- Added test 'uncrustify' to check C / C++ code style
[5.158s] -- Configured uncrustify additional arguments: 
[5.159s] -- Added test 'xmllint' to check XML markup files
[5.235s] -- Configuring done
[5.319s] -- Generating done
[5.345s] -- Build files have been written to: /home/x4/ros2_ws/src/build/zed_components
